<?xml version="1.0" encoding="UTF-8"?>
<!-- Generated by org.testng.reporters.JUnitReportReporter -->
<testsuite hostname="c3sicrmqa1" failures="0" tests="296" name="driver.Driver" time="4549.657" errors="0" timestamp="2023-10-16T07:03:43 EDT" skipped="0">
  <testcase classname="driver.Driver" name="executeTestcase" time="0.002"/>
  <testcase classname="driver.Driver" name="executeTestcase" time="0.000"/>
  <testcase classname="driver.Driver" name="executeTestcase" time="0.000"/>
  <testcase classname="driver.Driver" name="executeTestcase" time="0.001"/>
  <testcase classname="driver.Driver" name="executeTestcase" time="0.000"/>
  <testcase classname="driver.Driver" name="executeTestcase" time="0.001"/>
  <testcase classname="driver.Driver" name="executeTestcase" time="0.002"/>
  <testcase classname="driver.Driver" name="executeTestcase" time="0.001"/>
  <testcase classname="driver.Driver" name="executeTestcase" time="0.001"/>
  <testcase classname="driver.Driver" name="executeTestcase" time="0.001"/>
  <testcase classname="driver.Driver" name="executeTestcase" time="0.002"/>
  <testcase classname="driver.Driver" name="executeTestcase" time="0.000"/>
  <testcase classname="driver.Driver" name="executeTestcase" time="0.001"/>
  <testcase classname="driver.Driver" name="executeTestcase" time="0.004"/>
  <testcase classname="driver.Driver" name="executeTestcase" time="0.001"/>
  <testcase classname="driver.Driver" name="executeTestcase" time="0.001"/>
  <testcase classname="driver.Driver" name="executeTestcase" time="0.002"/>
  <testcase classname="driver.Driver" name="executeTestcase" time="0.001"/>
  <testcase classname="driver.Driver" name="executeTestcase" time="0.001"/>
  <testcase classname="driver.Driver" name="executeTestcase" time="0.003"/>
  <testcase classname="driver.Driver" name="executeTestcase" time="256.125"/>
  <testcase classname="driver.Driver" name="executeTestcase" time="0.001"/>
  <testcase classname="driver.Driver" name="executeTestcase" time="235.976"/>
  <testcase classname="driver.Driver" name="executeTestcase" time="0.002"/>
  <testcase classname="driver.Driver" name="executeTestcase" time="0.001"/>
  <testcase classname="driver.Driver" name="executeTestcase" time="0.003"/>
  <testcase classname="driver.Driver" name="executeTestcase" time="0.001"/>
  <testcase classname="driver.Driver" name="executeTestcase" time="0.002"/>
  <testcase classname="driver.Driver" name="executeTestcase" time="0.001"/>
  <testcase classname="driver.Driver" name="executeTestcase" time="0.000"/>
  <testcase classname="driver.Driver" name="executeTestcase" time="0.001"/>
  <testcase classname="driver.Driver" name="executeTestcase" time="0.003"/>
  <testcase classname="driver.Driver" name="executeTestcase" time="0.001"/>
  <testcase classname="driver.Driver" name="executeTestcase" time="263.393"/>
  <testcase classname="driver.Driver" name="executeTestcase" time="0.001"/>
  <testcase classname="driver.Driver" name="executeTestcase" time="0.000"/>
  <testcase classname="driver.Driver" name="executeTestcase" time="0.000"/>
  <testcase classname="driver.Driver" name="executeTestcase" time="0.001"/>
  <testcase classname="driver.Driver" name="executeTestcase" time="0.001"/>
  <testcase classname="driver.Driver" name="executeTestcase" time="0.001"/>
  <testcase classname="driver.Driver" name="executeTestcase" time="0.000"/>
  <testcase classname="driver.Driver" name="executeTestcase" time="0.001"/>
  <testcase classname="driver.Driver" name="executeTestcase" time="0.003"/>
  <testcase classname="driver.Driver" name="executeTestcase" time="0.002"/>
  <testcase classname="driver.Driver" name="executeTestcase" time="0.005"/>
  <testcase classname="driver.Driver" name="executeTestcase" time="0.000"/>
  <testcase classname="driver.Driver" name="executeTestcase" time="0.000"/>
  <testcase classname="driver.Driver" name="executeTestcase" time="0.003"/>
  <testcase classname="driver.Driver" name="executeTestcase" time="0.001"/>
  <testcase classname="driver.Driver" name="executeTestcase" time="0.021"/>
  <testcase classname="driver.Driver" name="executeTestcase" time="0.001"/>
  <testcase classname="driver.Driver" name="executeTestcase" time="0.000"/>
  <testcase classname="driver.Driver" name="executeTestcase" time="0.005"/>
  <testcase classname="driver.Driver" name="executeTestcase" time="0.006"/>
  <testcase classname="driver.Driver" name="executeTestcase" time="0.000"/>
  <testcase classname="driver.Driver" name="executeTestcase" time="0.002"/>
  <testcase classname="driver.Driver" name="executeTestcase" time="0.001"/>
  <testcase classname="driver.Driver" name="executeTestcase" time="0.001"/>
  <testcase classname="driver.Driver" name="executeTestcase" time="0.001"/>
  <testcase classname="driver.Driver" name="executeTestcase" time="0.000"/>
  <testcase classname="driver.Driver" name="executeTestcase" time="0.001"/>
  <testcase classname="driver.Driver" name="executeTestcase" time="0.000"/>
  <testcase classname="driver.Driver" name="executeTestcase" time="0.000"/>
  <testcase classname="driver.Driver" name="executeTestcase" time="341.470"/>
  <testcase classname="driver.Driver" name="executeTestcase" time="0.000"/>
  <testcase classname="driver.Driver" name="executeTestcase" time="0.001"/>
  <testcase classname="driver.Driver" name="executeTestcase" time="0.001"/>
  <testcase classname="driver.Driver" name="executeTestcase" time="334.553"/>
  <testcase classname="driver.Driver" name="executeTestcase" time="0.001"/>
  <testcase classname="driver.Driver" name="executeTestcase" time="0.001"/>
  <testcase classname="driver.Driver" name="executeTestcase" time="0.001"/>
  <testcase classname="driver.Driver" name="executeTestcase" time="0.002"/>
  <testcase classname="driver.Driver" name="executeTestcase" time="0.000"/>
  <testcase classname="driver.Driver" name="executeTestcase" time="0.001"/>
  <testcase classname="driver.Driver" name="executeTestcase" time="0.001"/>
  <testcase classname="driver.Driver" name="executeTestcase" time="0.002"/>
  <testcase classname="driver.Driver" name="executeTestcase" time="0.002"/>
  <testcase classname="driver.Driver" name="executeTestcase" time="0.001"/>
  <testcase classname="driver.Driver" name="executeTestcase" time="0.001"/>
  <testcase classname="driver.Driver" name="executeTestcase" time="0.002"/>
  <testcase classname="driver.Driver" name="executeTestcase" time="0.001"/>
  <testcase classname="driver.Driver" name="executeTestcase" time="0.004"/>
  <testcase classname="driver.Driver" name="executeTestcase" time="0.002"/>
  <testcase classname="driver.Driver" name="executeTestcase" time="0.000"/>
  <testcase classname="driver.Driver" name="executeTestcase" time="0.001"/>
  <testcase classname="driver.Driver" name="executeTestcase" time="0.001"/>
  <testcase classname="driver.Driver" name="executeTestcase" time="0.001"/>
  <testcase classname="driver.Driver" name="executeTestcase" time="1.551"/>
  <testcase classname="driver.Driver" name="executeTestcase" time="0.001"/>
  <testcase classname="driver.Driver" name="executeTestcase" time="0.000"/>
  <testcase classname="driver.Driver" name="executeTestcase" time="1.562"/>
  <testcase classname="driver.Driver" name="executeTestcase" time="0.000"/>
  <testcase classname="driver.Driver" name="executeTestcase" time="0.000"/>
  <testcase classname="driver.Driver" name="executeTestcase" time="0.001"/>
  <testcase classname="driver.Driver" name="executeTestcase" time="0.002"/>
  <testcase classname="driver.Driver" name="executeTestcase" time="1.493"/>
  <testcase classname="driver.Driver" name="executeTestcase" time="1.654"/>
  <testcase classname="driver.Driver" name="executeTestcase" time="0.004"/>
  <testcase classname="driver.Driver" name="executeTestcase" time="0.002"/>
  <testcase classname="driver.Driver" name="executeTestcase" time="0.004"/>
  <testcase classname="driver.Driver" name="executeTestcase" time="0.001"/>
  <testcase classname="driver.Driver" name="executeTestcase" time="0.001"/>
  <testcase classname="driver.Driver" name="executeTestcase" time="0.000"/>
  <testcase classname="driver.Driver" name="executeTestcase" time="0.000"/>
  <testcase classname="driver.Driver" name="executeTestcase" time="0.002"/>
  <testcase classname="driver.Driver" name="executeTestcase" time="0.000"/>
  <testcase classname="driver.Driver" name="executeTestcase" time="0.001"/>
  <testcase classname="driver.Driver" name="executeTestcase" time="0.000"/>
  <testcase classname="driver.Driver" name="executeTestcase" time="0.004"/>
  <testcase classname="driver.Driver" name="executeTestcase" time="0.001"/>
  <testcase classname="driver.Driver" name="executeTestcase" time="0.001"/>
  <testcase classname="driver.Driver" name="executeTestcase" time="0.001"/>
  <testcase classname="driver.Driver" name="executeTestcase" time="0.001"/>
  <testcase classname="driver.Driver" name="executeTestcase" time="1.682"/>
  <testcase classname="driver.Driver" name="executeTestcase" time="0.000"/>
  <testcase classname="driver.Driver" name="executeTestcase" time="0.001"/>
  <testcase classname="driver.Driver" name="executeTestcase" time="0.003"/>
  <testcase classname="driver.Driver" name="executeTestcase" time="0.001"/>
  <testcase classname="driver.Driver" name="executeTestcase" time="0.003"/>
  <testcase classname="driver.Driver" name="executeTestcase" time="0.002"/>
  <testcase classname="driver.Driver" name="executeTestcase" time="0.001"/>
  <testcase classname="driver.Driver" name="executeTestcase" time="0.000"/>
  <testcase classname="driver.Driver" name="executeTestcase" time="350.594"/>
  <testcase classname="driver.Driver" name="executeTestcase" time="0.001"/>
  <testcase classname="driver.Driver" name="executeTestcase" time="2.307"/>
  <testcase classname="driver.Driver" name="executeTestcase" time="0.001"/>
  <testcase classname="driver.Driver" name="executeTestcase" time="0.000"/>
  <testcase classname="driver.Driver" name="executeTestcase" time="0.001"/>
  <testcase classname="driver.Driver" name="executeTestcase" time="0.001"/>
  <testcase classname="driver.Driver" name="executeTestcase" time="0.004"/>
  <testcase classname="driver.Driver" name="executeTestcase" time="0.002"/>
  <testcase classname="driver.Driver" name="executeTestcase" time="0.001"/>
  <testcase classname="driver.Driver" name="executeTestcase" time="319.167"/>
  <testcase classname="driver.Driver" name="executeTestcase" time="0.002"/>
  <testcase classname="driver.Driver" name="executeTestcase" time="0.002"/>
  <testcase classname="driver.Driver" name="executeTestcase" time="0.000"/>
  <testcase classname="driver.Driver" name="executeTestcase" time="0.003"/>
  <testcase classname="driver.Driver" name="executeTestcase" time="0.001"/>
  <testcase classname="driver.Driver" name="executeTestcase" time="0.000"/>
  <testcase classname="driver.Driver" name="executeTestcase" time="0.001"/>
  <testcase classname="driver.Driver" name="executeTestcase" time="333.531"/>
  <testcase classname="driver.Driver" name="executeTestcase" time="1.684"/>
  <testcase classname="driver.Driver" name="executeTestcase" time="0.002"/>
  <testcase classname="driver.Driver" name="executeTestcase" time="0.002"/>
  <testcase classname="driver.Driver" name="executeTestcase" time="0.001"/>
  <testcase classname="driver.Driver" name="executeTestcase" time="0.001"/>
  <testcase classname="driver.Driver" name="executeTestcase" time="0.003"/>
  <testcase classname="driver.Driver" name="executeTestcase" time="0.001"/>
  <testcase classname="driver.Driver" name="executeTestcase" time="0.002"/>
  <testcase classname="driver.Driver" name="executeTestcase" time="0.001"/>
  <testcase classname="driver.Driver" name="executeTestcase" time="0.002"/>
  <testcase classname="driver.Driver" name="executeTestcase" time="0.002"/>
  <testcase classname="driver.Driver" name="executeTestcase" time="0.002"/>
  <testcase classname="driver.Driver" name="executeTestcase" time="0.001"/>
  <testcase classname="driver.Driver" name="executeTestcase" time="1.571"/>
  <testcase classname="driver.Driver" name="executeTestcase" time="0.000"/>
  <testcase classname="driver.Driver" name="executeTestcase" time="0.001"/>
  <testcase classname="driver.Driver" name="executeTestcase" time="0.001"/>
  <testcase classname="driver.Driver" name="executeTestcase" time="0.003"/>
  <testcase classname="driver.Driver" name="executeTestcase" time="0.001"/>
  <testcase classname="driver.Driver" name="executeTestcase" time="0.002"/>
  <testcase classname="driver.Driver" name="executeTestcase" time="0.002"/>
  <testcase classname="driver.Driver" name="executeTestcase" time="0.002"/>
  <testcase classname="driver.Driver" name="executeTestcase" time="0.001"/>
  <testcase classname="driver.Driver" name="executeTestcase" time="0.001"/>
  <testcase classname="driver.Driver" name="executeTestcase" time="0.000"/>
  <testcase classname="driver.Driver" name="executeTestcase" time="0.002"/>
  <testcase classname="driver.Driver" name="executeTestcase" time="0.012"/>
  <testcase classname="driver.Driver" name="executeTestcase" time="0.002"/>
  <testcase classname="driver.Driver" name="executeTestcase" time="0.002"/>
  <testcase classname="driver.Driver" name="executeTestcase" time="0.000"/>
  <testcase classname="driver.Driver" name="executeTestcase" time="0.000"/>
  <testcase classname="driver.Driver" name="executeTestcase" time="0.002"/>
  <testcase classname="driver.Driver" name="executeTestcase" time="0.001"/>
  <testcase classname="driver.Driver" name="executeTestcase" time="0.001"/>
  <testcase classname="driver.Driver" name="executeTestcase" time="0.001"/>
  <testcase classname="driver.Driver" name="executeTestcase" time="0.015"/>
  <testcase classname="driver.Driver" name="executeTestcase" time="0.001"/>
  <testcase classname="driver.Driver" name="executeTestcase" time="0.001"/>
  <testcase classname="driver.Driver" name="executeTestcase" time="0.002"/>
  <testcase classname="driver.Driver" name="executeTestcase" time="0.002"/>
  <testcase classname="driver.Driver" name="executeTestcase" time="0.002"/>
  <testcase classname="driver.Driver" name="executeTestcase" time="0.001"/>
  <testcase classname="driver.Driver" name="executeTestcase" time="0.000"/>
  <testcase classname="driver.Driver" name="executeTestcase" time="0.000"/>
  <testcase classname="driver.Driver" name="executeTestcase" time="0.001"/>
  <testcase classname="driver.Driver" name="executeTestcase" time="0.001"/>
  <testcase classname="driver.Driver" name="executeTestcase" time="0.002"/>
  <testcase classname="driver.Driver" name="executeTestcase" time="0.000"/>
  <testcase classname="driver.Driver" name="executeTestcase" time="0.001"/>
  <testcase classname="driver.Driver" name="executeTestcase" time="0.001"/>
  <testcase classname="driver.Driver" name="executeTestcase" time="0.002"/>
  <testcase classname="driver.Driver" name="executeTestcase" time="0.001"/>
  <testcase classname="driver.Driver" name="executeTestcase" time="0.015"/>
  <testcase classname="driver.Driver" name="executeTestcase" time="0.000"/>
  <testcase classname="driver.Driver" name="executeTestcase" time="0.001"/>
  <testcase classname="driver.Driver" name="executeTestcase" time="0.001"/>
  <testcase classname="driver.Driver" name="executeTestcase" time="0.001"/>
  <testcase classname="driver.Driver" name="executeTestcase" time="0.000"/>
  <testcase classname="driver.Driver" name="executeTestcase" time="0.002"/>
  <testcase classname="driver.Driver" name="executeTestcase" time="0.006"/>
  <testcase classname="driver.Driver" name="executeTestcase" time="0.003"/>
  <testcase classname="driver.Driver" name="executeTestcase" time="0.000"/>
  <testcase classname="driver.Driver" name="executeTestcase" time="0.000"/>
  <testcase classname="driver.Driver" name="executeTestcase" time="0.002"/>
  <testcase classname="driver.Driver" name="executeTestcase" time="0.001"/>
  <testcase classname="driver.Driver" name="executeTestcase" time="0.002"/>
  <testcase classname="driver.Driver" name="executeTestcase" time="0.000"/>
  <testcase classname="driver.Driver" name="executeTestcase" time="0.000"/>
  <testcase classname="driver.Driver" name="executeTestcase" time="0.002"/>
  <testcase classname="driver.Driver" name="executeTestcase" time="0.001"/>
  <testcase classname="driver.Driver" name="executeTestcase" time="0.001"/>
  <testcase classname="driver.Driver" name="executeTestcase" time="0.006"/>
  <testcase classname="driver.Driver" name="executeTestcase" time="0.002"/>
  <testcase classname="driver.Driver" name="executeTestcase" time="1.679"/>
  <testcase classname="driver.Driver" name="executeTestcase" time="0.001"/>
  <testcase classname="driver.Driver" name="executeTestcase" time="0.001"/>
  <testcase classname="driver.Driver" name="executeTestcase" time="0.000"/>
  <testcase classname="driver.Driver" name="executeTestcase" time="0.000"/>
  <testcase classname="driver.Driver" name="executeTestcase" time="0.000"/>
  <testcase classname="driver.Driver" name="executeTestcase" time="0.001"/>
  <testcase classname="driver.Driver" name="executeTestcase" time="310.557"/>
  <testcase classname="driver.Driver" name="executeTestcase" time="0.002"/>
  <testcase classname="driver.Driver" name="executeTestcase" time="0.003"/>
  <testcase classname="driver.Driver" name="executeTestcase" time="1.616"/>
  <testcase classname="driver.Driver" name="executeTestcase" time="0.019"/>
  <testcase classname="driver.Driver" name="executeTestcase" time="0.001"/>
  <testcase classname="driver.Driver" name="executeTestcase" time="217.311"/>
  <testcase classname="driver.Driver" name="executeTestcase" time="0.001"/>
  <testcase classname="driver.Driver" name="executeTestcase" time="0.002"/>
  <testcase classname="driver.Driver" name="executeTestcase" time="0.002"/>
  <testcase classname="driver.Driver" name="executeTestcase" time="0.000"/>
  <testcase classname="driver.Driver" name="executeTestcase" time="0.057"/>
  <testcase classname="driver.Driver" name="executeTestcase" time="0.001"/>
  <testcase classname="driver.Driver" name="executeTestcase" time="269.864"/>
  <testcase classname="driver.Driver" name="executeTestcase" time="0.001"/>
  <testcase classname="driver.Driver" name="executeTestcase" time="0.004"/>
  <testcase classname="driver.Driver" name="executeTestcase" time="0.002"/>
  <testcase classname="driver.Driver" name="executeTestcase" time="0.002"/>
  <testcase classname="driver.Driver" name="executeTestcase" time="0.001"/>
  <testcase classname="driver.Driver" name="executeTestcase" time="0.000"/>
  <testcase classname="driver.Driver" name="executeTestcase" time="0.001"/>
  <testcase classname="driver.Driver" name="executeTestcase" time="0.002"/>
  <testcase classname="driver.Driver" name="executeTestcase" time="0.001"/>
  <testcase classname="driver.Driver" name="executeTestcase" time="0.001"/>
  <testcase classname="driver.Driver" name="executeTestcase" time="340.019"/>
  <testcase classname="driver.Driver" name="executeTestcase" time="0.000"/>
  <testcase classname="driver.Driver" name="executeTestcase" time="0.000"/>
  <testcase classname="driver.Driver" name="executeTestcase" time="0.001"/>
  <testcase classname="driver.Driver" name="executeTestcase" time="0.000"/>
  <testcase classname="driver.Driver" name="executeTestcase" time="0.004"/>
  <testcase classname="driver.Driver" name="executeTestcase" time="0.001"/>
  <testcase classname="driver.Driver" name="executeTestcase" time="1.542"/>
  <testcase classname="driver.Driver" name="executeTestcase" time="0.001"/>
  <testcase classname="driver.Driver" name="executeTestcase" time="0.000"/>
  <testcase classname="driver.Driver" name="executeTestcase" time="0.001"/>
  <testcase classname="driver.Driver" name="executeTestcase" time="4.595"/>
  <testcase classname="driver.Driver" name="executeTestcase" time="0.001"/>
  <testcase classname="driver.Driver" name="executeTestcase" time="0.001"/>
  <testcase classname="driver.Driver" name="executeTestcase" time="0.000"/>
  <testcase classname="driver.Driver" name="executeTestcase" time="0.001"/>
  <testcase classname="driver.Driver" name="executeTestcase" time="311.799"/>
  <testcase classname="driver.Driver" name="executeTestcase" time="0.000"/>
  <testcase classname="driver.Driver" name="executeTestcase" time="343.384"/>
  <testcase classname="driver.Driver" name="executeTestcase" time="0.000"/>
  <testcase classname="driver.Driver" name="executeTestcase" time="0.001"/>
  <testcase classname="driver.Driver" name="executeTestcase" time="0.000"/>
  <testcase classname="driver.Driver" name="executeTestcase" time="0.003"/>
  <testcase classname="driver.Driver" name="executeTestcase" time="0.001"/>
  <testcase classname="driver.Driver" name="executeTestcase" time="0.002"/>
  <testcase classname="driver.Driver" name="executeTestcase" time="0.000"/>
  <testcase classname="driver.Driver" name="executeTestcase" time="0.001"/>
  <testcase classname="driver.Driver" name="executeTestcase" time="0.001"/>
  <testcase classname="driver.Driver" name="executeTestcase" time="0.000"/>
  <testcase classname="driver.Driver" name="executeTestcase" time="0.000"/>
  <testcase classname="driver.Driver" name="executeTestcase" time="0.002"/>
  <testcase classname="driver.Driver" name="executeTestcase" time="0.003"/>
  <testcase classname="driver.Driver" name="executeTestcase" time="0.001"/>
  <testcase classname="driver.Driver" name="executeTestcase" time="0.004"/>
  <testcase classname="driver.Driver" name="executeTestcase" time="0.001"/>
  <testcase classname="driver.Driver" name="executeTestcase" time="0.002"/>
  <testcase classname="driver.Driver" name="executeTestcase" time="0.001"/>
  <testcase classname="driver.Driver" name="executeTestcase" time="1.639"/>
  <testcase classname="driver.Driver" name="executeTestcase" time="0.001"/>
  <testcase classname="driver.Driver" name="executeTestcase" time="0.004"/>
  <testcase classname="driver.Driver" name="executeTestcase" time="0.001"/>
  <testcase classname="driver.Driver" name="executeTestcase" time="0.000"/>
  <testcase classname="driver.Driver" name="executeTestcase" time="296.863"/>
  <testcase classname="driver.Driver" name="executeTestcase" time="0.002"/>
  <testcase classname="driver.Driver" name="executeTestcase" time="0.001"/>
  <testcase classname="driver.Driver" name="executeTestcase" time="0.001"/>
  <testcase classname="driver.Driver" name="executeTestcase" time="0.003"/>
  <testcase classname="driver.Driver" name="executeTestcase" time="0.001"/>
  <testcase classname="driver.Driver" name="executeTestcase" time="0.000"/>
  <testcase classname="driver.Driver" name="executeTestcase" time="0.001"/>
  <testcase classname="driver.Driver" name="executeTestcase" time="0.001"/>
</testsuite> <!-- driver.Driver -->
