<?xml version="1.0" encoding="UTF-8"?>
<!-- Generated by org.testng.reporters.JUnitReportReporter -->
<testsuite hostname="Z3P5PUGDEV0059" failures="0" tests="326" name="driver.Driver" time="3205.622" errors="2" timestamp="2023-11-06T11:31:51 IST" skipped="0">
  <testcase classname="driver.Driver" name="executeTestcase" time="0.000"/>
  <testcase classname="driver.Driver" name="executeTestcase" time="0.000"/>
  <testcase classname="driver.Driver" name="executeTestcase" time="0.000"/>
  <testcase classname="driver.Driver" name="executeTestcase" time="0.000"/>
  <testcase classname="driver.Driver" name="executeTestcase" time="0.000"/>
  <testcase classname="driver.Driver" name="executeTestcase" time="0.000"/>
  <testcase classname="driver.Driver" name="executeTestcase" time="0.000"/>
  <testcase classname="driver.Driver" name="executeTestcase" time="0.000"/>
  <testcase classname="driver.Driver" name="executeTestcase" time="0.014"/>
  <testcase classname="driver.Driver" name="executeTestcase" time="0.000"/>
  <testcase classname="driver.Driver" name="executeTestcase" time="0.000"/>
  <testcase classname="driver.Driver" name="executeTestcase" time="0.000"/>
  <testcase classname="driver.Driver" name="executeTestcase" time="0.000"/>
  <testcase classname="driver.Driver" name="executeTestcase" time="0.000"/>
  <testcase classname="driver.Driver" name="executeTestcase" time="0.000"/>
  <testcase classname="driver.Driver" name="executeTestcase" time="0.000"/>
  <testcase classname="driver.Driver" name="executeTestcase" time="0.000"/>
  <testcase classname="driver.Driver" name="executeTestcase" time="0.000"/>
  <testcase classname="driver.Driver" name="executeTestcase" time="0.000"/>
  <testcase classname="driver.Driver" name="executeTestcase" time="0.000"/>
  <testcase classname="driver.Driver" name="executeTestcase" time="0.000"/>
  <testcase classname="driver.Driver" name="executeTestcase" time="0.000"/>
  <testcase classname="driver.Driver" name="executeTestcase" time="0.015"/>
  <testcase classname="driver.Driver" name="executeTestcase" time="0.000"/>
  <testcase classname="driver.Driver" name="executeTestcase" time="0.001"/>
  <testcase classname="driver.Driver" name="executeTestcase" time="0.000"/>
  <testcase classname="driver.Driver" name="executeTestcase" time="0.000"/>
  <testcase classname="driver.Driver" name="executeTestcase" time="0.001"/>
  <testcase classname="driver.Driver" name="executeTestcase" time="0.001"/>
  <testcase classname="driver.Driver" name="executeTestcase" time="0.000"/>
  <testcase classname="driver.Driver" name="executeTestcase" time="0.000"/>
  <testcase classname="driver.Driver" name="executeTestcase" time="0.000"/>
  <testcase classname="driver.Driver" name="executeTestcase" time="0.000"/>
  <testcase classname="driver.Driver" name="executeTestcase" time="0.000"/>
  <testcase classname="driver.Driver" name="executeTestcase" time="0.000"/>
  <testcase classname="driver.Driver" name="executeTestcase" time="0.000"/>
  <testcase classname="driver.Driver" name="executeTestcase" time="0.004"/>
  <testcase classname="driver.Driver" name="executeTestcase" time="0.000"/>
  <testcase classname="driver.Driver" name="executeTestcase" time="0.001"/>
  <testcase classname="driver.Driver" name="executeTestcase" time="0.000"/>
  <testcase classname="driver.Driver" name="executeTestcase" time="0.000"/>
  <testcase classname="driver.Driver" name="executeTestcase" time="0.000"/>
  <testcase classname="driver.Driver" name="executeTestcase" time="0.000"/>
  <testcase classname="driver.Driver" name="executeTestcase" time="0.000"/>
  <testcase classname="driver.Driver" name="executeTestcase" time="0.000"/>
  <testcase classname="driver.Driver" name="executeTestcase" time="0.000"/>
  <testcase classname="driver.Driver" name="executeTestcase" time="0.000"/>
  <testcase classname="driver.Driver" name="executeTestcase" time="0.016"/>
  <testcase classname="driver.Driver" name="executeTestcase" time="0.000"/>
  <testcase classname="driver.Driver" name="executeTestcase" time="0.000"/>
  <testcase classname="driver.Driver" name="executeTestcase" time="0.000"/>
  <testcase classname="driver.Driver" name="executeTestcase" time="0.000"/>
  <testcase classname="driver.Driver" name="executeTestcase" time="0.000"/>
  <testcase classname="driver.Driver" name="executeTestcase" time="0.013"/>
  <testcase classname="driver.Driver" name="executeTestcase" time="0.000"/>
  <testcase classname="driver.Driver" name="executeTestcase" time="0.000"/>
  <testcase classname="driver.Driver" name="executeTestcase" time="0.000"/>
  <testcase classname="driver.Driver" name="executeTestcase" time="0.000"/>
  <testcase classname="driver.Driver" name="executeTestcase" time="0.000"/>
  <testcase classname="driver.Driver" name="executeTestcase" time="0.000"/>
  <testcase classname="driver.Driver" name="executeTestcase" time="0.001"/>
  <testcase classname="driver.Driver" name="executeTestcase" time="0.001"/>
  <testcase classname="driver.Driver" name="executeTestcase" time="0.000"/>
  <testcase classname="driver.Driver" name="executeTestcase" time="0.000"/>
  <testcase classname="driver.Driver" name="executeTestcase" time="0.016"/>
  <testcase classname="driver.Driver" name="executeTestcase" time="0.000"/>
  <testcase classname="driver.Driver" name="executeTestcase" time="0.000"/>
  <testcase classname="driver.Driver" name="executeTestcase" time="0.000"/>
  <testcase classname="driver.Driver" name="executeTestcase" time="0.000"/>
  <testcase classname="driver.Driver" name="executeTestcase" time="0.001"/>
  <testcase classname="driver.Driver" name="executeTestcase" time="0.000"/>
  <testcase classname="driver.Driver" name="executeTestcase" time="0.000"/>
  <testcase classname="driver.Driver" name="executeTestcase" time="0.000"/>
  <testcase classname="driver.Driver" name="executeTestcase" time="0.001"/>
  <testcase classname="driver.Driver" name="executeTestcase" time="0.000"/>
  <testcase classname="driver.Driver" name="executeTestcase" time="0.000"/>
  <testcase classname="driver.Driver" name="executeTestcase" time="0.000"/>
  <testcase classname="driver.Driver" name="executeTestcase" time="0.000"/>
  <testcase classname="driver.Driver" name="executeTestcase" time="0.000"/>
  <testcase classname="driver.Driver" name="executeTestcase" time="0.000"/>
  <testcase classname="driver.Driver" name="executeTestcase" time="0.000"/>
  <testcase classname="driver.Driver" name="executeTestcase" time="0.000"/>
  <testcase classname="driver.Driver" name="executeTestcase" time="1118.381">
    <error type="java.lang.reflect.InvocationTargetException">
      <![CDATA[java.lang.reflect.InvocationTargetException
at java.base/jdk.internal.reflect.DirectMethodHandleAccessor.invoke(DirectMethodHandleAccessor.java:119)
at java.base/java.lang.reflect.Method.invoke(Method.java:578)
at driver.Driver.executeTestcase(Driver.java:217)
at java.base/jdk.internal.reflect.DirectMethodHandleAccessor.invoke(DirectMethodHandleAccessor.java:104)
at java.base/java.lang.reflect.Method.invoke(Method.java:578)
at org.testng.internal.invokers.MethodInvocationHelper.invokeMethod(MethodInvocationHelper.java:139)
at org.testng.internal.invokers.TestInvoker.invokeMethod(TestInvoker.java:664)
at org.testng.internal.invokers.TestInvoker.invokeTestMethod(TestInvoker.java:227)
at org.testng.internal.invokers.MethodRunner.runInSequence(MethodRunner.java:50)
at org.testng.internal.invokers.TestInvoker$MethodInvocationAgent.invoke(TestInvoker.java:957)
at org.testng.internal.invokers.TestInvoker.invokeTestMethods(TestInvoker.java:200)
at org.testng.internal.invokers.TestMethodWorker.invokeTestMethods(TestMethodWorker.java:148)
at org.testng.internal.invokers.TestMethodWorker.run(TestMethodWorker.java:128)
at java.base/java.util.ArrayList.forEach(ArrayList.java:1511)
at org.testng.TestRunner.privateRun(TestRunner.java:848)
at org.testng.TestRunner.run(TestRunner.java:621)
at org.testng.SuiteRunner.runTest(SuiteRunner.java:443)
at org.testng.SuiteRunner.runSequentially(SuiteRunner.java:437)
at org.testng.SuiteRunner.privateRun(SuiteRunner.java:397)
at org.testng.SuiteRunner.run(SuiteRunner.java:336)
at org.testng.SuiteRunnerWorker.runSuite(SuiteRunnerWorker.java:52)
at org.testng.SuiteRunnerWorker.run(SuiteRunnerWorker.java:95)
at org.testng.TestNG.runSuitesSequentially(TestNG.java:1280)
at org.testng.TestNG.runSuitesLocally(TestNG.java:1200)
at org.testng.TestNG.runSuites(TestNG.java:1114)
at org.testng.TestNG.run(TestNG.java:1082)
at org.testng.remote.AbstractRemoteTestNG.run(AbstractRemoteTestNG.java:115)
at org.testng.remote.RemoteTestNG.initAndRun(RemoteTestNG.java:251)
at org.testng.remote.RemoteTestNG.main(RemoteTestNG.java:77)
Caused by: org.openqa.selenium.TimeoutException: Expected condition failed: waiting for element to be clickable: By.xpath: //li[@title='SYSTEM'] (tried for 160 second(s) with 500 milliseconds interval)
Build info: version: '4.11.0', revision: '040bc5406b'
System info: os.name: 'Windows 11', os.arch: 'amd64', os.version: '10.0', java.version: '19'
Driver info: org.openqa.selenium.chrome.ChromeDriver
Capabilities {acceptInsecureCerts: false, browserName: chrome, browserVersion: 118.0.5993.120, chrome: {chromedriverVersion: 118.0.5993.70 (e52f33f30b91..., userDataDir: E:\vkamala2\AppData\Local\T...}, fedcm:accounts: true, goog:chromeOptions: {debuggerAddress: localhost:62206}, networkConnectionEnabled: false, pageLoadStrategy: normal, platformName: windows, proxy: Proxy(), se:cdp: ws://localhost:62206/devtoo..., se:cdpVersion: 118.0.5993.120, setWindowRect: true, strictFileInteractability: false, timeouts: {implicit: 0, pageLoad: 300000, script: 30000}, unhandledPromptBehavior: dismiss and notify, webauthn:extension:credBlob: true, webauthn:extension:largeBlob: true, webauthn:extension:minPinLength: true, webauthn:extension:prf: true, webauthn:virtualAuthenticators: true}
Session ID: b65f064610985ff2e35b34eced3df2c7
at org.openqa.selenium.support.ui.WebDriverWait.timeoutException(WebDriverWait.java:84)
at org.openqa.selenium.support.ui.FluentWait.until(FluentWait.java:230)
at pages.MemberFormPage.NavigateToSystemTab(MemberFormPage.java:1491)
at testcases.Member.TestCase_8780.createMemberTP(TestCase_8780.java:181)
at java.base/jdk.internal.reflect.DirectMethodHandleAccessor.invoke(DirectMethodHandleAccessor.java:104)
... 28 more
]]>
    </error>
  </testcase> <!-- executeTestcase -->
  <testcase classname="driver.Driver" name="executeTestcase" time="0.000"/>
  <testcase classname="driver.Driver" name="executeTestcase" time="0.000"/>
  <testcase classname="driver.Driver" name="executeTestcase" time="0.000"/>
  <testcase classname="driver.Driver" name="executeTestcase" time="0.001"/>
  <testcase classname="driver.Driver" name="executeTestcase" time="0.000"/>
  <testcase classname="driver.Driver" name="executeTestcase" time="0.000"/>
  <testcase classname="driver.Driver" name="executeTestcase" time="0.002"/>
  <testcase classname="driver.Driver" name="executeTestcase" time="0.001"/>
  <testcase classname="driver.Driver" name="executeTestcase" time="0.000"/>
  <testcase classname="driver.Driver" name="executeTestcase" time="0.000"/>
  <testcase classname="driver.Driver" name="executeTestcase" time="0.000"/>
  <testcase classname="driver.Driver" name="executeTestcase" time="0.002"/>
  <testcase classname="driver.Driver" name="executeTestcase" time="0.000"/>
  <testcase classname="driver.Driver" name="executeTestcase" time="0.001"/>
  <testcase classname="driver.Driver" name="executeTestcase" time="0.000"/>
  <testcase classname="driver.Driver" name="executeTestcase" time="0.016"/>
  <testcase classname="driver.Driver" name="executeTestcase" time="0.000"/>
  <testcase classname="driver.Driver" name="executeTestcase" time="0.000"/>
  <testcase classname="driver.Driver" name="executeTestcase" time="0.000"/>
  <testcase classname="driver.Driver" name="executeTestcase" time="0.000"/>
  <testcase classname="driver.Driver" name="executeTestcase" time="0.000"/>
  <testcase classname="driver.Driver" name="executeTestcase" time="0.000"/>
  <testcase classname="driver.Driver" name="executeTestcase" time="0.000"/>
  <testcase classname="driver.Driver" name="executeTestcase" time="0.000"/>
  <testcase classname="driver.Driver" name="executeTestcase" time="0.000"/>
  <testcase classname="driver.Driver" name="executeTestcase" time="0.001"/>
  <testcase classname="driver.Driver" name="executeTestcase" time="0.000"/>
  <testcase classname="driver.Driver" name="executeTestcase" time="0.000"/>
  <testcase classname="driver.Driver" name="executeTestcase" time="0.000"/>
  <testcase classname="driver.Driver" name="executeTestcase" time="0.000"/>
  <testcase classname="driver.Driver" name="executeTestcase" time="0.016"/>
  <testcase classname="driver.Driver" name="executeTestcase" time="0.000"/>
  <testcase classname="driver.Driver" name="executeTestcase" time="0.000"/>
  <testcase classname="driver.Driver" name="executeTestcase" time="0.000"/>
  <testcase classname="driver.Driver" name="executeTestcase" time="0.000"/>
  <testcase classname="driver.Driver" name="executeTestcase" time="0.000"/>
  <testcase classname="driver.Driver" name="executeTestcase" time="0.014"/>
  <testcase classname="driver.Driver" name="executeTestcase" time="0.000"/>
  <testcase classname="driver.Driver" name="executeTestcase" time="0.000"/>
  <testcase classname="driver.Driver" name="executeTestcase" time="0.000"/>
  <testcase classname="driver.Driver" name="executeTestcase" time="0.015"/>
  <testcase classname="driver.Driver" name="executeTestcase" time="0.001"/>
  <testcase classname="driver.Driver" name="executeTestcase" time="0.000"/>
  <testcase classname="driver.Driver" name="executeTestcase" time="0.000"/>
  <testcase classname="driver.Driver" name="executeTestcase" time="0.000"/>
  <testcase classname="driver.Driver" name="executeTestcase" time="0.016"/>
  <testcase classname="driver.Driver" name="executeTestcase" time="0.000"/>
  <testcase classname="driver.Driver" name="executeTestcase" time="0.000"/>
  <testcase classname="driver.Driver" name="executeTestcase" time="0.006"/>
  <testcase classname="driver.Driver" name="executeTestcase" time="0.001"/>
  <testcase classname="driver.Driver" name="executeTestcase" time="0.000"/>
  <testcase classname="driver.Driver" name="executeTestcase" time="0.000"/>
  <testcase classname="driver.Driver" name="executeTestcase" time="0.000"/>
  <testcase classname="driver.Driver" name="executeTestcase" time="0.000"/>
  <testcase classname="driver.Driver" name="executeTestcase" time="0.000"/>
  <testcase classname="driver.Driver" name="executeTestcase" time="0.000"/>
  <testcase classname="driver.Driver" name="executeTestcase" time="0.000"/>
  <testcase classname="driver.Driver" name="executeTestcase" time="0.000"/>
  <testcase classname="driver.Driver" name="executeTestcase" time="0.000"/>
  <testcase classname="driver.Driver" name="executeTestcase" time="0.001"/>
  <testcase classname="driver.Driver" name="executeTestcase" time="0.000"/>
  <testcase classname="driver.Driver" name="executeTestcase" time="0.000"/>
  <testcase classname="driver.Driver" name="executeTestcase" time="0.001"/>
  <testcase classname="driver.Driver" name="executeTestcase" time="0.000"/>
  <testcase classname="driver.Driver" name="executeTestcase" time="0.000"/>
  <testcase classname="driver.Driver" name="executeTestcase" time="614.818"/>
  <testcase classname="driver.Driver" name="executeTestcase" time="0.000"/>
  <testcase classname="driver.Driver" name="executeTestcase" time="0.000"/>
  <testcase classname="driver.Driver" name="executeTestcase" time="0.000"/>
  <testcase classname="driver.Driver" name="executeTestcase" time="0.001"/>
  <testcase classname="driver.Driver" name="executeTestcase" time="0.000"/>
  <testcase classname="driver.Driver" name="executeTestcase" time="0.000"/>
  <testcase classname="driver.Driver" name="executeTestcase" time="0.000"/>
  <testcase classname="driver.Driver" name="executeTestcase" time="0.000"/>
  <testcase classname="driver.Driver" name="executeTestcase" time="0.000"/>
  <testcase classname="driver.Driver" name="executeTestcase" time="0.000"/>
  <testcase classname="driver.Driver" name="executeTestcase" time="0.000"/>
  <testcase classname="driver.Driver" name="executeTestcase" time="0.000"/>
  <testcase classname="driver.Driver" name="executeTestcase" time="0.000"/>
  <testcase classname="driver.Driver" name="executeTestcase" time="0.000"/>
  <testcase classname="driver.Driver" name="executeTestcase" time="0.001"/>
  <testcase classname="driver.Driver" name="executeTestcase" time="0.000"/>
  <testcase classname="driver.Driver" name="executeTestcase" time="0.000"/>
  <testcase classname="driver.Driver" name="executeTestcase" time="0.000"/>
  <testcase classname="driver.Driver" name="executeTestcase" time="0.000"/>
  <testcase classname="driver.Driver" name="executeTestcase" time="0.000"/>
  <testcase classname="driver.Driver" name="executeTestcase" time="0.000"/>
  <testcase classname="driver.Driver" name="executeTestcase" time="2.820"/>
  <testcase classname="driver.Driver" name="executeTestcase" time="0.000"/>
  <testcase classname="driver.Driver" name="executeTestcase" time="0.000"/>
  <testcase classname="driver.Driver" name="executeTestcase" time="0.000"/>
  <testcase classname="driver.Driver" name="executeTestcase" time="0.000"/>
  <testcase classname="driver.Driver" name="executeTestcase" time="0.000"/>
  <testcase classname="driver.Driver" name="executeTestcase" time="0.000"/>
  <testcase classname="driver.Driver" name="executeTestcase" time="0.000"/>
  <testcase classname="driver.Driver" name="executeTestcase" time="0.000"/>
  <testcase classname="driver.Driver" name="executeTestcase" time="0.000"/>
  <testcase classname="driver.Driver" name="executeTestcase" time="0.000"/>
  <testcase classname="driver.Driver" name="executeTestcase" time="0.002"/>
  <testcase classname="driver.Driver" name="executeTestcase" time="0.000"/>
  <testcase classname="driver.Driver" name="executeTestcase" time="0.000"/>
  <testcase classname="driver.Driver" name="executeTestcase" time="0.000"/>
  <testcase classname="driver.Driver" name="executeTestcase" time="0.000"/>
  <testcase classname="driver.Driver" name="executeTestcase" time="0.000"/>
  <testcase classname="driver.Driver" name="executeTestcase" time="0.000"/>
  <testcase classname="driver.Driver" name="executeTestcase" time="0.000"/>
  <testcase classname="driver.Driver" name="executeTestcase" time="0.000"/>
  <testcase classname="driver.Driver" name="executeTestcase" time="0.000"/>
  <testcase classname="driver.Driver" name="executeTestcase" time="0.000"/>
  <testcase classname="driver.Driver" name="executeTestcase" time="0.000"/>
  <testcase classname="driver.Driver" name="executeTestcase" time="0.000"/>
  <testcase classname="driver.Driver" name="executeTestcase" time="0.001"/>
  <testcase classname="driver.Driver" name="executeTestcase" time="0.000"/>
  <testcase classname="driver.Driver" name="executeTestcase" time="0.001"/>
  <testcase classname="driver.Driver" name="executeTestcase" time="0.000"/>
  <testcase classname="driver.Driver" name="executeTestcase" time="0.000"/>
  <testcase classname="driver.Driver" name="executeTestcase" time="0.000"/>
  <testcase classname="driver.Driver" name="executeTestcase" time="0.000"/>
  <testcase classname="driver.Driver" name="executeTestcase" time="0.000"/>
  <testcase classname="driver.Driver" name="executeTestcase" time="0.000"/>
  <testcase classname="driver.Driver" name="executeTestcase" time="0.000"/>
  <testcase classname="driver.Driver" name="executeTestcase" time="0.000"/>
  <testcase classname="driver.Driver" name="executeTestcase" time="0.001"/>
  <testcase classname="driver.Driver" name="executeTestcase" time="101.101">
    <error type="java.lang.reflect.InvocationTargetException">
      <![CDATA[java.lang.reflect.InvocationTargetException
at java.base/jdk.internal.reflect.DirectMethodHandleAccessor.invoke(DirectMethodHandleAccessor.java:119)
at java.base/java.lang.reflect.Method.invoke(Method.java:578)
at driver.Driver.executeTestcase(Driver.java:217)
at java.base/jdk.internal.reflect.DirectMethodHandleAccessor.invoke(DirectMethodHandleAccessor.java:104)
at java.base/java.lang.reflect.Method.invoke(Method.java:578)
at org.testng.internal.invokers.MethodInvocationHelper.invokeMethod(MethodInvocationHelper.java:139)
at org.testng.internal.invokers.TestInvoker.invokeMethod(TestInvoker.java:664)
at org.testng.internal.invokers.TestInvoker.invokeTestMethod(TestInvoker.java:227)
at org.testng.internal.invokers.MethodRunner.runInSequence(MethodRunner.java:50)
at org.testng.internal.invokers.TestInvoker$MethodInvocationAgent.invoke(TestInvoker.java:957)
at org.testng.internal.invokers.TestInvoker.invokeTestMethods(TestInvoker.java:200)
at org.testng.internal.invokers.TestMethodWorker.invokeTestMethods(TestMethodWorker.java:148)
at org.testng.internal.invokers.TestMethodWorker.run(TestMethodWorker.java:128)
at java.base/java.util.ArrayList.forEach(ArrayList.java:1511)
at org.testng.TestRunner.privateRun(TestRunner.java:848)
at org.testng.TestRunner.run(TestRunner.java:621)
at org.testng.SuiteRunner.runTest(SuiteRunner.java:443)
at org.testng.SuiteRunner.runSequentially(SuiteRunner.java:437)
at org.testng.SuiteRunner.privateRun(SuiteRunner.java:397)
at org.testng.SuiteRunner.run(SuiteRunner.java:336)
at org.testng.SuiteRunnerWorker.runSuite(SuiteRunnerWorker.java:52)
at org.testng.SuiteRunnerWorker.run(SuiteRunnerWorker.java:95)
at org.testng.TestNG.runSuitesSequentially(TestNG.java:1280)
at org.testng.TestNG.runSuitesLocally(TestNG.java:1200)
at org.testng.TestNG.runSuites(TestNG.java:1114)
at org.testng.TestNG.run(TestNG.java:1082)
at org.testng.remote.AbstractRemoteTestNG.run(AbstractRemoteTestNG.java:115)
at org.testng.remote.RemoteTestNG.initAndRun(RemoteTestNG.java:251)
at org.testng.remote.RemoteTestNG.main(RemoteTestNG.java:77)
Caused by: org.openqa.selenium.NoSuchElementException: no such element: Unable to locate element: {"method":"xpath","selector":"//*[@data-id='ix_istopparent.fieldControl-checkbox-select']"}
  (Session info: chrome=118.0.5993.120)
For documentation on this error, please visit: https://www.selenium.dev/documentation/webdriver/troubleshooting/errors#no-such-element-exception
Build info: version: '4.11.0', revision: '040bc5406b'
System info: os.name: 'Windows 11', os.arch: 'amd64', os.version: '10.0', java.version: '19'
Driver info: org.openqa.selenium.chrome.ChromeDriver
Command: [a0272c56cf9c6faf1d74a6259b563ab2, findElement {using=xpath, value=//*[@data-id='ix_istopparent.fieldControl-checkbox-select']}]
Capabilities {acceptInsecureCerts: false, browserName: chrome, browserVersion: 118.0.5993.120, chrome: {chromedriverVersion: 118.0.5993.70 (e52f33f30b91..., userDataDir: E:\vkamala2\AppData\Local\T...}, fedcm:accounts: true, goog:chromeOptions: {debuggerAddress: localhost:64637}, networkConnectionEnabled: false, pageLoadStrategy: normal, platformName: windows, proxy: Proxy(), se:cdp: ws://localhost:64637/devtoo..., se:cdpVersion: 118.0.5993.120, setWindowRect: true, strictFileInteractability: false, timeouts: {implicit: 0, pageLoad: 300000, script: 30000}, unhandledPromptBehavior: dismiss and notify, webauthn:extension:credBlob: true, webauthn:extension:largeBlob: true, webauthn:extension:minPinLength: true, webauthn:extension:prf: true, webauthn:virtualAuthenticators: true}
Session ID: a0272c56cf9c6faf1d74a6259b563ab2
at java.base/jdk.internal.reflect.DirectConstructorHandleAccessor.newInstance(DirectConstructorHandleAccessor.java:67)
at java.base/java.lang.reflect.Constructor.newInstanceWithCaller(Constructor.java:500)
at java.base/java.lang.reflect.Constructor.newInstance(Constructor.java:484)
at org.openqa.selenium.remote.codec.w3c.W3CHttpResponseCodec.createException(W3CHttpResponseCodec.java:200)
at org.openqa.selenium.remote.codec.w3c.W3CHttpResponseCodec.decode(W3CHttpResponseCodec.java:133)
at org.openqa.selenium.remote.codec.w3c.W3CHttpResponseCodec.decode(W3CHttpResponseCodec.java:52)
at org.openqa.selenium.remote.HttpCommandExecutor.execute(HttpCommandExecutor.java:191)
at org.openqa.selenium.remote.service.DriverCommandExecutor.invokeExecute(DriverCommandExecutor.java:196)
at org.openqa.selenium.remote.service.DriverCommandExecutor.execute(DriverCommandExecutor.java:171)
at org.openqa.selenium.remote.RemoteWebDriver.execute(RemoteWebDriver.java:518)
at org.openqa.selenium.remote.ElementLocation$ElementFinder$2.findElement(ElementLocation.java:165)
at org.openqa.selenium.remote.ElementLocation.findElement(ElementLocation.java:59)
at org.openqa.selenium.remote.RemoteWebDriver.findElement(RemoteWebDriver.java:355)
at org.openqa.selenium.remote.RemoteWebDriver.findElement(RemoteWebDriver.java:349)
at pages.MemberFormPage.changeTopParentAsYes(MemberFormPage.java:3701)
at testcases.Member.TestCase_8798.createMember(TestCase_8798.java:30)
at java.base/jdk.internal.reflect.DirectMethodHandleAccessor.invoke(DirectMethodHandleAccessor.java:104)
... 28 more
]]>
    </error>
  </testcase> <!-- executeTestcase -->
  <testcase classname="driver.Driver" name="executeTestcase" time="0.000"/>
  <testcase classname="driver.Driver" name="executeTestcase" time="0.014"/>
  <testcase classname="driver.Driver" name="executeTestcase" time="0.000"/>
  <testcase classname="driver.Driver" name="executeTestcase" time="0.000"/>
  <testcase classname="driver.Driver" name="executeTestcase" time="0.000"/>
  <testcase classname="driver.Driver" name="executeTestcase" time="0.002"/>
  <testcase classname="driver.Driver" name="executeTestcase" time="0.000"/>
  <testcase classname="driver.Driver" name="executeTestcase" time="0.000"/>
  <testcase classname="driver.Driver" name="executeTestcase" time="0.000"/>
  <testcase classname="driver.Driver" name="executeTestcase" time="0.000"/>
  <testcase classname="driver.Driver" name="executeTestcase" time="0.001"/>
  <testcase classname="driver.Driver" name="executeTestcase" time="0.000"/>
  <testcase classname="driver.Driver" name="executeTestcase" time="0.001"/>
  <testcase classname="driver.Driver" name="executeTestcase" time="0.000"/>
  <testcase classname="driver.Driver" name="executeTestcase" time="0.000"/>
  <testcase classname="driver.Driver" name="executeTestcase" time="0.000"/>
  <testcase classname="driver.Driver" name="executeTestcase" time="0.002"/>
  <testcase classname="driver.Driver" name="executeTestcase" time="1.758"/>
  <testcase classname="driver.Driver" name="executeTestcase" time="0.001"/>
  <testcase classname="driver.Driver" name="executeTestcase" time="0.000"/>
  <testcase classname="driver.Driver" name="executeTestcase" time="0.000"/>
  <testcase classname="driver.Driver" name="executeTestcase" time="0.001"/>
  <testcase classname="driver.Driver" name="executeTestcase" time="0.000"/>
  <testcase classname="driver.Driver" name="executeTestcase" time="0.000"/>
  <testcase classname="driver.Driver" name="executeTestcase" time="0.000"/>
  <testcase classname="driver.Driver" name="executeTestcase" time="0.000"/>
  <testcase classname="driver.Driver" name="executeTestcase" time="0.000"/>
  <testcase classname="driver.Driver" name="executeTestcase" time="0.015"/>
  <testcase classname="driver.Driver" name="executeTestcase" time="0.000"/>
  <testcase classname="driver.Driver" name="executeTestcase" time="0.000"/>
  <testcase classname="driver.Driver" name="executeTestcase" time="0.000"/>
  <testcase classname="driver.Driver" name="executeTestcase" time="0.009"/>
  <testcase classname="driver.Driver" name="executeTestcase" time="0.000"/>
  <testcase classname="driver.Driver" name="executeTestcase" time="0.000"/>
  <testcase classname="driver.Driver" name="executeTestcase" time="1.649"/>
  <testcase classname="driver.Driver" name="executeTestcase" time="0.000"/>
  <testcase classname="driver.Driver" name="executeTestcase" time="0.000"/>
  <testcase classname="driver.Driver" name="executeTestcase" time="0.000"/>
  <testcase classname="driver.Driver" name="executeTestcase" time="0.000"/>
  <testcase classname="driver.Driver" name="executeTestcase" time="0.000"/>
  <testcase classname="driver.Driver" name="executeTestcase" time="0.000"/>
  <testcase classname="driver.Driver" name="executeTestcase" time="0.002"/>
  <testcase classname="driver.Driver" name="executeTestcase" time="0.000"/>
  <testcase classname="driver.Driver" name="executeTestcase" time="0.000"/>
  <testcase classname="driver.Driver" name="executeTestcase" time="695.871"/>
  <testcase classname="driver.Driver" name="executeTestcase" time="0.000"/>
  <testcase classname="driver.Driver" name="executeTestcase" time="0.002"/>
  <testcase classname="driver.Driver" name="executeTestcase" time="0.000"/>
  <testcase classname="driver.Driver" name="executeTestcase" time="0.000"/>
  <testcase classname="driver.Driver" name="executeTestcase" time="0.000"/>
  <testcase classname="driver.Driver" name="executeTestcase" time="0.000"/>
  <testcase classname="driver.Driver" name="executeTestcase" time="0.001"/>
  <testcase classname="driver.Driver" name="executeTestcase" time="0.000"/>
  <testcase classname="driver.Driver" name="executeTestcase" time="0.000"/>
  <testcase classname="driver.Driver" name="executeTestcase" time="0.000"/>
  <testcase classname="driver.Driver" name="executeTestcase" time="0.000"/>
  <testcase classname="driver.Driver" name="executeTestcase" time="0.000"/>
  <testcase classname="driver.Driver" name="executeTestcase" time="0.000"/>
  <testcase classname="driver.Driver" name="executeTestcase" time="0.000"/>
  <testcase classname="driver.Driver" name="executeTestcase" time="0.000"/>
  <testcase classname="driver.Driver" name="executeTestcase" time="0.000"/>
  <testcase classname="driver.Driver" name="executeTestcase" time="0.000"/>
  <testcase classname="driver.Driver" name="executeTestcase" time="0.000"/>
  <testcase classname="driver.Driver" name="executeTestcase" time="0.001"/>
  <testcase classname="driver.Driver" name="executeTestcase" time="0.000"/>
  <testcase classname="driver.Driver" name="executeTestcase" time="1.665"/>
  <testcase classname="driver.Driver" name="executeTestcase" time="0.000"/>
  <testcase classname="driver.Driver" name="executeTestcase" time="0.000"/>
  <testcase classname="driver.Driver" name="executeTestcase" time="0.000"/>
  <testcase classname="driver.Driver" name="executeTestcase" time="0.002"/>
  <testcase classname="driver.Driver" name="executeTestcase" time="0.001"/>
  <testcase classname="driver.Driver" name="executeTestcase" time="0.000"/>
  <testcase classname="driver.Driver" name="executeTestcase" time="0.000"/>
  <testcase classname="driver.Driver" name="executeTestcase" time="0.000"/>
  <testcase classname="driver.Driver" name="executeTestcase" time="0.000"/>
  <testcase classname="driver.Driver" name="executeTestcase" time="0.000"/>
  <testcase classname="driver.Driver" name="executeTestcase" time="0.000"/>
  <testcase classname="driver.Driver" name="executeTestcase" time="0.000"/>
  <testcase classname="driver.Driver" name="executeTestcase" time="0.000"/>
  <testcase classname="driver.Driver" name="executeTestcase" time="0.002"/>
  <testcase classname="driver.Driver" name="executeTestcase" time="0.000"/>
  <testcase classname="driver.Driver" name="executeTestcase" time="0.001"/>
  <testcase classname="driver.Driver" name="executeTestcase" time="0.000"/>
  <testcase classname="driver.Driver" name="executeTestcase" time="0.000"/>
  <testcase classname="driver.Driver" name="executeTestcase" time="0.002"/>
  <testcase classname="driver.Driver" name="executeTestcase" time="0.000"/>
  <testcase classname="driver.Driver" name="executeTestcase" time="0.000"/>
  <testcase classname="driver.Driver" name="executeTestcase" time="0.016"/>
  <testcase classname="driver.Driver" name="executeTestcase" time="0.000"/>
  <testcase classname="driver.Driver" name="executeTestcase" time="0.001"/>
  <testcase classname="driver.Driver" name="executeTestcase" time="0.002"/>
  <testcase classname="driver.Driver" name="executeTestcase" time="0.000"/>
  <testcase classname="driver.Driver" name="executeTestcase" time="0.008"/>
  <testcase classname="driver.Driver" name="executeTestcase" time="0.000"/>
  <testcase classname="driver.Driver" name="executeTestcase" time="1.681"/>
  <testcase classname="driver.Driver" name="executeTestcase" time="0.000"/>
  <testcase classname="driver.Driver" name="executeTestcase" time="0.000"/>
  <testcase classname="driver.Driver" name="executeTestcase" time="0.000"/>
  <testcase classname="driver.Driver" name="executeTestcase" time="0.000"/>
  <testcase classname="driver.Driver" name="executeTestcase" time="0.000"/>
  <testcase classname="driver.Driver" name="executeTestcase" time="0.000"/>
  <testcase classname="driver.Driver" name="executeTestcase" time="0.000"/>
  <testcase classname="driver.Driver" name="executeTestcase" time="0.000"/>
  <testcase classname="driver.Driver" name="executeTestcase" time="0.001"/>
  <testcase classname="driver.Driver" name="executeTestcase" time="0.000"/>
  <testcase classname="driver.Driver" name="executeTestcase" time="0.000"/>
  <testcase classname="driver.Driver" name="executeTestcase" time="0.000"/>
  <testcase classname="driver.Driver" name="executeTestcase" time="0.000"/>
  <testcase classname="driver.Driver" name="executeTestcase" time="0.000"/>
  <testcase classname="driver.Driver" name="executeTestcase" time="0.001"/>
  <testcase classname="driver.Driver" name="executeTestcase" time="665.601"/>
  <testcase classname="driver.Driver" name="executeTestcase" time="0.000"/>
  <testcase classname="driver.Driver" name="executeTestcase" time="0.000"/>
  <testcase classname="driver.Driver" name="executeTestcase" time="0.000"/>
  <testcase classname="driver.Driver" name="executeTestcase" time="0.000"/>
  <testcase classname="driver.Driver" name="executeTestcase" time="0.000"/>
  <testcase classname="driver.Driver" name="executeTestcase" time="0.000"/>
  <testcase classname="driver.Driver" name="executeTestcase" time="0.000"/>
  <testcase classname="driver.Driver" name="executeTestcase" time="0.000"/>
</testsuite> <!-- driver.Driver -->
