<?xml version="1.0" encoding="UTF-8"?>
<!-- Generated by org.testng.reporters.JUnitReportReporter -->
<testsuite hostname="Z3P5PUGDEV0062" failures="0" tests="378" name="driver.Driver" time="235.603" errors="0" timestamp="2023-12-07T21:46:59 IST" skipped="0">
  <testcase classname="driver.Driver" name="executeTestcase" time="0.001"/>
  <system-out/>
  <testcase classname="driver.Driver" name="executeTestcase" time="0.002"/>
  <system-out/>
  <testcase classname="driver.Driver" name="executeTestcase" time="0.001"/>
  <system-out/>
  <testcase classname="driver.Driver" name="executeTestcase" time="0.002"/>
  <system-out/>
  <testcase classname="driver.Driver" name="executeTestcase" time="0.002"/>
  <system-out/>
  <testcase classname="driver.Driver" name="executeTestcase" time="0.001"/>
  <system-out/>
  <testcase classname="driver.Driver" name="executeTestcase" time="0.002"/>
  <system-out/>
  <testcase classname="driver.Driver" name="executeTestcase" time="0.001"/>
  <system-out/>
  <testcase classname="driver.Driver" name="executeTestcase" time="0.000"/>
  <system-out/>
  <testcase classname="driver.Driver" name="executeTestcase" time="0.001"/>
  <system-out/>
  <testcase classname="driver.Driver" name="executeTestcase" time="0.001"/>
  <system-out/>
  <testcase classname="driver.Driver" name="executeTestcase" time="0.000"/>
  <system-out/>
  <testcase classname="driver.Driver" name="executeTestcase" time="0.001"/>
  <system-out/>
  <testcase classname="driver.Driver" name="executeTestcase" time="0.000"/>
  <system-out/>
  <testcase classname="driver.Driver" name="executeTestcase" time="0.001"/>
  <system-out/>
  <testcase classname="driver.Driver" name="executeTestcase" time="0.001"/>
  <system-out/>
  <testcase classname="driver.Driver" name="executeTestcase" time="0.001"/>
  <system-out/>
  <testcase classname="driver.Driver" name="executeTestcase" time="0.002"/>
  <system-out/>
  <testcase classname="driver.Driver" name="executeTestcase" time="0.004"/>
  <system-out/>
  <testcase classname="driver.Driver" name="executeTestcase" time="230.606"/>
  <system-out/>
  <testcase classname="driver.Driver" name="executeTestcase" time="0.001"/>
  <system-out/>
  <testcase classname="driver.Driver" name="executeTestcase" time="0.003"/>
  <system-out/>
  <testcase classname="driver.Driver" name="executeTestcase" time="0.002"/>
  <system-out/>
  <testcase classname="driver.Driver" name="executeTestcase" time="0.001"/>
  <system-out/>
  <testcase classname="driver.Driver" name="executeTestcase" time="0.001"/>
  <system-out/>
  <testcase classname="driver.Driver" name="executeTestcase" time="0.001"/>
  <system-out/>
  <testcase classname="driver.Driver" name="executeTestcase" time="0.002"/>
  <system-out/>
  <testcase classname="driver.Driver" name="executeTestcase" time="0.001"/>
  <system-out/>
  <testcase classname="driver.Driver" name="executeTestcase" time="0.000"/>
  <system-out/>
  <testcase classname="driver.Driver" name="executeTestcase" time="0.002"/>
  <system-out/>
  <testcase classname="driver.Driver" name="executeTestcase" time="0.002"/>
  <system-out/>
  <testcase classname="driver.Driver" name="executeTestcase" time="0.001"/>
  <system-out/>
  <testcase classname="driver.Driver" name="executeTestcase" time="0.001"/>
  <system-out/>
  <testcase classname="driver.Driver" name="executeTestcase" time="0.001"/>
  <system-out/>
  <testcase classname="driver.Driver" name="executeTestcase" time="0.002"/>
  <system-out/>
  <testcase classname="driver.Driver" name="executeTestcase" time="0.001"/>
  <system-out/>
  <testcase classname="driver.Driver" name="executeTestcase" time="0.001"/>
  <system-out/>
  <testcase classname="driver.Driver" name="executeTestcase" time="0.001"/>
  <system-out/>
  <testcase classname="driver.Driver" name="executeTestcase" time="0.003"/>
  <system-out/>
  <testcase classname="driver.Driver" name="executeTestcase" time="0.002"/>
  <system-out/>
  <testcase classname="driver.Driver" name="executeTestcase" time="0.001"/>
  <system-out/>
  <testcase classname="driver.Driver" name="executeTestcase" time="0.001"/>
  <system-out/>
  <testcase classname="driver.Driver" name="executeTestcase" time="0.001"/>
  <system-out/>
  <testcase classname="driver.Driver" name="executeTestcase" time="0.000"/>
  <system-out/>
  <testcase classname="driver.Driver" name="executeTestcase" time="0.001"/>
  <system-out/>
  <testcase classname="driver.Driver" name="executeTestcase" time="0.003"/>
  <system-out/>
  <testcase classname="driver.Driver" name="executeTestcase" time="0.001"/>
  <system-out/>
  <testcase classname="driver.Driver" name="executeTestcase" time="0.001"/>
  <system-out/>
  <testcase classname="driver.Driver" name="executeTestcase" time="0.001"/>
  <system-out/>
  <testcase classname="driver.Driver" name="executeTestcase" time="0.001"/>
  <system-out/>
  <testcase classname="driver.Driver" name="executeTestcase" time="0.001"/>
  <system-out/>
  <testcase classname="driver.Driver" name="executeTestcase" time="0.000"/>
  <system-out/>
  <testcase classname="driver.Driver" name="executeTestcase" time="0.002"/>
  <system-out/>
  <testcase classname="driver.Driver" name="executeTestcase" time="0.001"/>
  <system-out/>
  <testcase classname="driver.Driver" name="executeTestcase" time="0.001"/>
  <system-out/>
  <testcase classname="driver.Driver" name="executeTestcase" time="0.001"/>
  <system-out/>
  <testcase classname="driver.Driver" name="executeTestcase" time="0.001"/>
  <system-out/>
  <testcase classname="driver.Driver" name="executeTestcase" time="0.002"/>
  <system-out/>
  <testcase classname="driver.Driver" name="executeTestcase" time="0.001"/>
  <system-out/>
  <testcase classname="driver.Driver" name="executeTestcase" time="0.001"/>
  <system-out/>
  <testcase classname="driver.Driver" name="executeTestcase" time="0.001"/>
  <system-out/>
  <testcase classname="driver.Driver" name="executeTestcase" time="0.001"/>
  <system-out/>
  <testcase classname="driver.Driver" name="executeTestcase" time="0.001"/>
  <system-out/>
  <testcase classname="driver.Driver" name="executeTestcase" time="0.001"/>
  <system-out/>
  <testcase classname="driver.Driver" name="executeTestcase" time="0.001"/>
  <system-out/>
  <testcase classname="driver.Driver" name="executeTestcase" time="0.002"/>
  <system-out/>
  <testcase classname="driver.Driver" name="executeTestcase" time="0.001"/>
  <system-out/>
  <testcase classname="driver.Driver" name="executeTestcase" time="0.001"/>
  <system-out/>
  <testcase classname="driver.Driver" name="executeTestcase" time="0.001"/>
  <system-out/>
  <testcase classname="driver.Driver" name="executeTestcase" time="0.001"/>
  <system-out/>
  <testcase classname="driver.Driver" name="executeTestcase" time="0.002"/>
  <system-out/>
  <testcase classname="driver.Driver" name="executeTestcase" time="0.002"/>
  <system-out/>
  <testcase classname="driver.Driver" name="executeTestcase" time="0.001"/>
  <system-out/>
  <testcase classname="driver.Driver" name="executeTestcase" time="0.002"/>
  <system-out/>
  <testcase classname="driver.Driver" name="executeTestcase" time="0.000"/>
  <system-out/>
  <testcase classname="driver.Driver" name="executeTestcase" time="0.001"/>
  <system-out/>
  <testcase classname="driver.Driver" name="executeTestcase" time="0.001"/>
  <system-out/>
  <testcase classname="driver.Driver" name="executeTestcase" time="0.001"/>
  <system-out/>
  <testcase classname="driver.Driver" name="executeTestcase" time="0.000"/>
  <system-out/>
  <testcase classname="driver.Driver" name="executeTestcase" time="0.001"/>
  <system-out/>
  <testcase classname="driver.Driver" name="executeTestcase" time="0.002"/>
  <system-out/>
  <testcase classname="driver.Driver" name="executeTestcase" time="0.001"/>
  <system-out/>
  <testcase classname="driver.Driver" name="executeTestcase" time="0.001"/>
  <system-out/>
  <testcase classname="driver.Driver" name="executeTestcase" time="0.000"/>
  <system-out/>
  <testcase classname="driver.Driver" name="executeTestcase" time="0.002"/>
  <system-out/>
  <testcase classname="driver.Driver" name="executeTestcase" time="0.002"/>
  <system-out/>
  <testcase classname="driver.Driver" name="executeTestcase" time="0.001"/>
  <system-out/>
  <testcase classname="driver.Driver" name="executeTestcase" time="0.002"/>
  <system-out/>
  <testcase classname="driver.Driver" name="executeTestcase" time="0.001"/>
  <system-out/>
  <testcase classname="driver.Driver" name="executeTestcase" time="0.002"/>
  <system-out/>
  <testcase classname="driver.Driver" name="executeTestcase" time="0.002"/>
  <system-out/>
  <testcase classname="driver.Driver" name="executeTestcase" time="0.001"/>
  <system-out/>
  <testcase classname="driver.Driver" name="executeTestcase" time="0.001"/>
  <system-out/>
  <testcase classname="driver.Driver" name="executeTestcase" time="0.002"/>
  <system-out/>
  <testcase classname="driver.Driver" name="executeTestcase" time="0.003"/>
  <system-out/>
  <testcase classname="driver.Driver" name="executeTestcase" time="0.001"/>
  <system-out/>
  <testcase classname="driver.Driver" name="executeTestcase" time="0.001"/>
  <system-out/>
  <testcase classname="driver.Driver" name="executeTestcase" time="0.003"/>
  <system-out/>
  <testcase classname="driver.Driver" name="executeTestcase" time="0.002"/>
  <system-out/>
  <testcase classname="driver.Driver" name="executeTestcase" time="0.001"/>
  <system-out/>
  <testcase classname="driver.Driver" name="executeTestcase" time="0.002"/>
  <system-out/>
  <testcase classname="driver.Driver" name="executeTestcase" time="0.001"/>
  <system-out/>
  <testcase classname="driver.Driver" name="executeTestcase" time="0.001"/>
  <system-out/>
  <testcase classname="driver.Driver" name="executeTestcase" time="0.002"/>
  <system-out/>
  <testcase classname="driver.Driver" name="executeTestcase" time="0.002"/>
  <system-out/>
  <testcase classname="driver.Driver" name="executeTestcase" time="0.000"/>
  <system-out/>
  <testcase classname="driver.Driver" name="executeTestcase" time="0.001"/>
  <system-out/>
  <testcase classname="driver.Driver" name="executeTestcase" time="0.002"/>
  <system-out/>
  <testcase classname="driver.Driver" name="executeTestcase" time="0.000"/>
  <system-out/>
  <testcase classname="driver.Driver" name="executeTestcase" time="0.001"/>
  <system-out/>
  <testcase classname="driver.Driver" name="executeTestcase" time="0.001"/>
  <system-out/>
  <testcase classname="driver.Driver" name="executeTestcase" time="0.002"/>
  <system-out/>
  <testcase classname="driver.Driver" name="executeTestcase" time="0.001"/>
  <system-out/>
  <testcase classname="driver.Driver" name="executeTestcase" time="0.002"/>
  <system-out/>
  <testcase classname="driver.Driver" name="executeTestcase" time="0.001"/>
  <system-out/>
  <testcase classname="driver.Driver" name="executeTestcase" time="0.002"/>
  <system-out/>
  <testcase classname="driver.Driver" name="executeTestcase" time="0.003"/>
  <system-out/>
  <testcase classname="driver.Driver" name="executeTestcase" time="0.001"/>
  <system-out/>
  <testcase classname="driver.Driver" name="executeTestcase" time="0.000"/>
  <system-out/>
  <testcase classname="driver.Driver" name="executeTestcase" time="0.001"/>
  <system-out/>
  <testcase classname="driver.Driver" name="executeTestcase" time="0.004"/>
  <system-out/>
  <testcase classname="driver.Driver" name="executeTestcase" time="0.001"/>
  <system-out/>
  <testcase classname="driver.Driver" name="executeTestcase" time="0.001"/>
  <system-out/>
  <testcase classname="driver.Driver" name="executeTestcase" time="0.001"/>
  <system-out/>
  <testcase classname="driver.Driver" name="executeTestcase" time="0.001"/>
  <system-out/>
  <testcase classname="driver.Driver" name="executeTestcase" time="0.000"/>
  <system-out/>
  <testcase classname="driver.Driver" name="executeTestcase" time="0.001"/>
  <system-out/>
  <testcase classname="driver.Driver" name="executeTestcase" time="0.001"/>
  <system-out/>
  <testcase classname="driver.Driver" name="executeTestcase" time="0.002"/>
  <system-out/>
  <testcase classname="driver.Driver" name="executeTestcase" time="0.003"/>
  <system-out/>
  <testcase classname="driver.Driver" name="executeTestcase" time="0.002"/>
  <system-out/>
  <testcase classname="driver.Driver" name="executeTestcase" time="0.002"/>
  <system-out/>
  <testcase classname="driver.Driver" name="executeTestcase" time="0.000"/>
  <system-out/>
  <testcase classname="driver.Driver" name="executeTestcase" time="0.001"/>
  <system-out/>
  <testcase classname="driver.Driver" name="executeTestcase" time="0.001"/>
  <system-out/>
  <testcase classname="driver.Driver" name="executeTestcase" time="0.000"/>
  <system-out/>
  <testcase classname="driver.Driver" name="executeTestcase" time="0.001"/>
  <system-out/>
  <testcase classname="driver.Driver" name="executeTestcase" time="0.001"/>
  <system-out/>
  <testcase classname="driver.Driver" name="executeTestcase" time="0.003"/>
  <system-out/>
  <testcase classname="driver.Driver" name="executeTestcase" time="0.000"/>
  <system-out/>
  <testcase classname="driver.Driver" name="executeTestcase" time="0.001"/>
  <system-out/>
  <testcase classname="driver.Driver" name="executeTestcase" time="0.001"/>
  <system-out/>
  <testcase classname="driver.Driver" name="executeTestcase" time="0.001"/>
  <system-out/>
  <testcase classname="driver.Driver" name="executeTestcase" time="0.002"/>
  <system-out/>
  <testcase classname="driver.Driver" name="executeTestcase" time="0.001"/>
  <system-out/>
  <testcase classname="driver.Driver" name="executeTestcase" time="0.003"/>
  <system-out/>
  <testcase classname="driver.Driver" name="executeTestcase" time="0.001"/>
  <system-out/>
  <testcase classname="driver.Driver" name="executeTestcase" time="0.003"/>
  <system-out/>
  <testcase classname="driver.Driver" name="executeTestcase" time="0.001"/>
  <system-out/>
  <testcase classname="driver.Driver" name="executeTestcase" time="0.000"/>
  <system-out/>
  <testcase classname="driver.Driver" name="executeTestcase" time="0.002"/>
  <system-out/>
  <testcase classname="driver.Driver" name="executeTestcase" time="0.002"/>
  <system-out/>
  <testcase classname="driver.Driver" name="executeTestcase" time="0.001"/>
  <system-out/>
  <testcase classname="driver.Driver" name="executeTestcase" time="0.001"/>
  <system-out/>
  <testcase classname="driver.Driver" name="executeTestcase" time="0.002"/>
  <system-out/>
  <testcase classname="driver.Driver" name="executeTestcase" time="0.001"/>
  <system-out/>
  <testcase classname="driver.Driver" name="executeTestcase" time="0.001"/>
  <system-out/>
  <testcase classname="driver.Driver" name="executeTestcase" time="0.001"/>
  <system-out/>
  <testcase classname="driver.Driver" name="executeTestcase" time="0.002"/>
  <system-out/>
  <testcase classname="driver.Driver" name="executeTestcase" time="0.001"/>
  <system-out/>
  <testcase classname="driver.Driver" name="executeTestcase" time="0.001"/>
  <system-out/>
  <testcase classname="driver.Driver" name="executeTestcase" time="0.001"/>
  <system-out/>
  <testcase classname="driver.Driver" name="executeTestcase" time="0.003"/>
  <system-out/>
  <testcase classname="driver.Driver" name="executeTestcase" time="0.002"/>
  <system-out/>
  <testcase classname="driver.Driver" name="executeTestcase" time="0.001"/>
  <system-out/>
  <testcase classname="driver.Driver" name="executeTestcase" time="0.001"/>
  <system-out/>
  <testcase classname="driver.Driver" name="executeTestcase" time="0.001"/>
  <system-out/>
  <testcase classname="driver.Driver" name="executeTestcase" time="0.002"/>
  <system-out/>
  <testcase classname="driver.Driver" name="executeTestcase" time="0.002"/>
  <system-out/>
  <testcase classname="driver.Driver" name="executeTestcase" time="0.001"/>
  <system-out/>
  <testcase classname="driver.Driver" name="executeTestcase" time="0.000"/>
  <system-out/>
  <testcase classname="driver.Driver" name="executeTestcase" time="0.001"/>
  <system-out/>
  <testcase classname="driver.Driver" name="executeTestcase" time="0.001"/>
  <system-out/>
  <testcase classname="driver.Driver" name="executeTestcase" time="0.001"/>
  <system-out/>
  <testcase classname="driver.Driver" name="executeTestcase" time="0.001"/>
  <system-out/>
  <testcase classname="driver.Driver" name="executeTestcase" time="0.001"/>
  <system-out/>
  <testcase classname="driver.Driver" name="executeTestcase" time="0.001"/>
  <system-out/>
  <testcase classname="driver.Driver" name="executeTestcase" time="0.001"/>
  <system-out/>
  <testcase classname="driver.Driver" name="executeTestcase" time="0.002"/>
  <system-out/>
  <testcase classname="driver.Driver" name="executeTestcase" time="0.002"/>
  <system-out/>
  <testcase classname="driver.Driver" name="executeTestcase" time="0.002"/>
  <system-out/>
  <testcase classname="driver.Driver" name="executeTestcase" time="0.001"/>
  <system-out/>
  <testcase classname="driver.Driver" name="executeTestcase" time="0.001"/>
  <system-out/>
  <testcase classname="driver.Driver" name="executeTestcase" time="0.002"/>
  <system-out/>
  <testcase classname="driver.Driver" name="executeTestcase" time="0.002"/>
  <system-out/>
  <testcase classname="driver.Driver" name="executeTestcase" time="0.001"/>
  <system-out/>
  <testcase classname="driver.Driver" name="executeTestcase" time="0.002"/>
  <system-out/>
  <testcase classname="driver.Driver" name="executeTestcase" time="0.003"/>
  <system-out/>
  <testcase classname="driver.Driver" name="executeTestcase" time="4.456"/>
  <system-out/>
  <testcase classname="driver.Driver" name="executeTestcase" time="0.002"/>
  <system-out/>
  <testcase classname="driver.Driver" name="executeTestcase" time="0.001"/>
  <system-out/>
  <testcase classname="driver.Driver" name="executeTestcase" time="0.001"/>
  <system-out/>
  <testcase classname="driver.Driver" name="executeTestcase" time="0.001"/>
  <system-out/>
  <testcase classname="driver.Driver" name="executeTestcase" time="0.001"/>
  <system-out/>
  <testcase classname="driver.Driver" name="executeTestcase" time="0.000"/>
  <system-out/>
  <testcase classname="driver.Driver" name="executeTestcase" time="0.000"/>
  <system-out/>
  <testcase classname="driver.Driver" name="executeTestcase" time="0.001"/>
  <system-out/>
  <testcase classname="driver.Driver" name="executeTestcase" time="0.001"/>
  <system-out/>
  <testcase classname="driver.Driver" name="executeTestcase" time="0.002"/>
  <system-out/>
  <testcase classname="driver.Driver" name="executeTestcase" time="0.001"/>
  <system-out/>
  <testcase classname="driver.Driver" name="executeTestcase" time="0.001"/>
  <system-out/>
  <testcase classname="driver.Driver" name="executeTestcase" time="0.001"/>
  <system-out/>
  <testcase classname="driver.Driver" name="executeTestcase" time="0.001"/>
  <system-out/>
  <testcase classname="driver.Driver" name="executeTestcase" time="0.001"/>
  <system-out/>
  <testcase classname="driver.Driver" name="executeTestcase" time="0.001"/>
  <system-out/>
  <testcase classname="driver.Driver" name="executeTestcase" time="0.001"/>
  <system-out/>
  <testcase classname="driver.Driver" name="executeTestcase" time="0.002"/>
  <system-out/>
  <testcase classname="driver.Driver" name="executeTestcase" time="0.001"/>
  <system-out/>
  <testcase classname="driver.Driver" name="executeTestcase" time="0.001"/>
  <system-out/>
  <testcase classname="driver.Driver" name="executeTestcase" time="0.001"/>
  <system-out/>
  <testcase classname="driver.Driver" name="executeTestcase" time="0.001"/>
  <system-out/>
  <testcase classname="driver.Driver" name="executeTestcase" time="0.001"/>
  <system-out/>
  <testcase classname="driver.Driver" name="executeTestcase" time="0.001"/>
  <system-out/>
  <testcase classname="driver.Driver" name="executeTestcase" time="0.001"/>
  <system-out/>
  <testcase classname="driver.Driver" name="executeTestcase" time="0.001"/>
  <system-out/>
  <testcase classname="driver.Driver" name="executeTestcase" time="0.001"/>
  <system-out/>
  <testcase classname="driver.Driver" name="executeTestcase" time="0.000"/>
  <system-out/>
  <testcase classname="driver.Driver" name="executeTestcase" time="0.001"/>
  <system-out/>
  <testcase classname="driver.Driver" name="executeTestcase" time="0.002"/>
  <system-out/>
  <testcase classname="driver.Driver" name="executeTestcase" time="0.002"/>
  <system-out/>
  <testcase classname="driver.Driver" name="executeTestcase" time="0.002"/>
  <system-out/>
  <testcase classname="driver.Driver" name="executeTestcase" time="0.003"/>
  <system-out/>
  <testcase classname="driver.Driver" name="executeTestcase" time="0.002"/>
  <system-out/>
  <testcase classname="driver.Driver" name="executeTestcase" time="0.001"/>
  <system-out/>
  <testcase classname="driver.Driver" name="executeTestcase" time="0.001"/>
  <system-out/>
  <testcase classname="driver.Driver" name="executeTestcase" time="0.001"/>
  <system-out/>
  <testcase classname="driver.Driver" name="executeTestcase" time="0.002"/>
  <system-out/>
  <testcase classname="driver.Driver" name="executeTestcase" time="0.002"/>
  <system-out/>
  <testcase classname="driver.Driver" name="executeTestcase" time="0.001"/>
  <system-out/>
  <testcase classname="driver.Driver" name="executeTestcase" time="0.001"/>
  <system-out/>
  <testcase classname="driver.Driver" name="executeTestcase" time="0.001"/>
  <system-out/>
  <testcase classname="driver.Driver" name="executeTestcase" time="0.001"/>
  <system-out/>
  <testcase classname="driver.Driver" name="executeTestcase" time="0.001"/>
  <system-out/>
  <testcase classname="driver.Driver" name="executeTestcase" time="0.002"/>
  <system-out/>
  <testcase classname="driver.Driver" name="executeTestcase" time="0.001"/>
  <system-out/>
  <testcase classname="driver.Driver" name="executeTestcase" time="0.001"/>
  <system-out/>
  <testcase classname="driver.Driver" name="executeTestcase" time="0.002"/>
  <system-out/>
  <testcase classname="driver.Driver" name="executeTestcase" time="0.001"/>
  <system-out/>
  <testcase classname="driver.Driver" name="executeTestcase" time="0.001"/>
  <system-out/>
  <testcase classname="driver.Driver" name="executeTestcase" time="0.001"/>
  <system-out/>
  <testcase classname="driver.Driver" name="executeTestcase" time="0.001"/>
  <system-out/>
  <testcase classname="driver.Driver" name="executeTestcase" time="0.001"/>
  <system-out/>
  <testcase classname="driver.Driver" name="executeTestcase" time="0.001"/>
  <system-out/>
  <testcase classname="driver.Driver" name="executeTestcase" time="0.001"/>
  <system-out/>
  <testcase classname="driver.Driver" name="executeTestcase" time="0.000"/>
  <system-out/>
  <testcase classname="driver.Driver" name="executeTestcase" time="0.001"/>
  <system-out/>
  <testcase classname="driver.Driver" name="executeTestcase" time="0.001"/>
  <system-out/>
  <testcase classname="driver.Driver" name="executeTestcase" time="0.002"/>
  <system-out/>
  <testcase classname="driver.Driver" name="executeTestcase" time="0.001"/>
  <system-out/>
  <testcase classname="driver.Driver" name="executeTestcase" time="0.001"/>
  <system-out/>
  <testcase classname="driver.Driver" name="executeTestcase" time="0.001"/>
  <system-out/>
  <testcase classname="driver.Driver" name="executeTestcase" time="0.001"/>
  <system-out/>
  <testcase classname="driver.Driver" name="executeTestcase" time="0.001"/>
  <system-out/>
  <testcase classname="driver.Driver" name="executeTestcase" time="0.002"/>
  <system-out/>
  <testcase classname="driver.Driver" name="executeTestcase" time="0.001"/>
  <system-out/>
  <testcase classname="driver.Driver" name="executeTestcase" time="0.001"/>
  <system-out/>
  <testcase classname="driver.Driver" name="executeTestcase" time="0.003"/>
  <system-out/>
  <testcase classname="driver.Driver" name="executeTestcase" time="0.001"/>
  <system-out/>
  <testcase classname="driver.Driver" name="executeTestcase" time="0.000"/>
  <system-out/>
  <testcase classname="driver.Driver" name="executeTestcase" time="0.001"/>
  <system-out/>
  <testcase classname="driver.Driver" name="executeTestcase" time="0.001"/>
  <system-out/>
  <testcase classname="driver.Driver" name="executeTestcase" time="0.003"/>
  <system-out/>
  <testcase classname="driver.Driver" name="executeTestcase" time="0.001"/>
  <system-out/>
  <testcase classname="driver.Driver" name="executeTestcase" time="0.001"/>
  <system-out/>
  <testcase classname="driver.Driver" name="executeTestcase" time="0.003"/>
  <system-out/>
  <testcase classname="driver.Driver" name="executeTestcase" time="0.001"/>
  <system-out/>
  <testcase classname="driver.Driver" name="executeTestcase" time="0.000"/>
  <system-out/>
  <testcase classname="driver.Driver" name="executeTestcase" time="0.001"/>
  <system-out/>
  <testcase classname="driver.Driver" name="executeTestcase" time="0.001"/>
  <system-out/>
  <testcase classname="driver.Driver" name="executeTestcase" time="0.001"/>
  <system-out/>
  <testcase classname="driver.Driver" name="executeTestcase" time="0.002"/>
  <system-out/>
  <testcase classname="driver.Driver" name="executeTestcase" time="0.001"/>
  <system-out/>
  <testcase classname="driver.Driver" name="executeTestcase" time="0.000"/>
  <system-out/>
  <testcase classname="driver.Driver" name="executeTestcase" time="0.003"/>
  <system-out/>
  <testcase classname="driver.Driver" name="executeTestcase" time="0.001"/>
  <system-out/>
  <testcase classname="driver.Driver" name="executeTestcase" time="0.001"/>
  <system-out/>
  <testcase classname="driver.Driver" name="executeTestcase" time="0.001"/>
  <system-out/>
  <testcase classname="driver.Driver" name="executeTestcase" time="0.001"/>
  <system-out/>
  <testcase classname="driver.Driver" name="executeTestcase" time="0.001"/>
  <system-out/>
  <testcase classname="driver.Driver" name="executeTestcase" time="0.002"/>
  <system-out/>
  <testcase classname="driver.Driver" name="executeTestcase" time="0.001"/>
  <system-out/>
  <testcase classname="driver.Driver" name="executeTestcase" time="0.001"/>
  <system-out/>
  <testcase classname="driver.Driver" name="executeTestcase" time="0.001"/>
  <system-out/>
  <testcase classname="driver.Driver" name="executeTestcase" time="0.001"/>
  <system-out/>
  <testcase classname="driver.Driver" name="executeTestcase" time="0.003"/>
  <system-out/>
  <testcase classname="driver.Driver" name="executeTestcase" time="0.001"/>
  <system-out/>
  <testcase classname="driver.Driver" name="executeTestcase" time="0.003"/>
  <system-out/>
  <testcase classname="driver.Driver" name="executeTestcase" time="0.003"/>
  <system-out/>
  <testcase classname="driver.Driver" name="executeTestcase" time="0.001"/>
  <system-out/>
  <testcase classname="driver.Driver" name="executeTestcase" time="0.001"/>
  <system-out/>
  <testcase classname="driver.Driver" name="executeTestcase" time="0.001"/>
  <system-out/>
  <testcase classname="driver.Driver" name="executeTestcase" time="0.001"/>
  <system-out/>
  <testcase classname="driver.Driver" name="executeTestcase" time="0.002"/>
  <system-out/>
  <testcase classname="driver.Driver" name="executeTestcase" time="0.002"/>
  <system-out/>
  <testcase classname="driver.Driver" name="executeTestcase" time="0.001"/>
  <system-out/>
  <testcase classname="driver.Driver" name="executeTestcase" time="0.002"/>
  <system-out/>
  <testcase classname="driver.Driver" name="executeTestcase" time="0.001"/>
  <system-out/>
  <testcase classname="driver.Driver" name="executeTestcase" time="0.001"/>
  <system-out/>
  <testcase classname="driver.Driver" name="executeTestcase" time="0.001"/>
  <system-out/>
  <testcase classname="driver.Driver" name="executeTestcase" time="0.001"/>
  <system-out/>
  <testcase classname="driver.Driver" name="executeTestcase" time="0.001"/>
  <system-out/>
  <testcase classname="driver.Driver" name="executeTestcase" time="0.002"/>
  <system-out/>
  <testcase classname="driver.Driver" name="executeTestcase" time="0.001"/>
  <system-out/>
  <testcase classname="driver.Driver" name="executeTestcase" time="0.003"/>
  <system-out/>
  <testcase classname="driver.Driver" name="executeTestcase" time="0.001"/>
  <system-out/>
  <testcase classname="driver.Driver" name="executeTestcase" time="0.002"/>
  <system-out/>
  <testcase classname="driver.Driver" name="executeTestcase" time="0.001"/>
  <system-out/>
  <testcase classname="driver.Driver" name="executeTestcase" time="0.001"/>
  <system-out/>
  <testcase classname="driver.Driver" name="executeTestcase" time="0.001"/>
  <system-out/>
  <testcase classname="driver.Driver" name="executeTestcase" time="0.001"/>
  <system-out/>
  <testcase classname="driver.Driver" name="executeTestcase" time="0.002"/>
  <system-out/>
  <testcase classname="driver.Driver" name="executeTestcase" time="0.000"/>
  <system-out/>
  <testcase classname="driver.Driver" name="executeTestcase" time="0.001"/>
  <system-out/>
  <testcase classname="driver.Driver" name="executeTestcase" time="0.002"/>
  <system-out/>
  <testcase classname="driver.Driver" name="executeTestcase" time="0.002"/>
  <system-out/>
  <testcase classname="driver.Driver" name="executeTestcase" time="0.002"/>
  <system-out/>
  <testcase classname="driver.Driver" name="executeTestcase" time="0.002"/>
  <system-out/>
  <testcase classname="driver.Driver" name="executeTestcase" time="0.001"/>
  <system-out/>
  <testcase classname="driver.Driver" name="executeTestcase" time="0.001"/>
  <system-out/>
  <testcase classname="driver.Driver" name="executeTestcase" time="0.002"/>
  <system-out/>
  <testcase classname="driver.Driver" name="executeTestcase" time="0.001"/>
  <system-out/>
  <testcase classname="driver.Driver" name="executeTestcase" time="0.002"/>
  <system-out/>
  <testcase classname="driver.Driver" name="executeTestcase" time="0.001"/>
  <system-out/>
  <testcase classname="driver.Driver" name="executeTestcase" time="0.000"/>
  <system-out/>
  <testcase classname="driver.Driver" name="executeTestcase" time="0.002"/>
  <system-out/>
  <testcase classname="driver.Driver" name="executeTestcase" time="0.001"/>
  <system-out/>
  <testcase classname="driver.Driver" name="executeTestcase" time="0.002"/>
  <system-out/>
  <testcase classname="driver.Driver" name="executeTestcase" time="0.001"/>
  <system-out/>
  <testcase classname="driver.Driver" name="executeTestcase" time="0.047"/>
  <system-out/>
  <testcase classname="driver.Driver" name="executeTestcase" time="0.001"/>
  <system-out/>
  <testcase classname="driver.Driver" name="executeTestcase" time="0.002"/>
  <system-out/>
  <testcase classname="driver.Driver" name="executeTestcase" time="0.001"/>
  <system-out/>
  <testcase classname="driver.Driver" name="executeTestcase" time="0.002"/>
  <system-out/>
  <testcase classname="driver.Driver" name="executeTestcase" time="0.002"/>
  <system-out/>
  <testcase classname="driver.Driver" name="executeTestcase" time="0.002"/>
  <system-out/>
  <testcase classname="driver.Driver" name="executeTestcase" time="0.002"/>
  <system-out/>
  <testcase classname="driver.Driver" name="executeTestcase" time="0.001"/>
  <system-out/>
  <testcase classname="driver.Driver" name="executeTestcase" time="0.001"/>
  <system-out/>
  <testcase classname="driver.Driver" name="executeTestcase" time="0.001"/>
  <system-out/>
  <testcase classname="driver.Driver" name="executeTestcase" time="0.003"/>
  <system-out/>
  <testcase classname="driver.Driver" name="executeTestcase" time="0.001"/>
  <system-out/>
  <testcase classname="driver.Driver" name="executeTestcase" time="0.000"/>
  <system-out/>
  <testcase classname="driver.Driver" name="executeTestcase" time="0.001"/>
  <system-out/>
  <testcase classname="driver.Driver" name="executeTestcase" time="0.001"/>
  <system-out/>
  <testcase classname="driver.Driver" name="executeTestcase" time="0.002"/>
  <system-out/>
  <testcase classname="driver.Driver" name="executeTestcase" time="0.002"/>
  <system-out/>
  <testcase classname="driver.Driver" name="executeTestcase" time="0.001"/>
  <system-out/>
  <testcase classname="driver.Driver" name="executeTestcase" time="0.001"/>
  <system-out/>
  <testcase classname="driver.Driver" name="executeTestcase" time="0.002"/>
  <system-out/>
  <testcase classname="driver.Driver" name="executeTestcase" time="0.003"/>
  <system-out/>
  <testcase classname="driver.Driver" name="executeTestcase" time="0.001"/>
  <system-out/>
  <testcase classname="driver.Driver" name="executeTestcase" time="0.001"/>
  <system-out/>
  <testcase classname="driver.Driver" name="executeTestcase" time="0.002"/>
  <system-out/>
  <testcase classname="driver.Driver" name="executeTestcase" time="0.001"/>
  <system-out/>
  <testcase classname="driver.Driver" name="executeTestcase" time="0.002"/>
  <system-out/>
  <testcase classname="driver.Driver" name="executeTestcase" time="0.001"/>
  <system-out/>
  <testcase classname="driver.Driver" name="executeTestcase" time="0.002"/>
  <system-out/>
  <testcase classname="driver.Driver" name="executeTestcase" time="0.001"/>
  <system-out/>
  <testcase classname="driver.Driver" name="executeTestcase" time="0.000"/>
  <system-out/>
  <testcase classname="driver.Driver" name="executeTestcase" time="0.002"/>
  <system-out/>
  <testcase classname="driver.Driver" name="executeTestcase" time="0.002"/>
  <system-out/>
  <testcase classname="driver.Driver" name="executeTestcase" time="0.001"/>
  <system-out/>
  <testcase classname="driver.Driver" name="executeTestcase" time="0.001"/>
  <system-out/>
  <testcase classname="driver.Driver" name="executeTestcase" time="0.001"/>
  <system-out/>
  <testcase classname="driver.Driver" name="executeTestcase" time="0.002"/>
  <system-out/>
  <testcase classname="driver.Driver" name="executeTestcase" time="0.002"/>
  <system-out/>
  <testcase classname="driver.Driver" name="executeTestcase" time="0.001"/>
  <system-out/>
  <testcase classname="driver.Driver" name="executeTestcase" time="0.002"/>
  <system-out/>
  <testcase classname="driver.Driver" name="executeTestcase" time="0.001"/>
  <system-out/>
  <testcase classname="driver.Driver" name="executeTestcase" time="0.002"/>
  <system-out/>
  <testcase classname="driver.Driver" name="executeTestcase" time="0.001"/>
  <system-out/>
  <testcase classname="driver.Driver" name="executeTestcase" time="0.000"/>
  <system-out/>
  <testcase classname="driver.Driver" name="executeTestcase" time="0.001"/>
  <system-out/>
  <testcase classname="driver.Driver" name="executeTestcase" time="0.001"/>
  <system-out/>
  <testcase classname="driver.Driver" name="executeTestcase" time="0.001"/>
  <system-out/>
  <testcase classname="driver.Driver" name="executeTestcase" time="0.002"/>
  <system-out/>
  <testcase classname="driver.Driver" name="executeTestcase" time="0.002"/>
  <system-out/>
  <testcase classname="driver.Driver" name="executeTestcase" time="0.001"/>
  <system-out/>
</testsuite> <!-- driver.Driver -->
