<?xml version="1.0" encoding="UTF-8"?>
<!-- Generated by org.testng.reporters.JUnitReportReporter -->
<testsuite hostname="Z3P5PUGDEV0059" failures="0" tests="300" name="driver.Driver" time="6532.495" errors="1" timestamp="2023-10-18T23:40:12 IST" skipped="0">
  <testcase classname="driver.Driver" name="executeTestcase" time="0.000"/>
  <testcase classname="driver.Driver" name="executeTestcase" time="412.722"/>
  <testcase classname="driver.Driver" name="executeTestcase" time="0.031"/>
  <testcase classname="driver.Driver" name="executeTestcase" time="0.032"/>
  <testcase classname="driver.Driver" name="executeTestcase" time="0.000"/>
  <testcase classname="driver.Driver" name="executeTestcase" time="0.030"/>
  <testcase classname="driver.Driver" name="executeTestcase" time="0.000"/>
  <testcase classname="driver.Driver" name="executeTestcase" time="0.000"/>
  <testcase classname="driver.Driver" name="executeTestcase" time="0.000"/>
  <testcase classname="driver.Driver" name="executeTestcase" time="0.000"/>
  <testcase classname="driver.Driver" name="executeTestcase" time="0.000"/>
  <testcase classname="driver.Driver" name="executeTestcase" time="0.000"/>
  <testcase classname="driver.Driver" name="executeTestcase" time="0.000"/>
  <testcase classname="driver.Driver" name="executeTestcase" time="0.000"/>
  <testcase classname="driver.Driver" name="executeTestcase" time="0.000"/>
  <testcase classname="driver.Driver" name="executeTestcase" time="0.000"/>
  <testcase classname="driver.Driver" name="executeTestcase" time="0.000"/>
  <testcase classname="driver.Driver" name="executeTestcase" time="0.000"/>
  <testcase classname="driver.Driver" name="executeTestcase" time="0.000"/>
  <testcase classname="driver.Driver" name="executeTestcase" time="0.000"/>
  <testcase classname="driver.Driver" name="executeTestcase" time="0.000"/>
  <testcase classname="driver.Driver" name="executeTestcase" time="0.000"/>
  <testcase classname="driver.Driver" name="executeTestcase" time="0.000"/>
  <testcase classname="driver.Driver" name="executeTestcase" time="0.000"/>
  <testcase classname="driver.Driver" name="executeTestcase" time="0.000"/>
  <testcase classname="driver.Driver" name="executeTestcase" time="0.000"/>
  <testcase classname="driver.Driver" name="executeTestcase" time="0.000"/>
  <testcase classname="driver.Driver" name="executeTestcase" time="0.000"/>
  <testcase classname="driver.Driver" name="executeTestcase" time="0.016"/>
  <testcase classname="driver.Driver" name="executeTestcase" time="0.000"/>
  <testcase classname="driver.Driver" name="executeTestcase" time="0.000"/>
  <testcase classname="driver.Driver" name="executeTestcase" time="0.000"/>
  <testcase classname="driver.Driver" name="executeTestcase" time="0.032"/>
  <testcase classname="driver.Driver" name="executeTestcase" time="0.000"/>
  <testcase classname="driver.Driver" name="executeTestcase" time="0.000"/>
  <testcase classname="driver.Driver" name="executeTestcase" time="0.000"/>
  <testcase classname="driver.Driver" name="executeTestcase" time="1.570"/>
  <testcase classname="driver.Driver" name="executeTestcase" time="0.000"/>
  <testcase classname="driver.Driver" name="executeTestcase" time="0.000"/>
  <testcase classname="driver.Driver" name="executeTestcase" time="0.000"/>
  <testcase classname="driver.Driver" name="executeTestcase" time="0.000"/>
  <testcase classname="driver.Driver" name="executeTestcase" time="0.000"/>
  <testcase classname="driver.Driver" name="executeTestcase" time="0.000"/>
  <testcase classname="driver.Driver" name="executeTestcase" time="0.000"/>
  <testcase classname="driver.Driver" name="executeTestcase" time="0.000"/>
  <testcase classname="driver.Driver" name="executeTestcase" time="0.016"/>
  <testcase classname="driver.Driver" name="executeTestcase" time="0.000"/>
  <testcase classname="driver.Driver" name="executeTestcase" time="0.000"/>
  <testcase classname="driver.Driver" name="executeTestcase" time="0.000"/>
  <testcase classname="driver.Driver" name="executeTestcase" time="308.029"/>
  <testcase classname="driver.Driver" name="executeTestcase" time="0.000"/>
  <testcase classname="driver.Driver" name="executeTestcase" time="0.000"/>
  <testcase classname="driver.Driver" name="executeTestcase" time="362.064"/>
  <testcase classname="driver.Driver" name="executeTestcase" time="0.000"/>
  <testcase classname="driver.Driver" name="executeTestcase" time="0.000"/>
  <testcase classname="driver.Driver" name="executeTestcase" time="0.000"/>
  <testcase classname="driver.Driver" name="executeTestcase" time="0.000"/>
  <testcase classname="driver.Driver" name="executeTestcase" time="0.000"/>
  <testcase classname="driver.Driver" name="executeTestcase" time="0.000"/>
  <testcase classname="driver.Driver" name="executeTestcase" time="0.000"/>
  <testcase classname="driver.Driver" name="executeTestcase" time="0.000"/>
  <testcase classname="driver.Driver" name="executeTestcase" time="0.000"/>
  <testcase classname="driver.Driver" name="executeTestcase" time="0.000"/>
  <testcase classname="driver.Driver" name="executeTestcase" time="0.000"/>
  <testcase classname="driver.Driver" name="executeTestcase" time="0.000"/>
  <testcase classname="driver.Driver" name="executeTestcase" time="1.571"/>
  <testcase classname="driver.Driver" name="executeTestcase" time="0.000"/>
  <testcase classname="driver.Driver" name="executeTestcase" time="0.000"/>
  <testcase classname="driver.Driver" name="executeTestcase" time="0.016"/>
  <testcase classname="driver.Driver" name="executeTestcase" time="0.000"/>
  <testcase classname="driver.Driver" name="executeTestcase" time="0.000"/>
  <testcase classname="driver.Driver" name="executeTestcase" time="0.000"/>
  <testcase classname="driver.Driver" name="executeTestcase" time="0.000"/>
  <testcase classname="driver.Driver" name="executeTestcase" time="0.000"/>
  <testcase classname="driver.Driver" name="executeTestcase" time="0.000"/>
  <testcase classname="driver.Driver" name="executeTestcase" time="0.000"/>
  <testcase classname="driver.Driver" name="executeTestcase" time="0.000"/>
  <testcase classname="driver.Driver" name="executeTestcase" time="0.000"/>
  <testcase classname="driver.Driver" name="executeTestcase" time="0.000"/>
  <testcase classname="driver.Driver" name="executeTestcase" time="0.000"/>
  <testcase classname="driver.Driver" name="executeTestcase" time="0.000"/>
  <testcase classname="driver.Driver" name="executeTestcase" time="0.000"/>
  <testcase classname="driver.Driver" name="executeTestcase" time="0.000"/>
  <testcase classname="driver.Driver" name="executeTestcase" time="0.000"/>
  <testcase classname="driver.Driver" name="executeTestcase" time="0.000"/>
  <testcase classname="driver.Driver" name="executeTestcase" time="0.016"/>
  <testcase classname="driver.Driver" name="executeTestcase" time="0.000"/>
  <testcase classname="driver.Driver" name="executeTestcase" time="0.000"/>
  <testcase classname="driver.Driver" name="executeTestcase" time="0.000"/>
  <testcase classname="driver.Driver" name="executeTestcase" time="0.000"/>
  <testcase classname="driver.Driver" name="executeTestcase" time="0.000"/>
  <testcase classname="driver.Driver" name="executeTestcase" time="0.000"/>
  <testcase classname="driver.Driver" name="executeTestcase" time="0.000"/>
  <testcase classname="driver.Driver" name="executeTestcase" time="0.000"/>
  <testcase classname="driver.Driver" name="executeTestcase" time="0.000"/>
  <testcase classname="driver.Driver" name="executeTestcase" time="0.000"/>
  <testcase classname="driver.Driver" name="executeTestcase" time="3.237"/>
  <testcase classname="driver.Driver" name="executeTestcase" time="0.000"/>
  <testcase classname="driver.Driver" name="executeTestcase" time="0.000"/>
  <testcase classname="driver.Driver" name="executeTestcase" time="0.000"/>
  <testcase classname="driver.Driver" name="executeTestcase" time="1.586"/>
  <testcase classname="driver.Driver" name="executeTestcase" time="0.000"/>
  <testcase classname="driver.Driver" name="executeTestcase" time="1.519"/>
  <testcase classname="driver.Driver" name="executeTestcase" time="0.000"/>
  <testcase classname="driver.Driver" name="executeTestcase" time="0.000"/>
  <testcase classname="driver.Driver" name="executeTestcase" time="0.000"/>
  <testcase classname="driver.Driver" name="executeTestcase" time="1.814"/>
  <testcase classname="driver.Driver" name="executeTestcase" time="0.000"/>
  <testcase classname="driver.Driver" name="executeTestcase" time="0.000"/>
  <testcase classname="driver.Driver" name="executeTestcase" time="0.000"/>
  <testcase classname="driver.Driver" name="executeTestcase" time="0.000"/>
  <testcase classname="driver.Driver" name="executeTestcase" time="0.000"/>
  <testcase classname="driver.Driver" name="executeTestcase" time="0.000"/>
  <testcase classname="driver.Driver" name="executeTestcase" time="1.524"/>
  <testcase classname="driver.Driver" name="executeTestcase" time="0.000"/>
  <testcase classname="driver.Driver" name="executeTestcase" time="0.000"/>
  <testcase classname="driver.Driver" name="executeTestcase" time="0.000"/>
  <testcase classname="driver.Driver" name="executeTestcase" time="0.000"/>
  <testcase classname="driver.Driver" name="executeTestcase" time="540.174"/>
  <testcase classname="driver.Driver" name="executeTestcase" time="1.539"/>
  <testcase classname="driver.Driver" name="executeTestcase" time="0.000"/>
  <testcase classname="driver.Driver" name="executeTestcase" time="0.000"/>
  <testcase classname="driver.Driver" name="executeTestcase" time="0.016"/>
  <testcase classname="driver.Driver" name="executeTestcase" time="0.000"/>
  <testcase classname="driver.Driver" name="executeTestcase" time="0.000"/>
  <testcase classname="driver.Driver" name="executeTestcase" time="0.000"/>
  <testcase classname="driver.Driver" name="executeTestcase" time="0.000"/>
  <testcase classname="driver.Driver" name="executeTestcase" time="0.000"/>
  <testcase classname="driver.Driver" name="executeTestcase" time="413.748"/>
  <testcase classname="driver.Driver" name="executeTestcase" time="0.000"/>
  <testcase classname="driver.Driver" name="executeTestcase" time="0.000"/>
  <testcase classname="driver.Driver" name="executeTestcase" time="0.000"/>
  <testcase classname="driver.Driver" name="executeTestcase" time="0.000"/>
  <testcase classname="driver.Driver" name="executeTestcase" time="0.000"/>
  <testcase classname="driver.Driver" name="executeTestcase" time="0.000"/>
  <testcase classname="driver.Driver" name="executeTestcase" time="0.000"/>
  <testcase classname="driver.Driver" name="executeTestcase" time="0.000"/>
  <testcase classname="driver.Driver" name="executeTestcase" time="129.059">
    <error type="java.lang.reflect.InvocationTargetException">
      <![CDATA[java.lang.reflect.InvocationTargetException
at java.base/jdk.internal.reflect.DirectMethodHandleAccessor.invoke(DirectMethodHandleAccessor.java:119)
at java.base/java.lang.reflect.Method.invoke(Method.java:578)
at driver.Driver.executeTestcase(Driver.java:217)
at java.base/jdk.internal.reflect.DirectMethodHandleAccessor.invoke(DirectMethodHandleAccessor.java:104)
at java.base/java.lang.reflect.Method.invoke(Method.java:578)
at org.testng.internal.invokers.MethodInvocationHelper.invokeMethod(MethodInvocationHelper.java:139)
at org.testng.internal.invokers.TestInvoker.invokeMethod(TestInvoker.java:664)
at org.testng.internal.invokers.TestInvoker.invokeTestMethod(TestInvoker.java:227)
at org.testng.internal.invokers.MethodRunner.runInSequence(MethodRunner.java:50)
at org.testng.internal.invokers.TestInvoker$MethodInvocationAgent.invoke(TestInvoker.java:957)
at org.testng.internal.invokers.TestInvoker.invokeTestMethods(TestInvoker.java:200)
at org.testng.internal.invokers.TestMethodWorker.invokeTestMethods(TestMethodWorker.java:148)
at org.testng.internal.invokers.TestMethodWorker.run(TestMethodWorker.java:128)
at java.base/java.util.ArrayList.forEach(ArrayList.java:1511)
at org.testng.TestRunner.privateRun(TestRunner.java:848)
at org.testng.TestRunner.run(TestRunner.java:621)
at org.testng.SuiteRunner.runTest(SuiteRunner.java:443)
at org.testng.SuiteRunner.runSequentially(SuiteRunner.java:437)
at org.testng.SuiteRunner.privateRun(SuiteRunner.java:397)
at org.testng.SuiteRunner.run(SuiteRunner.java:336)
at org.testng.SuiteRunnerWorker.runSuite(SuiteRunnerWorker.java:52)
at org.testng.SuiteRunnerWorker.run(SuiteRunnerWorker.java:95)
at org.testng.TestNG.runSuitesSequentially(TestNG.java:1280)
at org.testng.TestNG.runSuitesLocally(TestNG.java:1200)
at org.testng.TestNG.runSuites(TestNG.java:1114)
at org.testng.TestNG.run(TestNG.java:1082)
at org.testng.remote.AbstractRemoteTestNG.run(AbstractRemoteTestNG.java:115)
at org.testng.remote.RemoteTestNG.initAndRun(RemoteTestNG.java:251)
at org.testng.remote.RemoteTestNG.main(RemoteTestNG.java:77)
Caused by: org.openqa.selenium.NoSuchElementException: no such element: Unable to locate element: {"method":"xpath","selector":"//span[text()='Task']"}
  (Session info: chrome=118.0.5993.71)
For documentation on this error, please visit: https://www.seleniumhq.org/exceptions/no_such_element.html
Build info: version: '4.0.0-alpha-1', revision: 'd1d3728cae', time: '2019-04-24T13:42:21'
System info: host: 'Z3P5PUGDEV0059', ip: '10.99.61.0', os.name: 'Windows 11', os.arch: 'amd64', os.version: '10.0', java.version: '19'
Driver info: org.openqa.selenium.chrome.ChromeDriver
Capabilities {acceptInsecureCerts: false, browserName: chrome, browserVersion: 118.0.5993.71, chrome: {chromedriverVersion: 118.0.5993.70 (e52f33f30b91..., userDataDir: E:\vkamala2\AppData\Local\T...}, fedcm:accounts: true, goog:chromeOptions: {debuggerAddress: localhost:61676}, javascriptEnabled: true, networkConnectionEnabled: false, pageLoadStrategy: normal, platform: WINDOWS, platformName: WINDOWS, proxy: Proxy(), setWindowRect: true, strictFileInteractability: false, timeouts: {implicit: 0, pageLoad: 300000, script: 30000}, unhandledPromptBehavior: dismiss and notify, webauthn:extension:credBlob: true, webauthn:extension:largeBlob: true, webauthn:extension:minPinLength: true, webauthn:extension:prf: true, webauthn:virtualAuthenticators: true}
Session ID: 6b7c6bb5b6edd118b54cc1f1288baf33
*** Element info: {Using=xpath, value=//span[text()='Task']}
at java.base/jdk.internal.reflect.DirectConstructorHandleAccessor.newInstance(DirectConstructorHandleAccessor.java:67)
at java.base/java.lang.reflect.Constructor.newInstanceWithCaller(Constructor.java:500)
at java.base/java.lang.reflect.Constructor.newInstance(Constructor.java:484)
at org.openqa.selenium.remote.codec.w3c.W3CHttpResponseCodec.createException(W3CHttpResponseCodec.java:190)
at org.openqa.selenium.remote.codec.w3c.W3CHttpResponseCodec.decode(W3CHttpResponseCodec.java:124)
at org.openqa.selenium.remote.codec.w3c.W3CHttpResponseCodec.decode(W3CHttpResponseCodec.java:51)
at org.openqa.selenium.remote.HttpCommandExecutor.execute(HttpCommandExecutor.java:161)
at org.openqa.selenium.remote.service.DriverCommandExecutor.execute(DriverCommandExecutor.java:83)
at org.openqa.selenium.remote.RemoteWebDriver.execute(RemoteWebDriver.java:577)
at org.openqa.selenium.remote.RemoteWebDriver.findElement(RemoteWebDriver.java:328)
at org.openqa.selenium.remote.RemoteWebDriver.findElementByXPath(RemoteWebDriver.java:446)
at org.openqa.selenium.By$ByXPath.findElement(By.java:353)
at org.openqa.selenium.remote.RemoteWebDriver.findElement(RemoteWebDriver.java:320)
at java.base/jdk.internal.reflect.DirectMethodHandleAccessor.invoke(DirectMethodHandleAccessor.java:104)
at java.base/java.lang.reflect.Method.invoke(Method.java:578)
at org.openqa.selenium.support.events.EventFiringWebDriver.lambda$new$1(EventFiringWebDriver.java:106)
at jdk.proxy2/jdk.proxy2.$Proxy10.findElement(Unknown Source)
at org.openqa.selenium.support.events.EventFiringWebDriver.findElement(EventFiringWebDriver.java:195)
at pages.MemberFormPage.clickNewTaskActivity(MemberFormPage.java:707)
at testcases.Activities.TestCase_8886.TaskActivity(TestCase_8886.java:41)
at java.base/jdk.internal.reflect.DirectMethodHandleAccessor.invoke(DirectMethodHandleAccessor.java:104)
... 28 more
]]>
    </error>
  </testcase> <!-- executeTestcase -->
  <testcase classname="driver.Driver" name="executeTestcase" time="0.000"/>
  <testcase classname="driver.Driver" name="executeTestcase" time="0.000"/>
  <testcase classname="driver.Driver" name="executeTestcase" time="0.000"/>
  <testcase classname="driver.Driver" name="executeTestcase" time="0.000"/>
  <testcase classname="driver.Driver" name="executeTestcase" time="0.000"/>
  <testcase classname="driver.Driver" name="executeTestcase" time="0.000"/>
  <testcase classname="driver.Driver" name="executeTestcase" time="0.000"/>
  <testcase classname="driver.Driver" name="executeTestcase" time="0.000"/>
  <testcase classname="driver.Driver" name="executeTestcase" time="1.602"/>
  <testcase classname="driver.Driver" name="executeTestcase" time="0.000"/>
  <testcase classname="driver.Driver" name="executeTestcase" time="0.016"/>
  <testcase classname="driver.Driver" name="executeTestcase" time="0.000"/>
  <testcase classname="driver.Driver" name="executeTestcase" time="0.000"/>
  <testcase classname="driver.Driver" name="executeTestcase" time="0.000"/>
  <testcase classname="driver.Driver" name="executeTestcase" time="0.000"/>
  <testcase classname="driver.Driver" name="executeTestcase" time="1.601"/>
  <testcase classname="driver.Driver" name="executeTestcase" time="0.000"/>
  <testcase classname="driver.Driver" name="executeTestcase" time="0.000"/>
  <testcase classname="driver.Driver" name="executeTestcase" time="0.030"/>
  <testcase classname="driver.Driver" name="executeTestcase" time="0.000"/>
  <testcase classname="driver.Driver" name="executeTestcase" time="0.000"/>
  <testcase classname="driver.Driver" name="executeTestcase" time="0.000"/>
  <testcase classname="driver.Driver" name="executeTestcase" time="0.000"/>
  <testcase classname="driver.Driver" name="executeTestcase" time="0.000"/>
  <testcase classname="driver.Driver" name="executeTestcase" time="1.539"/>
  <testcase classname="driver.Driver" name="executeTestcase" time="0.000"/>
  <testcase classname="driver.Driver" name="executeTestcase" time="0.000"/>
  <testcase classname="driver.Driver" name="executeTestcase" time="0.000"/>
  <testcase classname="driver.Driver" name="executeTestcase" time="0.000"/>
  <testcase classname="driver.Driver" name="executeTestcase" time="0.000"/>
  <testcase classname="driver.Driver" name="executeTestcase" time="0.000"/>
  <testcase classname="driver.Driver" name="executeTestcase" time="1.586"/>
  <testcase classname="driver.Driver" name="executeTestcase" time="0.000"/>
  <testcase classname="driver.Driver" name="executeTestcase" time="0.000"/>
  <testcase classname="driver.Driver" name="executeTestcase" time="0.000"/>
  <testcase classname="driver.Driver" name="executeTestcase" time="0.000"/>
  <testcase classname="driver.Driver" name="executeTestcase" time="0.000"/>
  <testcase classname="driver.Driver" name="executeTestcase" time="0.000"/>
  <testcase classname="driver.Driver" name="executeTestcase" time="0.000"/>
  <testcase classname="driver.Driver" name="executeTestcase" time="0.000"/>
  <testcase classname="driver.Driver" name="executeTestcase" time="0.000"/>
  <testcase classname="driver.Driver" name="executeTestcase" time="0.000"/>
  <testcase classname="driver.Driver" name="executeTestcase" time="0.016"/>
  <testcase classname="driver.Driver" name="executeTestcase" time="0.000"/>
  <testcase classname="driver.Driver" name="executeTestcase" time="0.000"/>
  <testcase classname="driver.Driver" name="executeTestcase" time="0.000"/>
  <testcase classname="driver.Driver" name="executeTestcase" time="0.000"/>
  <testcase classname="driver.Driver" name="executeTestcase" time="0.000"/>
  <testcase classname="driver.Driver" name="executeTestcase" time="0.000"/>
  <testcase classname="driver.Driver" name="executeTestcase" time="0.000"/>
  <testcase classname="driver.Driver" name="executeTestcase" time="398.421"/>
  <testcase classname="driver.Driver" name="executeTestcase" time="0.000"/>
  <testcase classname="driver.Driver" name="executeTestcase" time="0.000"/>
  <testcase classname="driver.Driver" name="executeTestcase" time="0.032"/>
  <testcase classname="driver.Driver" name="executeTestcase" time="306.805"/>
  <testcase classname="driver.Driver" name="executeTestcase" time="0.000"/>
  <testcase classname="driver.Driver" name="executeTestcase" time="0.000"/>
  <testcase classname="driver.Driver" name="executeTestcase" time="0.000"/>
  <testcase classname="driver.Driver" name="executeTestcase" time="0.000"/>
  <testcase classname="driver.Driver" name="executeTestcase" time="0.000"/>
  <testcase classname="driver.Driver" name="executeTestcase" time="0.016"/>
  <testcase classname="driver.Driver" name="executeTestcase" time="1.656"/>
  <testcase classname="driver.Driver" name="executeTestcase" time="0.000"/>
  <testcase classname="driver.Driver" name="executeTestcase" time="1.684"/>
  <testcase classname="driver.Driver" name="executeTestcase" time="0.000"/>
  <testcase classname="driver.Driver" name="executeTestcase" time="0.000"/>
  <testcase classname="driver.Driver" name="executeTestcase" time="0.000"/>
  <testcase classname="driver.Driver" name="executeTestcase" time="0.000"/>
  <testcase classname="driver.Driver" name="executeTestcase" time="0.000"/>
  <testcase classname="driver.Driver" name="executeTestcase" time="0.032"/>
  <testcase classname="driver.Driver" name="executeTestcase" time="0.000"/>
  <testcase classname="driver.Driver" name="executeTestcase" time="0.000"/>
  <testcase classname="driver.Driver" name="executeTestcase" time="1.520"/>
  <testcase classname="driver.Driver" name="executeTestcase" time="307.271"/>
  <testcase classname="driver.Driver" name="executeTestcase" time="0.000"/>
  <testcase classname="driver.Driver" name="executeTestcase" time="0.000"/>
  <testcase classname="driver.Driver" name="executeTestcase" time="0.015"/>
  <testcase classname="driver.Driver" name="executeTestcase" time="0.031"/>
  <testcase classname="driver.Driver" name="executeTestcase" time="0.000"/>
  <testcase classname="driver.Driver" name="executeTestcase" time="0.016"/>
  <testcase classname="driver.Driver" name="executeTestcase" time="335.120"/>
  <testcase classname="driver.Driver" name="executeTestcase" time="265.073"/>
  <testcase classname="driver.Driver" name="executeTestcase" time="0.000"/>
  <testcase classname="driver.Driver" name="executeTestcase" time="0.000"/>
  <testcase classname="driver.Driver" name="executeTestcase" time="0.000"/>
  <testcase classname="driver.Driver" name="executeTestcase" time="413.419"/>
  <testcase classname="driver.Driver" name="executeTestcase" time="0.000"/>
  <testcase classname="driver.Driver" name="executeTestcase" time="0.000"/>
  <testcase classname="driver.Driver" name="executeTestcase" time="0.000"/>
  <testcase classname="driver.Driver" name="executeTestcase" time="0.000"/>
  <testcase classname="driver.Driver" name="executeTestcase" time="0.000"/>
  <testcase classname="driver.Driver" name="executeTestcase" time="0.000"/>
  <testcase classname="driver.Driver" name="executeTestcase" time="1.637"/>
  <testcase classname="driver.Driver" name="executeTestcase" time="327.968"/>
  <testcase classname="driver.Driver" name="executeTestcase" time="253.902"/>
  <testcase classname="driver.Driver" name="executeTestcase" time="0.000"/>
  <testcase classname="driver.Driver" name="executeTestcase" time="490.471"/>
  <testcase classname="driver.Driver" name="executeTestcase" time="0.000"/>
  <testcase classname="driver.Driver" name="executeTestcase" time="288.208"/>
  <testcase classname="driver.Driver" name="executeTestcase" time="0.000"/>
  <testcase classname="driver.Driver" name="executeTestcase" time="0.000"/>
  <testcase classname="driver.Driver" name="executeTestcase" time="0.031"/>
  <testcase classname="driver.Driver" name="executeTestcase" time="0.000"/>
  <testcase classname="driver.Driver" name="executeTestcase" time="0.000"/>
  <testcase classname="driver.Driver" name="executeTestcase" time="0.000"/>
  <testcase classname="driver.Driver" name="executeTestcase" time="0.000"/>
  <testcase classname="driver.Driver" name="executeTestcase" time="0.000"/>
  <testcase classname="driver.Driver" name="executeTestcase" time="0.000"/>
  <testcase classname="driver.Driver" name="executeTestcase" time="0.000"/>
  <testcase classname="driver.Driver" name="executeTestcase" time="0.000"/>
  <testcase classname="driver.Driver" name="executeTestcase" time="0.000"/>
  <testcase classname="driver.Driver" name="executeTestcase" time="0.000"/>
  <testcase classname="driver.Driver" name="executeTestcase" time="0.000"/>
  <testcase classname="driver.Driver" name="executeTestcase" time="0.000"/>
  <testcase classname="driver.Driver" name="executeTestcase" time="0.000"/>
  <testcase classname="driver.Driver" name="executeTestcase" time="0.000"/>
  <testcase classname="driver.Driver" name="executeTestcase" time="0.000"/>
  <testcase classname="driver.Driver" name="executeTestcase" time="0.000"/>
  <testcase classname="driver.Driver" name="executeTestcase" time="0.000"/>
  <testcase classname="driver.Driver" name="executeTestcase" time="0.000"/>
  <testcase classname="driver.Driver" name="executeTestcase" time="0.000"/>
  <testcase classname="driver.Driver" name="executeTestcase" time="300.520"/>
  <testcase classname="driver.Driver" name="executeTestcase" time="0.000"/>
  <testcase classname="driver.Driver" name="executeTestcase" time="0.000"/>
  <testcase classname="driver.Driver" name="executeTestcase" time="336.700"/>
  <testcase classname="driver.Driver" name="executeTestcase" time="0.000"/>
  <testcase classname="driver.Driver" name="executeTestcase" time="0.000"/>
  <testcase classname="driver.Driver" name="executeTestcase" time="0.000"/>
  <testcase classname="driver.Driver" name="executeTestcase" time="0.000"/>
  <testcase classname="driver.Driver" name="executeTestcase" time="0.000"/>
  <testcase classname="driver.Driver" name="executeTestcase" time="0.000"/>
  <testcase classname="driver.Driver" name="executeTestcase" time="0.000"/>
  <testcase classname="driver.Driver" name="executeTestcase" time="0.000"/>
  <testcase classname="driver.Driver" name="executeTestcase" time="0.000"/>
  <testcase classname="driver.Driver" name="executeTestcase" time="0.000"/>
  <testcase classname="driver.Driver" name="executeTestcase" time="0.000"/>
  <testcase classname="driver.Driver" name="executeTestcase" time="0.000"/>
  <testcase classname="driver.Driver" name="executeTestcase" time="0.000"/>
  <testcase classname="driver.Driver" name="executeTestcase" time="0.000"/>
  <testcase classname="driver.Driver" name="executeTestcase" time="0.000"/>
  <testcase classname="driver.Driver" name="executeTestcase" time="0.000"/>
  <testcase classname="driver.Driver" name="executeTestcase" time="311.956"/>
  <testcase classname="driver.Driver" name="executeTestcase" time="0.000"/>
  <testcase classname="driver.Driver" name="executeTestcase" time="0.000"/>
  <testcase classname="driver.Driver" name="executeTestcase" time="0.000"/>
  <testcase classname="driver.Driver" name="executeTestcase" time="0.000"/>
  <testcase classname="driver.Driver" name="executeTestcase" time="0.000"/>
  <testcase classname="driver.Driver" name="executeTestcase" time="0.000"/>
  <testcase classname="driver.Driver" name="executeTestcase" time="0.000"/>
  <testcase classname="driver.Driver" name="executeTestcase" time="0.000"/>
  <testcase classname="driver.Driver" name="executeTestcase" time="0.000"/>
  <testcase classname="driver.Driver" name="executeTestcase" time="1.555"/>
  <testcase classname="driver.Driver" name="executeTestcase" time="0.000"/>
  <testcase classname="driver.Driver" name="executeTestcase" time="0.000"/>
  <testcase classname="driver.Driver" name="executeTestcase" time="0.000"/>
  <testcase classname="driver.Driver" name="executeTestcase" time="0.000"/>
  <testcase classname="driver.Driver" name="executeTestcase" time="0.000"/>
  <testcase classname="driver.Driver" name="executeTestcase" time="1.685"/>
  <testcase classname="driver.Driver" name="executeTestcase" time="0.000"/>
  <testcase classname="driver.Driver" name="executeTestcase" time="0.000"/>
  <testcase classname="driver.Driver" name="executeTestcase" time="0.000"/>
  <testcase classname="driver.Driver" name="executeTestcase" time="0.000"/>
</testsuite> <!-- driver.Driver -->
