<?xml version="1.0" encoding="UTF-8"?>
<!-- Generated by org.testng.reporters.JUnitReportReporter -->
<testsuite hostname="Z3P5PUGDEV0062" failures="0" tests="404" name="driver.Driver" time="139.637" errors="0" timestamp="2023-12-12T20:23:43 IST" skipped="0">
  <testcase classname="driver.Driver" name="executeTestcase" time="0.002"/>
  <system-out/>
  <testcase classname="driver.Driver" name="executeTestcase" time="0.001"/>
  <system-out/>
  <testcase classname="driver.Driver" name="executeTestcase" time="0.001"/>
  <system-out/>
  <testcase classname="driver.Driver" name="executeTestcase" time="0.003"/>
  <system-out/>
  <testcase classname="driver.Driver" name="executeTestcase" time="0.002"/>
  <system-out/>
  <testcase classname="driver.Driver" name="executeTestcase" time="0.003"/>
  <system-out/>
  <testcase classname="driver.Driver" name="executeTestcase" time="0.001"/>
  <system-out/>
  <testcase classname="driver.Driver" name="executeTestcase" time="0.000"/>
  <system-out/>
  <testcase classname="driver.Driver" name="executeTestcase" time="0.002"/>
  <system-out/>
  <testcase classname="driver.Driver" name="executeTestcase" time="0.001"/>
  <system-out/>
  <testcase classname="driver.Driver" name="executeTestcase" time="0.002"/>
  <system-out/>
  <testcase classname="driver.Driver" name="executeTestcase" time="0.001"/>
  <system-out/>
  <testcase classname="driver.Driver" name="executeTestcase" time="0.002"/>
  <system-out/>
  <testcase classname="driver.Driver" name="executeTestcase" time="0.003"/>
  <system-out/>
  <testcase classname="driver.Driver" name="executeTestcase" time="0.003"/>
  <system-out/>
  <testcase classname="driver.Driver" name="executeTestcase" time="0.002"/>
  <system-out/>
  <testcase classname="driver.Driver" name="executeTestcase" time="0.003"/>
  <system-out/>
  <testcase classname="driver.Driver" name="executeTestcase" time="0.001"/>
  <system-out/>
  <testcase classname="driver.Driver" name="executeTestcase" time="0.002"/>
  <system-out/>
  <testcase classname="driver.Driver" name="executeTestcase" time="0.002"/>
  <system-out/>
  <testcase classname="driver.Driver" name="executeTestcase" time="0.002"/>
  <system-out/>
  <testcase classname="driver.Driver" name="executeTestcase" time="0.002"/>
  <system-out/>
  <testcase classname="driver.Driver" name="executeTestcase" time="0.002"/>
  <system-out/>
  <testcase classname="driver.Driver" name="executeTestcase" time="0.001"/>
  <system-out/>
  <testcase classname="driver.Driver" name="executeTestcase" time="0.003"/>
  <system-out/>
  <testcase classname="driver.Driver" name="executeTestcase" time="0.002"/>
  <system-out/>
  <testcase classname="driver.Driver" name="executeTestcase" time="0.001"/>
  <system-out/>
  <testcase classname="driver.Driver" name="executeTestcase" time="0.001"/>
  <system-out/>
  <testcase classname="driver.Driver" name="executeTestcase" time="0.001"/>
  <system-out/>
  <testcase classname="driver.Driver" name="executeTestcase" time="0.002"/>
  <system-out/>
  <testcase classname="driver.Driver" name="executeTestcase" time="0.002"/>
  <system-out/>
  <testcase classname="driver.Driver" name="executeTestcase" time="0.003"/>
  <system-out/>
  <testcase classname="driver.Driver" name="executeTestcase" time="0.001"/>
  <system-out/>
  <testcase classname="driver.Driver" name="executeTestcase" time="0.002"/>
  <system-out/>
  <testcase classname="driver.Driver" name="executeTestcase" time="0.002"/>
  <system-out/>
  <testcase classname="driver.Driver" name="executeTestcase" time="0.002"/>
  <system-out/>
  <testcase classname="driver.Driver" name="executeTestcase" time="0.002"/>
  <system-out/>
  <testcase classname="driver.Driver" name="executeTestcase" time="0.002"/>
  <system-out/>
  <testcase classname="driver.Driver" name="executeTestcase" time="0.002"/>
  <system-out/>
  <testcase classname="driver.Driver" name="executeTestcase" time="0.001"/>
  <system-out/>
  <testcase classname="driver.Driver" name="executeTestcase" time="0.002"/>
  <system-out/>
  <testcase classname="driver.Driver" name="executeTestcase" time="0.002"/>
  <system-out/>
  <testcase classname="driver.Driver" name="executeTestcase" time="0.002"/>
  <system-out/>
  <testcase classname="driver.Driver" name="executeTestcase" time="0.002"/>
  <system-out/>
  <testcase classname="driver.Driver" name="executeTestcase" time="0.003"/>
  <system-out/>
  <testcase classname="driver.Driver" name="executeTestcase" time="0.003"/>
  <system-out/>
  <testcase classname="driver.Driver" name="executeTestcase" time="0.001"/>
  <system-out/>
  <testcase classname="driver.Driver" name="executeTestcase" time="0.005"/>
  <system-out/>
  <testcase classname="driver.Driver" name="executeTestcase" time="0.001"/>
  <system-out/>
  <testcase classname="driver.Driver" name="executeTestcase" time="0.002"/>
  <system-out/>
  <testcase classname="driver.Driver" name="executeTestcase" time="0.001"/>
  <system-out/>
  <testcase classname="driver.Driver" name="executeTestcase" time="0.001"/>
  <system-out/>
  <testcase classname="driver.Driver" name="executeTestcase" time="0.002"/>
  <system-out/>
  <testcase classname="driver.Driver" name="executeTestcase" time="0.002"/>
  <system-out/>
  <testcase classname="driver.Driver" name="executeTestcase" time="0.002"/>
  <system-out/>
  <testcase classname="driver.Driver" name="executeTestcase" time="0.002"/>
  <system-out/>
  <testcase classname="driver.Driver" name="executeTestcase" time="0.002"/>
  <system-out/>
  <testcase classname="driver.Driver" name="executeTestcase" time="0.002"/>
  <system-out/>
  <testcase classname="driver.Driver" name="executeTestcase" time="0.001"/>
  <system-out/>
  <testcase classname="driver.Driver" name="executeTestcase" time="0.002"/>
  <system-out/>
  <testcase classname="driver.Driver" name="executeTestcase" time="0.002"/>
  <system-out/>
  <testcase classname="driver.Driver" name="executeTestcase" time="0.002"/>
  <system-out/>
  <testcase classname="driver.Driver" name="executeTestcase" time="0.003"/>
  <system-out/>
  <testcase classname="driver.Driver" name="executeTestcase" time="0.002"/>
  <system-out/>
  <testcase classname="driver.Driver" name="executeTestcase" time="0.002"/>
  <system-out/>
  <testcase classname="driver.Driver" name="executeTestcase" time="4.504"/>
  <system-out/>
  <testcase classname="driver.Driver" name="executeTestcase" time="0.002"/>
  <system-out/>
  <testcase classname="driver.Driver" name="executeTestcase" time="0.001"/>
  <system-out/>
  <testcase classname="driver.Driver" name="executeTestcase" time="0.002"/>
  <system-out/>
  <testcase classname="driver.Driver" name="executeTestcase" time="0.002"/>
  <system-out/>
  <testcase classname="driver.Driver" name="executeTestcase" time="134.434"/>
  <system-out/>
  <testcase classname="driver.Driver" name="executeTestcase" time="0.001"/>
  <system-out/>
  <testcase classname="driver.Driver" name="executeTestcase" time="0.002"/>
  <system-out/>
  <testcase classname="driver.Driver" name="executeTestcase" time="0.001"/>
  <system-out/>
  <testcase classname="driver.Driver" name="executeTestcase" time="0.001"/>
  <system-out/>
  <testcase classname="driver.Driver" name="executeTestcase" time="0.002"/>
  <system-out/>
  <testcase classname="driver.Driver" name="executeTestcase" time="0.001"/>
  <system-out/>
  <testcase classname="driver.Driver" name="executeTestcase" time="0.001"/>
  <system-out/>
  <testcase classname="driver.Driver" name="executeTestcase" time="0.003"/>
  <system-out/>
  <testcase classname="driver.Driver" name="executeTestcase" time="0.003"/>
  <system-out/>
  <testcase classname="driver.Driver" name="executeTestcase" time="0.002"/>
  <system-out/>
  <testcase classname="driver.Driver" name="executeTestcase" time="0.002"/>
  <system-out/>
  <testcase classname="driver.Driver" name="executeTestcase" time="0.002"/>
  <system-out/>
  <testcase classname="driver.Driver" name="executeTestcase" time="0.002"/>
  <system-out/>
  <testcase classname="driver.Driver" name="executeTestcase" time="0.001"/>
  <system-out/>
  <testcase classname="driver.Driver" name="executeTestcase" time="0.003"/>
  <system-out/>
  <testcase classname="driver.Driver" name="executeTestcase" time="0.002"/>
  <system-out/>
  <testcase classname="driver.Driver" name="executeTestcase" time="0.002"/>
  <system-out/>
  <testcase classname="driver.Driver" name="executeTestcase" time="0.002"/>
  <system-out/>
  <testcase classname="driver.Driver" name="executeTestcase" time="0.001"/>
  <system-out/>
  <testcase classname="driver.Driver" name="executeTestcase" time="0.002"/>
  <system-out/>
  <testcase classname="driver.Driver" name="executeTestcase" time="0.001"/>
  <system-out/>
  <testcase classname="driver.Driver" name="executeTestcase" time="0.002"/>
  <system-out/>
  <testcase classname="driver.Driver" name="executeTestcase" time="0.018"/>
  <system-out/>
  <testcase classname="driver.Driver" name="executeTestcase" time="0.005"/>
  <system-out/>
  <testcase classname="driver.Driver" name="executeTestcase" time="0.001"/>
  <system-out/>
  <testcase classname="driver.Driver" name="executeTestcase" time="0.000"/>
  <system-out/>
  <testcase classname="driver.Driver" name="executeTestcase" time="0.001"/>
  <system-out/>
  <testcase classname="driver.Driver" name="executeTestcase" time="0.001"/>
  <system-out/>
  <testcase classname="driver.Driver" name="executeTestcase" time="0.002"/>
  <system-out/>
  <testcase classname="driver.Driver" name="executeTestcase" time="0.004"/>
  <system-out/>
  <testcase classname="driver.Driver" name="executeTestcase" time="0.001"/>
  <system-out/>
  <testcase classname="driver.Driver" name="executeTestcase" time="0.003"/>
  <system-out/>
  <testcase classname="driver.Driver" name="executeTestcase" time="0.002"/>
  <system-out/>
  <testcase classname="driver.Driver" name="executeTestcase" time="0.004"/>
  <system-out/>
  <testcase classname="driver.Driver" name="executeTestcase" time="0.001"/>
  <system-out/>
  <testcase classname="driver.Driver" name="executeTestcase" time="0.001"/>
  <system-out/>
  <testcase classname="driver.Driver" name="executeTestcase" time="0.002"/>
  <system-out/>
  <testcase classname="driver.Driver" name="executeTestcase" time="0.002"/>
  <system-out/>
  <testcase classname="driver.Driver" name="executeTestcase" time="0.001"/>
  <system-out/>
  <testcase classname="driver.Driver" name="executeTestcase" time="0.001"/>
  <system-out/>
  <testcase classname="driver.Driver" name="executeTestcase" time="0.001"/>
  <system-out/>
  <testcase classname="driver.Driver" name="executeTestcase" time="0.001"/>
  <system-out/>
  <testcase classname="driver.Driver" name="executeTestcase" time="0.001"/>
  <system-out/>
  <testcase classname="driver.Driver" name="executeTestcase" time="0.001"/>
  <system-out/>
  <testcase classname="driver.Driver" name="executeTestcase" time="0.001"/>
  <system-out/>
  <testcase classname="driver.Driver" name="executeTestcase" time="0.001"/>
  <system-out/>
  <testcase classname="driver.Driver" name="executeTestcase" time="0.001"/>
  <system-out/>
  <testcase classname="driver.Driver" name="executeTestcase" time="0.002"/>
  <system-out/>
  <testcase classname="driver.Driver" name="executeTestcase" time="0.002"/>
  <system-out/>
  <testcase classname="driver.Driver" name="executeTestcase" time="0.002"/>
  <system-out/>
  <testcase classname="driver.Driver" name="executeTestcase" time="0.003"/>
  <system-out/>
  <testcase classname="driver.Driver" name="executeTestcase" time="0.002"/>
  <system-out/>
  <testcase classname="driver.Driver" name="executeTestcase" time="0.001"/>
  <system-out/>
  <testcase classname="driver.Driver" name="executeTestcase" time="0.002"/>
  <system-out/>
  <testcase classname="driver.Driver" name="executeTestcase" time="0.003"/>
  <system-out/>
  <testcase classname="driver.Driver" name="executeTestcase" time="0.001"/>
  <system-out/>
  <testcase classname="driver.Driver" name="executeTestcase" time="0.001"/>
  <system-out/>
  <testcase classname="driver.Driver" name="executeTestcase" time="0.001"/>
  <system-out/>
  <testcase classname="driver.Driver" name="executeTestcase" time="0.001"/>
  <system-out/>
  <testcase classname="driver.Driver" name="executeTestcase" time="0.002"/>
  <system-out/>
  <testcase classname="driver.Driver" name="executeTestcase" time="0.001"/>
  <system-out/>
  <testcase classname="driver.Driver" name="executeTestcase" time="0.001"/>
  <system-out/>
  <testcase classname="driver.Driver" name="executeTestcase" time="0.001"/>
  <system-out/>
  <testcase classname="driver.Driver" name="executeTestcase" time="0.001"/>
  <system-out/>
  <testcase classname="driver.Driver" name="executeTestcase" time="0.001"/>
  <system-out/>
  <testcase classname="driver.Driver" name="executeTestcase" time="0.003"/>
  <system-out/>
  <testcase classname="driver.Driver" name="executeTestcase" time="0.002"/>
  <system-out/>
  <testcase classname="driver.Driver" name="executeTestcase" time="0.002"/>
  <system-out/>
  <testcase classname="driver.Driver" name="executeTestcase" time="0.001"/>
  <system-out/>
  <testcase classname="driver.Driver" name="executeTestcase" time="0.002"/>
  <system-out/>
  <testcase classname="driver.Driver" name="executeTestcase" time="0.001"/>
  <system-out/>
  <testcase classname="driver.Driver" name="executeTestcase" time="0.004"/>
  <system-out/>
  <testcase classname="driver.Driver" name="executeTestcase" time="0.001"/>
  <system-out/>
  <testcase classname="driver.Driver" name="executeTestcase" time="0.002"/>
  <system-out/>
  <testcase classname="driver.Driver" name="executeTestcase" time="0.004"/>
  <system-out/>
  <testcase classname="driver.Driver" name="executeTestcase" time="0.002"/>
  <system-out/>
  <testcase classname="driver.Driver" name="executeTestcase" time="0.001"/>
  <system-out/>
  <testcase classname="driver.Driver" name="executeTestcase" time="0.002"/>
  <system-out/>
  <testcase classname="driver.Driver" name="executeTestcase" time="0.001"/>
  <system-out/>
  <testcase classname="driver.Driver" name="executeTestcase" time="0.002"/>
  <system-out/>
  <testcase classname="driver.Driver" name="executeTestcase" time="0.001"/>
  <system-out/>
  <testcase classname="driver.Driver" name="executeTestcase" time="0.003"/>
  <system-out/>
  <testcase classname="driver.Driver" name="executeTestcase" time="0.001"/>
  <system-out/>
  <testcase classname="driver.Driver" name="executeTestcase" time="0.001"/>
  <system-out/>
  <testcase classname="driver.Driver" name="executeTestcase" time="0.001"/>
  <system-out/>
  <testcase classname="driver.Driver" name="executeTestcase" time="0.001"/>
  <system-out/>
  <testcase classname="driver.Driver" name="executeTestcase" time="0.002"/>
  <system-out/>
  <testcase classname="driver.Driver" name="executeTestcase" time="0.001"/>
  <system-out/>
  <testcase classname="driver.Driver" name="executeTestcase" time="0.002"/>
  <system-out/>
  <testcase classname="driver.Driver" name="executeTestcase" time="0.001"/>
  <system-out/>
  <testcase classname="driver.Driver" name="executeTestcase" time="0.002"/>
  <system-out/>
  <testcase classname="driver.Driver" name="executeTestcase" time="0.001"/>
  <system-out/>
  <testcase classname="driver.Driver" name="executeTestcase" time="0.002"/>
  <system-out/>
  <testcase classname="driver.Driver" name="executeTestcase" time="0.001"/>
  <system-out/>
  <testcase classname="driver.Driver" name="executeTestcase" time="0.002"/>
  <system-out/>
  <testcase classname="driver.Driver" name="executeTestcase" time="0.002"/>
  <system-out/>
  <testcase classname="driver.Driver" name="executeTestcase" time="0.002"/>
  <system-out/>
  <testcase classname="driver.Driver" name="executeTestcase" time="0.001"/>
  <system-out/>
  <testcase classname="driver.Driver" name="executeTestcase" time="0.002"/>
  <system-out/>
  <testcase classname="driver.Driver" name="executeTestcase" time="0.000"/>
  <system-out/>
  <testcase classname="driver.Driver" name="executeTestcase" time="0.001"/>
  <system-out/>
  <testcase classname="driver.Driver" name="executeTestcase" time="0.003"/>
  <system-out/>
  <testcase classname="driver.Driver" name="executeTestcase" time="0.002"/>
  <system-out/>
  <testcase classname="driver.Driver" name="executeTestcase" time="0.002"/>
  <system-out/>
  <testcase classname="driver.Driver" name="executeTestcase" time="0.001"/>
  <system-out/>
  <testcase classname="driver.Driver" name="executeTestcase" time="0.001"/>
  <system-out/>
  <testcase classname="driver.Driver" name="executeTestcase" time="0.002"/>
  <system-out/>
  <testcase classname="driver.Driver" name="executeTestcase" time="0.002"/>
  <system-out/>
  <testcase classname="driver.Driver" name="executeTestcase" time="0.003"/>
  <system-out/>
  <testcase classname="driver.Driver" name="executeTestcase" time="0.002"/>
  <system-out/>
  <testcase classname="driver.Driver" name="executeTestcase" time="0.003"/>
  <system-out/>
  <testcase classname="driver.Driver" name="executeTestcase" time="0.002"/>
  <system-out/>
  <testcase classname="driver.Driver" name="executeTestcase" time="0.001"/>
  <system-out/>
  <testcase classname="driver.Driver" name="executeTestcase" time="0.002"/>
  <system-out/>
  <testcase classname="driver.Driver" name="executeTestcase" time="0.002"/>
  <system-out/>
  <testcase classname="driver.Driver" name="executeTestcase" time="0.002"/>
  <system-out/>
  <testcase classname="driver.Driver" name="executeTestcase" time="0.001"/>
  <system-out/>
  <testcase classname="driver.Driver" name="executeTestcase" time="0.001"/>
  <system-out/>
  <testcase classname="driver.Driver" name="executeTestcase" time="0.002"/>
  <system-out/>
  <testcase classname="driver.Driver" name="executeTestcase" time="0.001"/>
  <system-out/>
  <testcase classname="driver.Driver" name="executeTestcase" time="0.003"/>
  <system-out/>
  <testcase classname="driver.Driver" name="executeTestcase" time="0.002"/>
  <system-out/>
  <testcase classname="driver.Driver" name="executeTestcase" time="0.001"/>
  <system-out/>
  <testcase classname="driver.Driver" name="executeTestcase" time="0.001"/>
  <system-out/>
  <testcase classname="driver.Driver" name="executeTestcase" time="0.002"/>
  <system-out/>
  <testcase classname="driver.Driver" name="executeTestcase" time="0.001"/>
  <system-out/>
  <testcase classname="driver.Driver" name="executeTestcase" time="0.003"/>
  <system-out/>
  <testcase classname="driver.Driver" name="executeTestcase" time="0.002"/>
  <system-out/>
  <testcase classname="driver.Driver" name="executeTestcase" time="0.002"/>
  <system-out/>
  <testcase classname="driver.Driver" name="executeTestcase" time="0.002"/>
  <system-out/>
  <testcase classname="driver.Driver" name="executeTestcase" time="0.002"/>
  <system-out/>
  <testcase classname="driver.Driver" name="executeTestcase" time="0.001"/>
  <system-out/>
  <testcase classname="driver.Driver" name="executeTestcase" time="0.001"/>
  <system-out/>
  <testcase classname="driver.Driver" name="executeTestcase" time="0.002"/>
  <system-out/>
  <testcase classname="driver.Driver" name="executeTestcase" time="0.001"/>
  <system-out/>
  <testcase classname="driver.Driver" name="executeTestcase" time="0.002"/>
  <system-out/>
  <testcase classname="driver.Driver" name="executeTestcase" time="0.002"/>
  <system-out/>
  <testcase classname="driver.Driver" name="executeTestcase" time="0.001"/>
  <system-out/>
  <testcase classname="driver.Driver" name="executeTestcase" time="0.002"/>
  <system-out/>
  <testcase classname="driver.Driver" name="executeTestcase" time="0.002"/>
  <system-out/>
  <testcase classname="driver.Driver" name="executeTestcase" time="0.001"/>
  <system-out/>
  <testcase classname="driver.Driver" name="executeTestcase" time="0.002"/>
  <system-out/>
  <testcase classname="driver.Driver" name="executeTestcase" time="0.001"/>
  <system-out/>
  <testcase classname="driver.Driver" name="executeTestcase" time="0.002"/>
  <system-out/>
  <testcase classname="driver.Driver" name="executeTestcase" time="0.001"/>
  <system-out/>
  <testcase classname="driver.Driver" name="executeTestcase" time="0.001"/>
  <system-out/>
  <testcase classname="driver.Driver" name="executeTestcase" time="0.001"/>
  <system-out/>
  <testcase classname="driver.Driver" name="executeTestcase" time="0.001"/>
  <system-out/>
  <testcase classname="driver.Driver" name="executeTestcase" time="0.001"/>
  <system-out/>
  <testcase classname="driver.Driver" name="executeTestcase" time="0.000"/>
  <system-out/>
  <testcase classname="driver.Driver" name="executeTestcase" time="0.001"/>
  <system-out/>
  <testcase classname="driver.Driver" name="executeTestcase" time="0.001"/>
  <system-out/>
  <testcase classname="driver.Driver" name="executeTestcase" time="0.001"/>
  <system-out/>
  <testcase classname="driver.Driver" name="executeTestcase" time="0.002"/>
  <system-out/>
  <testcase classname="driver.Driver" name="executeTestcase" time="0.002"/>
  <system-out/>
  <testcase classname="driver.Driver" name="executeTestcase" time="0.002"/>
  <system-out/>
  <testcase classname="driver.Driver" name="executeTestcase" time="0.002"/>
  <system-out/>
  <testcase classname="driver.Driver" name="executeTestcase" time="0.002"/>
  <system-out/>
  <testcase classname="driver.Driver" name="executeTestcase" time="0.002"/>
  <system-out/>
  <testcase classname="driver.Driver" name="executeTestcase" time="0.001"/>
  <system-out/>
  <testcase classname="driver.Driver" name="executeTestcase" time="0.002"/>
  <system-out/>
  <testcase classname="driver.Driver" name="executeTestcase" time="0.001"/>
  <system-out/>
  <testcase classname="driver.Driver" name="executeTestcase" time="0.002"/>
  <system-out/>
  <testcase classname="driver.Driver" name="executeTestcase" time="0.001"/>
  <system-out/>
  <testcase classname="driver.Driver" name="executeTestcase" time="0.001"/>
  <system-out/>
  <testcase classname="driver.Driver" name="executeTestcase" time="0.002"/>
  <system-out/>
  <testcase classname="driver.Driver" name="executeTestcase" time="0.001"/>
  <system-out/>
  <testcase classname="driver.Driver" name="executeTestcase" time="0.002"/>
  <system-out/>
  <testcase classname="driver.Driver" name="executeTestcase" time="0.001"/>
  <system-out/>
  <testcase classname="driver.Driver" name="executeTestcase" time="0.002"/>
  <system-out/>
  <testcase classname="driver.Driver" name="executeTestcase" time="0.002"/>
  <system-out/>
  <testcase classname="driver.Driver" name="executeTestcase" time="0.001"/>
  <system-out/>
  <testcase classname="driver.Driver" name="executeTestcase" time="0.002"/>
  <system-out/>
  <testcase classname="driver.Driver" name="executeTestcase" time="0.003"/>
  <system-out/>
  <testcase classname="driver.Driver" name="executeTestcase" time="0.001"/>
  <system-out/>
  <testcase classname="driver.Driver" name="executeTestcase" time="0.001"/>
  <system-out/>
  <testcase classname="driver.Driver" name="executeTestcase" time="0.001"/>
  <system-out/>
  <testcase classname="driver.Driver" name="executeTestcase" time="0.002"/>
  <system-out/>
  <testcase classname="driver.Driver" name="executeTestcase" time="0.001"/>
  <system-out/>
  <testcase classname="driver.Driver" name="executeTestcase" time="0.002"/>
  <system-out/>
  <testcase classname="driver.Driver" name="executeTestcase" time="0.001"/>
  <system-out/>
  <testcase classname="driver.Driver" name="executeTestcase" time="0.001"/>
  <system-out/>
  <testcase classname="driver.Driver" name="executeTestcase" time="0.000"/>
  <system-out/>
  <testcase classname="driver.Driver" name="executeTestcase" time="0.002"/>
  <system-out/>
  <testcase classname="driver.Driver" name="executeTestcase" time="0.001"/>
  <system-out/>
  <testcase classname="driver.Driver" name="executeTestcase" time="0.003"/>
  <system-out/>
  <testcase classname="driver.Driver" name="executeTestcase" time="0.002"/>
  <system-out/>
  <testcase classname="driver.Driver" name="executeTestcase" time="0.001"/>
  <system-out/>
  <testcase classname="driver.Driver" name="executeTestcase" time="0.002"/>
  <system-out/>
  <testcase classname="driver.Driver" name="executeTestcase" time="0.003"/>
  <system-out/>
  <testcase classname="driver.Driver" name="executeTestcase" time="0.003"/>
  <system-out/>
  <testcase classname="driver.Driver" name="executeTestcase" time="0.002"/>
  <system-out/>
  <testcase classname="driver.Driver" name="executeTestcase" time="0.001"/>
  <system-out/>
  <testcase classname="driver.Driver" name="executeTestcase" time="0.001"/>
  <system-out/>
  <testcase classname="driver.Driver" name="executeTestcase" time="0.001"/>
  <system-out/>
  <testcase classname="driver.Driver" name="executeTestcase" time="0.001"/>
  <system-out/>
  <testcase classname="driver.Driver" name="executeTestcase" time="0.001"/>
  <system-out/>
  <testcase classname="driver.Driver" name="executeTestcase" time="0.002"/>
  <system-out/>
  <testcase classname="driver.Driver" name="executeTestcase" time="0.001"/>
  <system-out/>
  <testcase classname="driver.Driver" name="executeTestcase" time="0.001"/>
  <system-out/>
  <testcase classname="driver.Driver" name="executeTestcase" time="0.003"/>
  <system-out/>
  <testcase classname="driver.Driver" name="executeTestcase" time="0.002"/>
  <system-out/>
  <testcase classname="driver.Driver" name="executeTestcase" time="0.002"/>
  <system-out/>
  <testcase classname="driver.Driver" name="executeTestcase" time="0.003"/>
  <system-out/>
  <testcase classname="driver.Driver" name="executeTestcase" time="0.002"/>
  <system-out/>
  <testcase classname="driver.Driver" name="executeTestcase" time="0.002"/>
  <system-out/>
  <testcase classname="driver.Driver" name="executeTestcase" time="0.002"/>
  <system-out/>
  <testcase classname="driver.Driver" name="executeTestcase" time="0.001"/>
  <system-out/>
  <testcase classname="driver.Driver" name="executeTestcase" time="0.001"/>
  <system-out/>
  <testcase classname="driver.Driver" name="executeTestcase" time="0.003"/>
  <system-out/>
  <testcase classname="driver.Driver" name="executeTestcase" time="0.002"/>
  <system-out/>
  <testcase classname="driver.Driver" name="executeTestcase" time="0.001"/>
  <system-out/>
  <testcase classname="driver.Driver" name="executeTestcase" time="0.001"/>
  <system-out/>
  <testcase classname="driver.Driver" name="executeTestcase" time="0.001"/>
  <system-out/>
  <testcase classname="driver.Driver" name="executeTestcase" time="0.002"/>
  <system-out/>
  <testcase classname="driver.Driver" name="executeTestcase" time="0.001"/>
  <system-out/>
  <testcase classname="driver.Driver" name="executeTestcase" time="0.001"/>
  <system-out/>
  <testcase classname="driver.Driver" name="executeTestcase" time="0.003"/>
  <system-out/>
  <testcase classname="driver.Driver" name="executeTestcase" time="0.001"/>
  <system-out/>
  <testcase classname="driver.Driver" name="executeTestcase" time="0.001"/>
  <system-out/>
  <testcase classname="driver.Driver" name="executeTestcase" time="0.001"/>
  <system-out/>
  <testcase classname="driver.Driver" name="executeTestcase" time="0.001"/>
  <system-out/>
  <testcase classname="driver.Driver" name="executeTestcase" time="0.002"/>
  <system-out/>
  <testcase classname="driver.Driver" name="executeTestcase" time="0.001"/>
  <system-out/>
  <testcase classname="driver.Driver" name="executeTestcase" time="0.002"/>
  <system-out/>
  <testcase classname="driver.Driver" name="executeTestcase" time="0.002"/>
  <system-out/>
  <testcase classname="driver.Driver" name="executeTestcase" time="0.001"/>
  <system-out/>
  <testcase classname="driver.Driver" name="executeTestcase" time="0.002"/>
  <system-out/>
  <testcase classname="driver.Driver" name="executeTestcase" time="0.002"/>
  <system-out/>
  <testcase classname="driver.Driver" name="executeTestcase" time="0.001"/>
  <system-out/>
  <testcase classname="driver.Driver" name="executeTestcase" time="0.004"/>
  <system-out/>
  <testcase classname="driver.Driver" name="executeTestcase" time="0.001"/>
  <system-out/>
  <testcase classname="driver.Driver" name="executeTestcase" time="0.002"/>
  <system-out/>
  <testcase classname="driver.Driver" name="executeTestcase" time="0.001"/>
  <system-out/>
  <testcase classname="driver.Driver" name="executeTestcase" time="0.002"/>
  <system-out/>
  <testcase classname="driver.Driver" name="executeTestcase" time="0.001"/>
  <system-out/>
  <testcase classname="driver.Driver" name="executeTestcase" time="0.001"/>
  <system-out/>
  <testcase classname="driver.Driver" name="executeTestcase" time="0.002"/>
  <system-out/>
  <testcase classname="driver.Driver" name="executeTestcase" time="0.001"/>
  <system-out/>
  <testcase classname="driver.Driver" name="executeTestcase" time="0.001"/>
  <system-out/>
  <testcase classname="driver.Driver" name="executeTestcase" time="0.001"/>
  <system-out/>
  <testcase classname="driver.Driver" name="executeTestcase" time="0.001"/>
  <system-out/>
  <testcase classname="driver.Driver" name="executeTestcase" time="0.001"/>
  <system-out/>
  <testcase classname="driver.Driver" name="executeTestcase" time="0.002"/>
  <system-out/>
  <testcase classname="driver.Driver" name="executeTestcase" time="0.002"/>
  <system-out/>
  <testcase classname="driver.Driver" name="executeTestcase" time="0.001"/>
  <system-out/>
  <testcase classname="driver.Driver" name="executeTestcase" time="0.001"/>
  <system-out/>
  <testcase classname="driver.Driver" name="executeTestcase" time="0.001"/>
  <system-out/>
  <testcase classname="driver.Driver" name="executeTestcase" time="0.001"/>
  <system-out/>
  <testcase classname="driver.Driver" name="executeTestcase" time="0.001"/>
  <system-out/>
  <testcase classname="driver.Driver" name="executeTestcase" time="0.001"/>
  <system-out/>
  <testcase classname="driver.Driver" name="executeTestcase" time="0.003"/>
  <system-out/>
  <testcase classname="driver.Driver" name="executeTestcase" time="0.001"/>
  <system-out/>
  <testcase classname="driver.Driver" name="executeTestcase" time="0.002"/>
  <system-out/>
  <testcase classname="driver.Driver" name="executeTestcase" time="0.001"/>
  <system-out/>
  <testcase classname="driver.Driver" name="executeTestcase" time="0.001"/>
  <system-out/>
  <testcase classname="driver.Driver" name="executeTestcase" time="0.001"/>
  <system-out/>
  <testcase classname="driver.Driver" name="executeTestcase" time="0.005"/>
  <system-out/>
  <testcase classname="driver.Driver" name="executeTestcase" time="0.002"/>
  <system-out/>
  <testcase classname="driver.Driver" name="executeTestcase" time="0.003"/>
  <system-out/>
  <testcase classname="driver.Driver" name="executeTestcase" time="0.001"/>
  <system-out/>
  <testcase classname="driver.Driver" name="executeTestcase" time="0.002"/>
  <system-out/>
  <testcase classname="driver.Driver" name="executeTestcase" time="0.001"/>
  <system-out/>
  <testcase classname="driver.Driver" name="executeTestcase" time="0.002"/>
  <system-out/>
  <testcase classname="driver.Driver" name="executeTestcase" time="0.002"/>
  <system-out/>
  <testcase classname="driver.Driver" name="executeTestcase" time="0.002"/>
  <system-out/>
  <testcase classname="driver.Driver" name="executeTestcase" time="0.002"/>
  <system-out/>
  <testcase classname="driver.Driver" name="executeTestcase" time="0.001"/>
  <system-out/>
  <testcase classname="driver.Driver" name="executeTestcase" time="0.001"/>
  <system-out/>
  <testcase classname="driver.Driver" name="executeTestcase" time="0.003"/>
  <system-out/>
  <testcase classname="driver.Driver" name="executeTestcase" time="0.002"/>
  <system-out/>
  <testcase classname="driver.Driver" name="executeTestcase" time="0.001"/>
  <system-out/>
  <testcase classname="driver.Driver" name="executeTestcase" time="0.002"/>
  <system-out/>
  <testcase classname="driver.Driver" name="executeTestcase" time="0.001"/>
  <system-out/>
  <testcase classname="driver.Driver" name="executeTestcase" time="0.002"/>
  <system-out/>
  <testcase classname="driver.Driver" name="executeTestcase" time="0.001"/>
  <system-out/>
  <testcase classname="driver.Driver" name="executeTestcase" time="0.001"/>
  <system-out/>
  <testcase classname="driver.Driver" name="executeTestcase" time="0.003"/>
  <system-out/>
  <testcase classname="driver.Driver" name="executeTestcase" time="0.001"/>
  <system-out/>
  <testcase classname="driver.Driver" name="executeTestcase" time="0.001"/>
  <system-out/>
  <testcase classname="driver.Driver" name="executeTestcase" time="0.001"/>
  <system-out/>
  <testcase classname="driver.Driver" name="executeTestcase" time="0.003"/>
  <system-out/>
  <testcase classname="driver.Driver" name="executeTestcase" time="0.002"/>
  <system-out/>
  <testcase classname="driver.Driver" name="executeTestcase" time="0.001"/>
  <system-out/>
  <testcase classname="driver.Driver" name="executeTestcase" time="0.002"/>
  <system-out/>
  <testcase classname="driver.Driver" name="executeTestcase" time="0.002"/>
  <system-out/>
  <testcase classname="driver.Driver" name="executeTestcase" time="0.001"/>
  <system-out/>
  <testcase classname="driver.Driver" name="executeTestcase" time="0.002"/>
  <system-out/>
  <testcase classname="driver.Driver" name="executeTestcase" time="0.002"/>
  <system-out/>
  <testcase classname="driver.Driver" name="executeTestcase" time="0.001"/>
  <system-out/>
  <testcase classname="driver.Driver" name="executeTestcase" time="0.003"/>
  <system-out/>
  <testcase classname="driver.Driver" name="executeTestcase" time="0.001"/>
  <system-out/>
  <testcase classname="driver.Driver" name="executeTestcase" time="0.001"/>
  <system-out/>
  <testcase classname="driver.Driver" name="executeTestcase" time="0.002"/>
  <system-out/>
  <testcase classname="driver.Driver" name="executeTestcase" time="0.001"/>
  <system-out/>
  <testcase classname="driver.Driver" name="executeTestcase" time="0.002"/>
  <system-out/>
  <testcase classname="driver.Driver" name="executeTestcase" time="0.002"/>
  <system-out/>
  <testcase classname="driver.Driver" name="executeTestcase" time="0.002"/>
  <system-out/>
  <testcase classname="driver.Driver" name="executeTestcase" time="0.002"/>
  <system-out/>
  <testcase classname="driver.Driver" name="executeTestcase" time="0.003"/>
  <system-out/>
  <testcase classname="driver.Driver" name="executeTestcase" time="0.001"/>
  <system-out/>
  <testcase classname="driver.Driver" name="executeTestcase" time="0.002"/>
  <system-out/>
  <testcase classname="driver.Driver" name="executeTestcase" time="0.002"/>
  <system-out/>
  <testcase classname="driver.Driver" name="executeTestcase" time="0.003"/>
  <system-out/>
  <testcase classname="driver.Driver" name="executeTestcase" time="0.002"/>
  <system-out/>
  <testcase classname="driver.Driver" name="executeTestcase" time="0.002"/>
  <system-out/>
  <testcase classname="driver.Driver" name="executeTestcase" time="0.002"/>
  <system-out/>
  <testcase classname="driver.Driver" name="executeTestcase" time="0.002"/>
  <system-out/>
  <testcase classname="driver.Driver" name="executeTestcase" time="0.001"/>
  <system-out/>
  <testcase classname="driver.Driver" name="executeTestcase" time="0.001"/>
  <system-out/>
  <testcase classname="driver.Driver" name="executeTestcase" time="0.001"/>
  <system-out/>
  <testcase classname="driver.Driver" name="executeTestcase" time="0.003"/>
  <system-out/>
  <testcase classname="driver.Driver" name="executeTestcase" time="0.002"/>
  <system-out/>
  <testcase classname="driver.Driver" name="executeTestcase" time="0.001"/>
  <system-out/>
  <testcase classname="driver.Driver" name="executeTestcase" time="0.001"/>
  <system-out/>
  <testcase classname="driver.Driver" name="executeTestcase" time="0.003"/>
  <system-out/>
  <testcase classname="driver.Driver" name="executeTestcase" time="0.003"/>
  <system-out/>
  <testcase classname="driver.Driver" name="executeTestcase" time="0.002"/>
  <system-out/>
  <testcase classname="driver.Driver" name="executeTestcase" time="0.002"/>
  <system-out/>
  <testcase classname="driver.Driver" name="executeTestcase" time="0.001"/>
  <system-out/>
  <testcase classname="driver.Driver" name="executeTestcase" time="0.001"/>
  <system-out/>
  <testcase classname="driver.Driver" name="executeTestcase" time="0.002"/>
  <system-out/>
  <testcase classname="driver.Driver" name="executeTestcase" time="0.000"/>
  <system-out/>
  <testcase classname="driver.Driver" name="executeTestcase" time="0.001"/>
  <system-out/>
  <testcase classname="driver.Driver" name="executeTestcase" time="0.002"/>
  <system-out/>
  <testcase classname="driver.Driver" name="executeTestcase" time="0.002"/>
  <system-out/>
  <testcase classname="driver.Driver" name="executeTestcase" time="0.004"/>
  <system-out/>
  <testcase classname="driver.Driver" name="executeTestcase" time="0.002"/>
  <system-out/>
  <testcase classname="driver.Driver" name="executeTestcase" time="0.002"/>
  <system-out/>
  <testcase classname="driver.Driver" name="executeTestcase" time="0.001"/>
  <system-out/>
  <testcase classname="driver.Driver" name="executeTestcase" time="0.002"/>
  <system-out/>
  <testcase classname="driver.Driver" name="executeTestcase" time="0.003"/>
  <system-out/>
  <testcase classname="driver.Driver" name="executeTestcase" time="0.001"/>
  <system-out/>
</testsuite> <!-- driver.Driver -->
