<?xml version="1.0" encoding="UTF-8"?>
<!-- Generated by org.testng.reporters.JUnitReportReporter -->
<testsuite hostname="Z3P5PUGDEV0062" failures="0" tests="376" name="driver.Driver" time="124.330" errors="0" timestamp="2023-12-06T19:09:16 IST" skipped="0">
  <testcase classname="driver.Driver" name="executeTestcase" time="0.001"/>
  <system-out/>
  <testcase classname="driver.Driver" name="executeTestcase" time="0.001"/>
  <system-out/>
  <testcase classname="driver.Driver" name="executeTestcase" time="0.002"/>
  <system-out/>
  <testcase classname="driver.Driver" name="executeTestcase" time="0.002"/>
  <system-out/>
  <testcase classname="driver.Driver" name="executeTestcase" time="0.002"/>
  <system-out/>
  <testcase classname="driver.Driver" name="executeTestcase" time="0.005"/>
  <system-out/>
  <testcase classname="driver.Driver" name="executeTestcase" time="0.002"/>
  <system-out/>
  <testcase classname="driver.Driver" name="executeTestcase" time="0.001"/>
  <system-out/>
  <testcase classname="driver.Driver" name="executeTestcase" time="0.001"/>
  <system-out/>
  <testcase classname="driver.Driver" name="executeTestcase" time="0.003"/>
  <system-out/>
  <testcase classname="driver.Driver" name="executeTestcase" time="0.002"/>
  <system-out/>
  <testcase classname="driver.Driver" name="executeTestcase" time="0.001"/>
  <system-out/>
  <testcase classname="driver.Driver" name="executeTestcase" time="0.002"/>
  <system-out/>
  <testcase classname="driver.Driver" name="executeTestcase" time="0.001"/>
  <system-out/>
  <testcase classname="driver.Driver" name="executeTestcase" time="0.001"/>
  <system-out/>
  <testcase classname="driver.Driver" name="executeTestcase" time="0.002"/>
  <system-out/>
  <testcase classname="driver.Driver" name="executeTestcase" time="0.001"/>
  <system-out/>
  <testcase classname="driver.Driver" name="executeTestcase" time="0.001"/>
  <system-out/>
  <testcase classname="driver.Driver" name="executeTestcase" time="0.002"/>
  <system-out/>
  <testcase classname="driver.Driver" name="executeTestcase" time="0.002"/>
  <system-out/>
  <testcase classname="driver.Driver" name="executeTestcase" time="0.001"/>
  <system-out/>
  <testcase classname="driver.Driver" name="executeTestcase" time="0.001"/>
  <system-out/>
  <testcase classname="driver.Driver" name="executeTestcase" time="0.003"/>
  <system-out/>
  <testcase classname="driver.Driver" name="executeTestcase" time="0.001"/>
  <system-out/>
  <testcase classname="driver.Driver" name="executeTestcase" time="0.001"/>
  <system-out/>
  <testcase classname="driver.Driver" name="executeTestcase" time="0.002"/>
  <system-out/>
  <testcase classname="driver.Driver" name="executeTestcase" time="0.003"/>
  <system-out/>
  <testcase classname="driver.Driver" name="executeTestcase" time="0.001"/>
  <system-out/>
  <testcase classname="driver.Driver" name="executeTestcase" time="0.001"/>
  <system-out/>
  <testcase classname="driver.Driver" name="executeTestcase" time="0.002"/>
  <system-out/>
  <testcase classname="driver.Driver" name="executeTestcase" time="0.002"/>
  <system-out/>
  <testcase classname="driver.Driver" name="executeTestcase" time="0.002"/>
  <system-out/>
  <testcase classname="driver.Driver" name="executeTestcase" time="0.000"/>
  <system-out/>
  <testcase classname="driver.Driver" name="executeTestcase" time="0.002"/>
  <system-out/>
  <testcase classname="driver.Driver" name="executeTestcase" time="0.001"/>
  <system-out/>
  <testcase classname="driver.Driver" name="executeTestcase" time="0.001"/>
  <system-out/>
  <testcase classname="driver.Driver" name="executeTestcase" time="0.002"/>
  <system-out/>
  <testcase classname="driver.Driver" name="executeTestcase" time="0.002"/>
  <system-out/>
  <testcase classname="driver.Driver" name="executeTestcase" time="0.001"/>
  <system-out/>
  <testcase classname="driver.Driver" name="executeTestcase" time="0.001"/>
  <system-out/>
  <testcase classname="driver.Driver" name="executeTestcase" time="0.001"/>
  <system-out/>
  <testcase classname="driver.Driver" name="executeTestcase" time="0.002"/>
  <system-out/>
  <testcase classname="driver.Driver" name="executeTestcase" time="0.004"/>
  <system-out/>
  <testcase classname="driver.Driver" name="executeTestcase" time="0.003"/>
  <system-out/>
  <testcase classname="driver.Driver" name="executeTestcase" time="0.001"/>
  <system-out/>
  <testcase classname="driver.Driver" name="executeTestcase" time="0.002"/>
  <system-out/>
  <testcase classname="driver.Driver" name="executeTestcase" time="0.002"/>
  <system-out/>
  <testcase classname="driver.Driver" name="executeTestcase" time="0.001"/>
  <system-out/>
  <testcase classname="driver.Driver" name="executeTestcase" time="0.002"/>
  <system-out/>
  <testcase classname="driver.Driver" name="executeTestcase" time="0.001"/>
  <system-out/>
  <testcase classname="driver.Driver" name="executeTestcase" time="0.001"/>
  <system-out/>
  <testcase classname="driver.Driver" name="executeTestcase" time="0.001"/>
  <system-out/>
  <testcase classname="driver.Driver" name="executeTestcase" time="0.003"/>
  <system-out/>
  <testcase classname="driver.Driver" name="executeTestcase" time="0.001"/>
  <system-out/>
  <testcase classname="driver.Driver" name="executeTestcase" time="0.001"/>
  <system-out/>
  <testcase classname="driver.Driver" name="executeTestcase" time="0.002"/>
  <system-out/>
  <testcase classname="driver.Driver" name="executeTestcase" time="0.001"/>
  <system-out/>
  <testcase classname="driver.Driver" name="executeTestcase" time="0.001"/>
  <system-out/>
  <testcase classname="driver.Driver" name="executeTestcase" time="0.002"/>
  <system-out/>
  <testcase classname="driver.Driver" name="executeTestcase" time="0.004"/>
  <system-out/>
  <testcase classname="driver.Driver" name="executeTestcase" time="0.002"/>
  <system-out/>
  <testcase classname="driver.Driver" name="executeTestcase" time="0.003"/>
  <system-out/>
  <testcase classname="driver.Driver" name="executeTestcase" time="0.004"/>
  <system-out/>
  <testcase classname="driver.Driver" name="executeTestcase" time="5.026"/>
  <system-out/>
  <testcase classname="driver.Driver" name="executeTestcase" time="0.001"/>
  <system-out/>
  <testcase classname="driver.Driver" name="executeTestcase" time="0.003"/>
  <system-out/>
  <testcase classname="driver.Driver" name="executeTestcase" time="0.004"/>
  <system-out/>
  <testcase classname="driver.Driver" name="executeTestcase" time="0.002"/>
  <system-out/>
  <testcase classname="driver.Driver" name="executeTestcase" time="0.003"/>
  <system-out/>
  <testcase classname="driver.Driver" name="executeTestcase" time="0.002"/>
  <system-out/>
  <testcase classname="driver.Driver" name="executeTestcase" time="0.003"/>
  <system-out/>
  <testcase classname="driver.Driver" name="executeTestcase" time="0.001"/>
  <system-out/>
  <testcase classname="driver.Driver" name="executeTestcase" time="0.001"/>
  <system-out/>
  <testcase classname="driver.Driver" name="executeTestcase" time="0.003"/>
  <system-out/>
  <testcase classname="driver.Driver" name="executeTestcase" time="0.001"/>
  <system-out/>
  <testcase classname="driver.Driver" name="executeTestcase" time="0.002"/>
  <system-out/>
  <testcase classname="driver.Driver" name="executeTestcase" time="0.002"/>
  <system-out/>
  <testcase classname="driver.Driver" name="executeTestcase" time="0.001"/>
  <system-out/>
  <testcase classname="driver.Driver" name="executeTestcase" time="0.001"/>
  <system-out/>
  <testcase classname="driver.Driver" name="executeTestcase" time="0.001"/>
  <system-out/>
  <testcase classname="driver.Driver" name="executeTestcase" time="0.001"/>
  <system-out/>
  <testcase classname="driver.Driver" name="executeTestcase" time="0.001"/>
  <system-out/>
  <testcase classname="driver.Driver" name="executeTestcase" time="0.002"/>
  <system-out/>
  <testcase classname="driver.Driver" name="executeTestcase" time="0.002"/>
  <system-out/>
  <testcase classname="driver.Driver" name="executeTestcase" time="0.002"/>
  <system-out/>
  <testcase classname="driver.Driver" name="executeTestcase" time="0.002"/>
  <system-out/>
  <testcase classname="driver.Driver" name="executeTestcase" time="0.002"/>
  <system-out/>
  <testcase classname="driver.Driver" name="executeTestcase" time="0.002"/>
  <system-out/>
  <testcase classname="driver.Driver" name="executeTestcase" time="0.003"/>
  <system-out/>
  <testcase classname="driver.Driver" name="executeTestcase" time="0.002"/>
  <system-out/>
  <testcase classname="driver.Driver" name="executeTestcase" time="0.003"/>
  <system-out/>
  <testcase classname="driver.Driver" name="executeTestcase" time="0.001"/>
  <system-out/>
  <testcase classname="driver.Driver" name="executeTestcase" time="0.001"/>
  <system-out/>
  <testcase classname="driver.Driver" name="executeTestcase" time="0.001"/>
  <system-out/>
  <testcase classname="driver.Driver" name="executeTestcase" time="0.001"/>
  <system-out/>
  <testcase classname="driver.Driver" name="executeTestcase" time="0.004"/>
  <system-out/>
  <testcase classname="driver.Driver" name="executeTestcase" time="0.002"/>
  <system-out/>
  <testcase classname="driver.Driver" name="executeTestcase" time="0.002"/>
  <system-out/>
  <testcase classname="driver.Driver" name="executeTestcase" time="0.002"/>
  <system-out/>
  <testcase classname="driver.Driver" name="executeTestcase" time="0.002"/>
  <system-out/>
  <testcase classname="driver.Driver" name="executeTestcase" time="0.003"/>
  <system-out/>
  <testcase classname="driver.Driver" name="executeTestcase" time="0.002"/>
  <system-out/>
  <testcase classname="driver.Driver" name="executeTestcase" time="0.002"/>
  <system-out/>
  <testcase classname="driver.Driver" name="executeTestcase" time="0.001"/>
  <system-out/>
  <testcase classname="driver.Driver" name="executeTestcase" time="0.003"/>
  <system-out/>
  <testcase classname="driver.Driver" name="executeTestcase" time="0.001"/>
  <system-out/>
  <testcase classname="driver.Driver" name="executeTestcase" time="0.002"/>
  <system-out/>
  <testcase classname="driver.Driver" name="executeTestcase" time="0.001"/>
  <system-out/>
  <testcase classname="driver.Driver" name="executeTestcase" time="0.002"/>
  <system-out/>
  <testcase classname="driver.Driver" name="executeTestcase" time="0.001"/>
  <system-out/>
  <testcase classname="driver.Driver" name="executeTestcase" time="0.001"/>
  <system-out/>
  <testcase classname="driver.Driver" name="executeTestcase" time="0.002"/>
  <system-out/>
  <testcase classname="driver.Driver" name="executeTestcase" time="0.002"/>
  <system-out/>
  <testcase classname="driver.Driver" name="executeTestcase" time="0.001"/>
  <system-out/>
  <testcase classname="driver.Driver" name="executeTestcase" time="0.003"/>
  <system-out/>
  <testcase classname="driver.Driver" name="executeTestcase" time="0.001"/>
  <system-out/>
  <testcase classname="driver.Driver" name="executeTestcase" time="0.002"/>
  <system-out/>
  <testcase classname="driver.Driver" name="executeTestcase" time="0.002"/>
  <system-out/>
  <testcase classname="driver.Driver" name="executeTestcase" time="0.003"/>
  <system-out/>
  <testcase classname="driver.Driver" name="executeTestcase" time="0.002"/>
  <system-out/>
  <testcase classname="driver.Driver" name="executeTestcase" time="0.001"/>
  <system-out/>
  <testcase classname="driver.Driver" name="executeTestcase" time="0.002"/>
  <system-out/>
  <testcase classname="driver.Driver" name="executeTestcase" time="0.001"/>
  <system-out/>
  <testcase classname="driver.Driver" name="executeTestcase" time="0.001"/>
  <system-out/>
  <testcase classname="driver.Driver" name="executeTestcase" time="0.002"/>
  <system-out/>
  <testcase classname="driver.Driver" name="executeTestcase" time="0.003"/>
  <system-out/>
  <testcase classname="driver.Driver" name="executeTestcase" time="0.001"/>
  <system-out/>
  <testcase classname="driver.Driver" name="executeTestcase" time="0.002"/>
  <system-out/>
  <testcase classname="driver.Driver" name="executeTestcase" time="0.003"/>
  <system-out/>
  <testcase classname="driver.Driver" name="executeTestcase" time="0.002"/>
  <system-out/>
  <testcase classname="driver.Driver" name="executeTestcase" time="0.002"/>
  <system-out/>
  <testcase classname="driver.Driver" name="executeTestcase" time="0.002"/>
  <system-out/>
  <testcase classname="driver.Driver" name="executeTestcase" time="0.002"/>
  <system-out/>
  <testcase classname="driver.Driver" name="executeTestcase" time="0.001"/>
  <system-out/>
  <testcase classname="driver.Driver" name="executeTestcase" time="0.002"/>
  <system-out/>
  <testcase classname="driver.Driver" name="executeTestcase" time="0.001"/>
  <system-out/>
  <testcase classname="driver.Driver" name="executeTestcase" time="0.002"/>
  <system-out/>
  <testcase classname="driver.Driver" name="executeTestcase" time="0.002"/>
  <system-out/>
  <testcase classname="driver.Driver" name="executeTestcase" time="0.003"/>
  <system-out/>
  <testcase classname="driver.Driver" name="executeTestcase" time="0.001"/>
  <system-out/>
  <testcase classname="driver.Driver" name="executeTestcase" time="0.001"/>
  <system-out/>
  <testcase classname="driver.Driver" name="executeTestcase" time="0.001"/>
  <system-out/>
  <testcase classname="driver.Driver" name="executeTestcase" time="0.001"/>
  <system-out/>
  <testcase classname="driver.Driver" name="executeTestcase" time="0.001"/>
  <system-out/>
  <testcase classname="driver.Driver" name="executeTestcase" time="0.002"/>
  <system-out/>
  <testcase classname="driver.Driver" name="executeTestcase" time="0.002"/>
  <system-out/>
  <testcase classname="driver.Driver" name="executeTestcase" time="0.002"/>
  <system-out/>
  <testcase classname="driver.Driver" name="executeTestcase" time="0.002"/>
  <system-out/>
  <testcase classname="driver.Driver" name="executeTestcase" time="0.002"/>
  <system-out/>
  <testcase classname="driver.Driver" name="executeTestcase" time="0.002"/>
  <system-out/>
  <testcase classname="driver.Driver" name="executeTestcase" time="0.001"/>
  <system-out/>
  <testcase classname="driver.Driver" name="executeTestcase" time="0.001"/>
  <system-out/>
  <testcase classname="driver.Driver" name="executeTestcase" time="0.001"/>
  <system-out/>
  <testcase classname="driver.Driver" name="executeTestcase" time="0.001"/>
  <system-out/>
  <testcase classname="driver.Driver" name="executeTestcase" time="0.002"/>
  <system-out/>
  <testcase classname="driver.Driver" name="executeTestcase" time="0.002"/>
  <system-out/>
  <testcase classname="driver.Driver" name="executeTestcase" time="0.003"/>
  <system-out/>
  <testcase classname="driver.Driver" name="executeTestcase" time="0.005"/>
  <system-out/>
  <testcase classname="driver.Driver" name="executeTestcase" time="0.002"/>
  <system-out/>
  <testcase classname="driver.Driver" name="executeTestcase" time="0.001"/>
  <system-out/>
  <testcase classname="driver.Driver" name="executeTestcase" time="0.002"/>
  <system-out/>
  <testcase classname="driver.Driver" name="executeTestcase" time="0.002"/>
  <system-out/>
  <testcase classname="driver.Driver" name="executeTestcase" time="0.001"/>
  <system-out/>
  <testcase classname="driver.Driver" name="executeTestcase" time="0.001"/>
  <system-out/>
  <testcase classname="driver.Driver" name="executeTestcase" time="0.002"/>
  <system-out/>
  <testcase classname="driver.Driver" name="executeTestcase" time="0.001"/>
  <system-out/>
  <testcase classname="driver.Driver" name="executeTestcase" time="0.002"/>
  <system-out/>
  <testcase classname="driver.Driver" name="executeTestcase" time="0.003"/>
  <system-out/>
  <testcase classname="driver.Driver" name="executeTestcase" time="0.000"/>
  <system-out/>
  <testcase classname="driver.Driver" name="executeTestcase" time="0.003"/>
  <system-out/>
  <testcase classname="driver.Driver" name="executeTestcase" time="0.001"/>
  <system-out/>
  <testcase classname="driver.Driver" name="executeTestcase" time="0.002"/>
  <system-out/>
  <testcase classname="driver.Driver" name="executeTestcase" time="0.001"/>
  <system-out/>
  <testcase classname="driver.Driver" name="executeTestcase" time="0.001"/>
  <system-out/>
  <testcase classname="driver.Driver" name="executeTestcase" time="0.002"/>
  <system-out/>
  <testcase classname="driver.Driver" name="executeTestcase" time="0.002"/>
  <system-out/>
  <testcase classname="driver.Driver" name="executeTestcase" time="0.001"/>
  <system-out/>
  <testcase classname="driver.Driver" name="executeTestcase" time="0.001"/>
  <system-out/>
  <testcase classname="driver.Driver" name="executeTestcase" time="0.002"/>
  <system-out/>
  <testcase classname="driver.Driver" name="executeTestcase" time="0.001"/>
  <system-out/>
  <testcase classname="driver.Driver" name="executeTestcase" time="0.002"/>
  <system-out/>
  <testcase classname="driver.Driver" name="executeTestcase" time="0.001"/>
  <system-out/>
  <testcase classname="driver.Driver" name="executeTestcase" time="0.001"/>
  <system-out/>
  <testcase classname="driver.Driver" name="executeTestcase" time="0.003"/>
  <system-out/>
  <testcase classname="driver.Driver" name="executeTestcase" time="0.001"/>
  <system-out/>
  <testcase classname="driver.Driver" name="executeTestcase" time="0.003"/>
  <system-out/>
  <testcase classname="driver.Driver" name="executeTestcase" time="0.000"/>
  <system-out/>
  <testcase classname="driver.Driver" name="executeTestcase" time="0.004"/>
  <system-out/>
  <testcase classname="driver.Driver" name="executeTestcase" time="0.001"/>
  <system-out/>
  <testcase classname="driver.Driver" name="executeTestcase" time="0.001"/>
  <system-out/>
  <testcase classname="driver.Driver" name="executeTestcase" time="0.001"/>
  <system-out/>
  <testcase classname="driver.Driver" name="executeTestcase" time="0.001"/>
  <system-out/>
  <testcase classname="driver.Driver" name="executeTestcase" time="0.004"/>
  <system-out/>
  <testcase classname="driver.Driver" name="executeTestcase" time="0.001"/>
  <system-out/>
  <testcase classname="driver.Driver" name="executeTestcase" time="0.002"/>
  <system-out/>
  <testcase classname="driver.Driver" name="executeTestcase" time="118.618"/>
  <system-out/>
  <testcase classname="driver.Driver" name="executeTestcase" time="0.001"/>
  <system-out/>
  <testcase classname="driver.Driver" name="executeTestcase" time="0.001"/>
  <system-out/>
  <testcase classname="driver.Driver" name="executeTestcase" time="0.002"/>
  <system-out/>
  <testcase classname="driver.Driver" name="executeTestcase" time="0.007"/>
  <system-out/>
  <testcase classname="driver.Driver" name="executeTestcase" time="0.001"/>
  <system-out/>
  <testcase classname="driver.Driver" name="executeTestcase" time="0.001"/>
  <system-out/>
  <testcase classname="driver.Driver" name="executeTestcase" time="0.003"/>
  <system-out/>
  <testcase classname="driver.Driver" name="executeTestcase" time="0.001"/>
  <system-out/>
  <testcase classname="driver.Driver" name="executeTestcase" time="0.003"/>
  <system-out/>
  <testcase classname="driver.Driver" name="executeTestcase" time="0.002"/>
  <system-out/>
  <testcase classname="driver.Driver" name="executeTestcase" time="0.002"/>
  <system-out/>
  <testcase classname="driver.Driver" name="executeTestcase" time="0.003"/>
  <system-out/>
  <testcase classname="driver.Driver" name="executeTestcase" time="0.001"/>
  <system-out/>
  <testcase classname="driver.Driver" name="executeTestcase" time="0.005"/>
  <system-out/>
  <testcase classname="driver.Driver" name="executeTestcase" time="0.003"/>
  <system-out/>
  <testcase classname="driver.Driver" name="executeTestcase" time="0.002"/>
  <system-out/>
  <testcase classname="driver.Driver" name="executeTestcase" time="0.002"/>
  <system-out/>
  <testcase classname="driver.Driver" name="executeTestcase" time="0.001"/>
  <system-out/>
  <testcase classname="driver.Driver" name="executeTestcase" time="0.002"/>
  <system-out/>
  <testcase classname="driver.Driver" name="executeTestcase" time="0.002"/>
  <system-out/>
  <testcase classname="driver.Driver" name="executeTestcase" time="0.001"/>
  <system-out/>
  <testcase classname="driver.Driver" name="executeTestcase" time="0.002"/>
  <system-out/>
  <testcase classname="driver.Driver" name="executeTestcase" time="0.001"/>
  <system-out/>
  <testcase classname="driver.Driver" name="executeTestcase" time="0.002"/>
  <system-out/>
  <testcase classname="driver.Driver" name="executeTestcase" time="0.001"/>
  <system-out/>
  <testcase classname="driver.Driver" name="executeTestcase" time="0.000"/>
  <system-out/>
  <testcase classname="driver.Driver" name="executeTestcase" time="0.001"/>
  <system-out/>
  <testcase classname="driver.Driver" name="executeTestcase" time="0.001"/>
  <system-out/>
  <testcase classname="driver.Driver" name="executeTestcase" time="0.003"/>
  <system-out/>
  <testcase classname="driver.Driver" name="executeTestcase" time="0.001"/>
  <system-out/>
  <testcase classname="driver.Driver" name="executeTestcase" time="0.005"/>
  <system-out/>
  <testcase classname="driver.Driver" name="executeTestcase" time="0.001"/>
  <system-out/>
  <testcase classname="driver.Driver" name="executeTestcase" time="0.002"/>
  <system-out/>
  <testcase classname="driver.Driver" name="executeTestcase" time="0.008"/>
  <system-out/>
  <testcase classname="driver.Driver" name="executeTestcase" time="0.002"/>
  <system-out/>
  <testcase classname="driver.Driver" name="executeTestcase" time="0.002"/>
  <system-out/>
  <testcase classname="driver.Driver" name="executeTestcase" time="0.001"/>
  <system-out/>
  <testcase classname="driver.Driver" name="executeTestcase" time="0.003"/>
  <system-out/>
  <testcase classname="driver.Driver" name="executeTestcase" time="0.001"/>
  <system-out/>
  <testcase classname="driver.Driver" name="executeTestcase" time="0.001"/>
  <system-out/>
  <testcase classname="driver.Driver" name="executeTestcase" time="0.001"/>
  <system-out/>
  <testcase classname="driver.Driver" name="executeTestcase" time="0.002"/>
  <system-out/>
  <testcase classname="driver.Driver" name="executeTestcase" time="0.001"/>
  <system-out/>
  <testcase classname="driver.Driver" name="executeTestcase" time="0.002"/>
  <system-out/>
  <testcase classname="driver.Driver" name="executeTestcase" time="0.002"/>
  <system-out/>
  <testcase classname="driver.Driver" name="executeTestcase" time="0.001"/>
  <system-out/>
  <testcase classname="driver.Driver" name="executeTestcase" time="0.001"/>
  <system-out/>
  <testcase classname="driver.Driver" name="executeTestcase" time="0.002"/>
  <system-out/>
  <testcase classname="driver.Driver" name="executeTestcase" time="0.002"/>
  <system-out/>
  <testcase classname="driver.Driver" name="executeTestcase" time="0.002"/>
  <system-out/>
  <testcase classname="driver.Driver" name="executeTestcase" time="0.002"/>
  <system-out/>
  <testcase classname="driver.Driver" name="executeTestcase" time="0.003"/>
  <system-out/>
  <testcase classname="driver.Driver" name="executeTestcase" time="0.002"/>
  <system-out/>
  <testcase classname="driver.Driver" name="executeTestcase" time="0.001"/>
  <system-out/>
  <testcase classname="driver.Driver" name="executeTestcase" time="0.002"/>
  <system-out/>
  <testcase classname="driver.Driver" name="executeTestcase" time="0.002"/>
  <system-out/>
  <testcase classname="driver.Driver" name="executeTestcase" time="0.002"/>
  <system-out/>
  <testcase classname="driver.Driver" name="executeTestcase" time="0.005"/>
  <system-out/>
  <testcase classname="driver.Driver" name="executeTestcase" time="0.002"/>
  <system-out/>
  <testcase classname="driver.Driver" name="executeTestcase" time="0.003"/>
  <system-out/>
  <testcase classname="driver.Driver" name="executeTestcase" time="0.003"/>
  <system-out/>
  <testcase classname="driver.Driver" name="executeTestcase" time="0.002"/>
  <system-out/>
  <testcase classname="driver.Driver" name="executeTestcase" time="0.001"/>
  <system-out/>
  <testcase classname="driver.Driver" name="executeTestcase" time="0.002"/>
  <system-out/>
  <testcase classname="driver.Driver" name="executeTestcase" time="0.001"/>
  <system-out/>
  <testcase classname="driver.Driver" name="executeTestcase" time="0.002"/>
  <system-out/>
  <testcase classname="driver.Driver" name="executeTestcase" time="0.001"/>
  <system-out/>
  <testcase classname="driver.Driver" name="executeTestcase" time="0.001"/>
  <system-out/>
  <testcase classname="driver.Driver" name="executeTestcase" time="0.001"/>
  <system-out/>
  <testcase classname="driver.Driver" name="executeTestcase" time="0.002"/>
  <system-out/>
  <testcase classname="driver.Driver" name="executeTestcase" time="0.001"/>
  <system-out/>
  <testcase classname="driver.Driver" name="executeTestcase" time="0.001"/>
  <system-out/>
  <testcase classname="driver.Driver" name="executeTestcase" time="0.016"/>
  <system-out/>
  <testcase classname="driver.Driver" name="executeTestcase" time="0.003"/>
  <system-out/>
  <testcase classname="driver.Driver" name="executeTestcase" time="0.001"/>
  <system-out/>
  <testcase classname="driver.Driver" name="executeTestcase" time="0.002"/>
  <system-out/>
  <testcase classname="driver.Driver" name="executeTestcase" time="0.002"/>
  <system-out/>
  <testcase classname="driver.Driver" name="executeTestcase" time="0.002"/>
  <system-out/>
  <testcase classname="driver.Driver" name="executeTestcase" time="0.002"/>
  <system-out/>
  <testcase classname="driver.Driver" name="executeTestcase" time="0.001"/>
  <system-out/>
  <testcase classname="driver.Driver" name="executeTestcase" time="0.002"/>
  <system-out/>
  <testcase classname="driver.Driver" name="executeTestcase" time="0.002"/>
  <system-out/>
  <testcase classname="driver.Driver" name="executeTestcase" time="0.001"/>
  <system-out/>
  <testcase classname="driver.Driver" name="executeTestcase" time="0.001"/>
  <system-out/>
  <testcase classname="driver.Driver" name="executeTestcase" time="0.003"/>
  <system-out/>
  <testcase classname="driver.Driver" name="executeTestcase" time="0.002"/>
  <system-out/>
  <testcase classname="driver.Driver" name="executeTestcase" time="0.002"/>
  <system-out/>
  <testcase classname="driver.Driver" name="executeTestcase" time="0.001"/>
  <system-out/>
  <testcase classname="driver.Driver" name="executeTestcase" time="0.001"/>
  <system-out/>
  <testcase classname="driver.Driver" name="executeTestcase" time="0.002"/>
  <system-out/>
  <testcase classname="driver.Driver" name="executeTestcase" time="0.002"/>
  <system-out/>
  <testcase classname="driver.Driver" name="executeTestcase" time="0.001"/>
  <system-out/>
  <testcase classname="driver.Driver" name="executeTestcase" time="0.001"/>
  <system-out/>
  <testcase classname="driver.Driver" name="executeTestcase" time="0.001"/>
  <system-out/>
  <testcase classname="driver.Driver" name="executeTestcase" time="0.001"/>
  <system-out/>
  <testcase classname="driver.Driver" name="executeTestcase" time="0.000"/>
  <system-out/>
  <testcase classname="driver.Driver" name="executeTestcase" time="0.002"/>
  <system-out/>
  <testcase classname="driver.Driver" name="executeTestcase" time="0.001"/>
  <system-out/>
  <testcase classname="driver.Driver" name="executeTestcase" time="0.002"/>
  <system-out/>
  <testcase classname="driver.Driver" name="executeTestcase" time="0.001"/>
  <system-out/>
  <testcase classname="driver.Driver" name="executeTestcase" time="0.003"/>
  <system-out/>
  <testcase classname="driver.Driver" name="executeTestcase" time="0.002"/>
  <system-out/>
  <testcase classname="driver.Driver" name="executeTestcase" time="0.002"/>
  <system-out/>
  <testcase classname="driver.Driver" name="executeTestcase" time="0.001"/>
  <system-out/>
  <testcase classname="driver.Driver" name="executeTestcase" time="0.001"/>
  <system-out/>
  <testcase classname="driver.Driver" name="executeTestcase" time="0.001"/>
  <system-out/>
  <testcase classname="driver.Driver" name="executeTestcase" time="0.001"/>
  <system-out/>
  <testcase classname="driver.Driver" name="executeTestcase" time="0.001"/>
  <system-out/>
  <testcase classname="driver.Driver" name="executeTestcase" time="0.001"/>
  <system-out/>
  <testcase classname="driver.Driver" name="executeTestcase" time="0.001"/>
  <system-out/>
  <testcase classname="driver.Driver" name="executeTestcase" time="0.002"/>
  <system-out/>
  <testcase classname="driver.Driver" name="executeTestcase" time="0.001"/>
  <system-out/>
  <testcase classname="driver.Driver" name="executeTestcase" time="0.002"/>
  <system-out/>
  <testcase classname="driver.Driver" name="executeTestcase" time="0.001"/>
  <system-out/>
  <testcase classname="driver.Driver" name="executeTestcase" time="0.000"/>
  <system-out/>
  <testcase classname="driver.Driver" name="executeTestcase" time="0.001"/>
  <system-out/>
  <testcase classname="driver.Driver" name="executeTestcase" time="0.002"/>
  <system-out/>
  <testcase classname="driver.Driver" name="executeTestcase" time="0.002"/>
  <system-out/>
  <testcase classname="driver.Driver" name="executeTestcase" time="0.003"/>
  <system-out/>
  <testcase classname="driver.Driver" name="executeTestcase" time="0.002"/>
  <system-out/>
  <testcase classname="driver.Driver" name="executeTestcase" time="0.001"/>
  <system-out/>
  <testcase classname="driver.Driver" name="executeTestcase" time="0.001"/>
  <system-out/>
  <testcase classname="driver.Driver" name="executeTestcase" time="0.002"/>
  <system-out/>
  <testcase classname="driver.Driver" name="executeTestcase" time="0.002"/>
  <system-out/>
  <testcase classname="driver.Driver" name="executeTestcase" time="0.004"/>
  <system-out/>
  <testcase classname="driver.Driver" name="executeTestcase" time="0.003"/>
  <system-out/>
  <testcase classname="driver.Driver" name="executeTestcase" time="0.001"/>
  <system-out/>
  <testcase classname="driver.Driver" name="executeTestcase" time="0.002"/>
  <system-out/>
  <testcase classname="driver.Driver" name="executeTestcase" time="0.002"/>
  <system-out/>
  <testcase classname="driver.Driver" name="executeTestcase" time="0.001"/>
  <system-out/>
  <testcase classname="driver.Driver" name="executeTestcase" time="0.001"/>
  <system-out/>
  <testcase classname="driver.Driver" name="executeTestcase" time="0.003"/>
  <system-out/>
  <testcase classname="driver.Driver" name="executeTestcase" time="0.001"/>
  <system-out/>
  <testcase classname="driver.Driver" name="executeTestcase" time="0.001"/>
  <system-out/>
  <testcase classname="driver.Driver" name="executeTestcase" time="0.003"/>
  <system-out/>
  <testcase classname="driver.Driver" name="executeTestcase" time="0.005"/>
  <system-out/>
  <testcase classname="driver.Driver" name="executeTestcase" time="0.001"/>
  <system-out/>
  <testcase classname="driver.Driver" name="executeTestcase" time="0.003"/>
  <system-out/>
  <testcase classname="driver.Driver" name="executeTestcase" time="0.002"/>
  <system-out/>
  <testcase classname="driver.Driver" name="executeTestcase" time="0.002"/>
  <system-out/>
  <testcase classname="driver.Driver" name="executeTestcase" time="0.002"/>
  <system-out/>
  <testcase classname="driver.Driver" name="executeTestcase" time="0.001"/>
  <system-out/>
  <testcase classname="driver.Driver" name="executeTestcase" time="0.003"/>
  <system-out/>
  <testcase classname="driver.Driver" name="executeTestcase" time="0.001"/>
  <system-out/>
  <testcase classname="driver.Driver" name="executeTestcase" time="0.006"/>
  <system-out/>
  <testcase classname="driver.Driver" name="executeTestcase" time="0.002"/>
  <system-out/>
  <testcase classname="driver.Driver" name="executeTestcase" time="0.002"/>
  <system-out/>
  <testcase classname="driver.Driver" name="executeTestcase" time="0.002"/>
  <system-out/>
  <testcase classname="driver.Driver" name="executeTestcase" time="0.001"/>
  <system-out/>
  <testcase classname="driver.Driver" name="executeTestcase" time="0.003"/>
  <system-out/>
  <testcase classname="driver.Driver" name="executeTestcase" time="0.003"/>
  <system-out/>
  <testcase classname="driver.Driver" name="executeTestcase" time="0.001"/>
  <system-out/>
  <testcase classname="driver.Driver" name="executeTestcase" time="0.001"/>
  <system-out/>
  <testcase classname="driver.Driver" name="executeTestcase" time="0.002"/>
  <system-out/>
  <testcase classname="driver.Driver" name="executeTestcase" time="0.002"/>
  <system-out/>
  <testcase classname="driver.Driver" name="executeTestcase" time="0.002"/>
  <system-out/>
  <testcase classname="driver.Driver" name="executeTestcase" time="0.001"/>
  <system-out/>
  <testcase classname="driver.Driver" name="executeTestcase" time="0.002"/>
  <system-out/>
  <testcase classname="driver.Driver" name="executeTestcase" time="0.001"/>
  <system-out/>
  <testcase classname="driver.Driver" name="executeTestcase" time="0.001"/>
  <system-out/>
  <testcase classname="driver.Driver" name="executeTestcase" time="0.002"/>
  <system-out/>
  <testcase classname="driver.Driver" name="executeTestcase" time="0.001"/>
  <system-out/>
  <testcase classname="driver.Driver" name="executeTestcase" time="0.001"/>
  <system-out/>
  <testcase classname="driver.Driver" name="executeTestcase" time="0.003"/>
  <system-out/>
  <testcase classname="driver.Driver" name="executeTestcase" time="0.002"/>
  <system-out/>
  <testcase classname="driver.Driver" name="executeTestcase" time="0.001"/>
  <system-out/>
  <testcase classname="driver.Driver" name="executeTestcase" time="0.001"/>
  <system-out/>
  <testcase classname="driver.Driver" name="executeTestcase" time="0.001"/>
  <system-out/>
  <testcase classname="driver.Driver" name="executeTestcase" time="0.001"/>
  <system-out/>
  <testcase classname="driver.Driver" name="executeTestcase" time="0.000"/>
  <system-out/>
  <testcase classname="driver.Driver" name="executeTestcase" time="0.002"/>
  <system-out/>
  <testcase classname="driver.Driver" name="executeTestcase" time="0.003"/>
  <system-out/>
  <testcase classname="driver.Driver" name="executeTestcase" time="0.003"/>
  <system-out/>
  <testcase classname="driver.Driver" name="executeTestcase" time="0.001"/>
  <system-out/>
  <testcase classname="driver.Driver" name="executeTestcase" time="0.005"/>
  <system-out/>
  <testcase classname="driver.Driver" name="executeTestcase" time="0.002"/>
  <system-out/>
  <testcase classname="driver.Driver" name="executeTestcase" time="0.001"/>
  <system-out/>
  <testcase classname="driver.Driver" name="executeTestcase" time="0.001"/>
  <system-out/>
  <testcase classname="driver.Driver" name="executeTestcase" time="0.001"/>
  <system-out/>
  <testcase classname="driver.Driver" name="executeTestcase" time="0.000"/>
  <system-out/>
</testsuite> <!-- driver.Driver -->
